0.271905
0.186330
0.180475
0.294856
0.060996
0.227727
0.201456
0.067817
0.150363
0.194811
0.096730
0.106059
0.109802
0.155408
0.039424
0.187476
0.074805
0.091894
0.037962
0.025864
0.057796
0.010658
0.134871
0.086295
0.052787
0.054064
0.158349
0.021661
0.023942
0.034512
0.015444
0.000000
0.000984
0.000000
0.037806
0.036274
0.000000
0.006651
0.024495
0.025169
0.016284
0.031165
0.012116
0.163263
0.021770
0.000684
0.000000
0.077626
0.000000
0.019128
0.040853
0.011936
0.000029
0.007344
0.001332
0.098083
0.017437
0.001613
0.004657
0.000000
0.049874
0.005663
0.011743
0.000000
0.006551
0.024738
0.000000
0.011347
0.000000
0.003958
0.012916
0.000000
0.024371
0.011089
0.078269
0.000307
0.000000
0.000082
0.010981
0.010799
0.013329
0.000000
0.010785
0.000000
0.011517
0.000000
0.021132
0.000000
0.014136
0.014375
0.000000
0.000000
0.000000
0.123384
0.001776
0.021090
0.010785
0.016314
0.027371
0.000006
0.000000
0.013146
0.000000
0.000223
0.000000
0.050866
0.048568
0.024301
0.050881
0.073624
0.001504
0.018327
0.039971
0.100537
0.022049
0.000000
0.000000
0.000000
0.000223
0.018238
0.000000
0.011602
0.000000
0.036362
0.005499
0.010799
0.005506
0.000010
0.006446
0.148217
0.000000
0.004359
0.106192
0.000000
0.000000
0.000000
0.074711
0.000000
0.000000
0.065984
0.010327
0.000000
0.113678
0.011802
0.000165
0.007026
0.026461
0.000000
0.000000
0.000000
0.010785
0.000000
0.000000
0.000000
0.000000
0.000000
0.000000
0.000000
0.000000
0.000000
0.000000
0.000000
0.000000
0.000000
0.032451
0.000000
0.000000
0.014069
0.010785
0.000000
0.000000
0.000000
0.000000
0.000000
0.000000
0.000000
0.000000
0.000000
0.000000
0.000000
0.000000
0.005570
0.027216
0.001700
0.001361
0.002250
0.015041
0.005189
0.000000
0.000000
0.000000
0.000000
0.000000
0.000000
0.000000
0.000000
0.000000
0.000000
0.000000
0.000000
0.000000
0.000000
0.000000
0.000000
0.000000
0.000000
0.000000
0.000000
0.010785
0.033930
0.000000
0.000000
0.000000
0.000000
0.000000
0.000031
0.000031
0.000031
0.000031
0.000031
0.001077
0.000031
0.000031
0.000031
0.010816
0.000031
0.010816
0.000031
0.000031
0.000031
0.000031
0.001268
0.000000
0.000000
0.000000
0.000000
0.016284
0.000000
0.000000
0.000000
0.000000
0.000000
0.000000
0.000000
0.000000
0.000000
0.000325
0.000000
0.000000
0.000000
0.000000
0.000000
0.000000
0.000000
0.000000
0.000000
0.000000
0.000000
0.000000
0.000000
0.012606
0.001396
0.001396
0.001042
0.062130
0.000000
0.000000
0.000000
0.000000
0.000000
0.000000
0.000000
0.000000
0.010785
0.000000
0.000000
0.000000
0.015181
0.000000
0.000000
0.000000
0.000000
0.000000
0.000000
0.000000
0.000000
0.000000
0.000000
0.026192
0.026369
0.021412
0.009540
0.000191
0.000000
0.000000
0.000000
0.001932
0.000134
0.000000
0.000000
0.000000
0.010785
0.000000
0.000000
0.000000
0.000000
0.000000
0.000000
0.000000
0.000000
0.000000
0.000000
0.000000
0.000000
0.000000
0.000000
0.000000
0.000000
0.000000
0.000000
0.000000
0.000000
0.017471
0.000951
0.001165
0.000000
0.000000
0.000000
0.000000
0.000000
0.000000
0.000000
0.000000
0.000000
0.000000
0.000000
0.011888
0.000000
0.000000
0.000000
0.000000
0.000000
0.000000
0.000000
0.000000
0.000000
0.000000
0.000000
0.000000
0.000000
0.000000
0.000000
0.000000
0.000000
0.000000
0.000000
0.000000
0.000000
0.000000
0.000000
0.000000
0.000000
0.000000
0.000000
0.010785
0.000000
0.000000
0.000000
0.022407
0.000000
0.000000
0.000000
0.000000
0.000000
0.000000
0.000000
0.000000
0.000000
0.000000
0.069723
0.040647
0.011003
0.022016
0.138633
0.122516
0.014133
0.007407
0.016206
0.063527
0.027660
0.030784
0.015637
0.016202
0.094387
0.038359
0.023818
0.000000
0.000000
0.000000
0.000000
0.000000
0.000000
0.000000
0.000000
0.000935
0.000000
0.000000
0.000000
0.000000
0.000000
0.000000
0.000000
0.000000
0.000000
0.000000
0.000000
0.000000
0.000000
0.000000
0.000159
0.000000
0.000000
0.000000
0.000000
0.000000
0.000282
0.000192
0.010785
0.005499
0.000000
0.007806
0.000192
0.000000
0.000000
0.000000
0.000000
0.000000
0.000000
0.038186
0.010785
0.000000
0.000000
0.000000
0.000000
0.021646
0.000000
0.000000
0.000000
0.000000
0.000000
0.012510
0.000000
0.000000
0.000000
0.000000
0.000000
0.000000
0.000000
0.000000
0.000000
0.000000
0.010785
0.003714
0.000006
0.004354
0.000000
0.000000
0.000000
0.000000
0.000000
0.000000
0.000000
0.000000
0.000000
0.000000
0.000000
0.000000
0.000000
0.000000
0.000000
0.000000
0.020373
0.000000
0.000000
0.010785
0.000000
0.000000
0.025047
0.000227
0.005080
0.000000
0.000000
0.000000
0.000000
0.000000
0.000000
0.000540
0.000000
0.000000
0.000000
0.000000
0.000000
0.000000
0.000000
0.000000
0.000000
0.000000
0.008084
0.000000
0.000000
0.011318
0.000745
0.121076
0.000351
0.012384
0.004324
0.129508
0.006708
0.000351
0.000000
0.000000
0.000000
0.000282
0.000000
0.000000
0.000000
0.000000
0.000000
0.000000
0.000000
0.000000
0.000000
0.000000
0.000000
0.000000
0.046989
0.034447
0.038713
0.035879
0.001578
0.010785
0.000000
0.000000
0.001431
0.000788
0.000000
0.000000
0.000000
0.000000
0.000000
0.000000
0.001240
0.000000
0.000000
0.000000
0.000000
0.000000
0.001185
0.002038
0.000309
0.000000
0.000000
0.000000
0.000000
0.000000
0.000000
0.000000
0.000000
0.000720
0.000000
0.019380
0.000000
0.000000
0.000000
0.000000
0.005813
0.000000
0.000000
0.000027
0.003040
0.014797
0.000025
0.001736
0.000000
0.000000
0.000000
0.001331
0.011919
0.011591
0.000000
0.001064
0.000000
0.000000
0.000000
0.000000
0.000000
0.001331
0.001331
0.000000
0.001331
0.000000
0.000000
0.000000
0.009911
0.000000
0.000000
0.000000
0.025471
0.030469
0.010785
0.000000
0.000000
0.000000
0.000000
0.000000
0.000000
0.000000
0.000139
0.000000
0.000000
0.000000
0.000000
0.010785
0.000000
0.000000
0.000000
0.000000
0.000000
0.000000
0.000000
0.011444
0.000000
0.000000
0.000000
0.000000
0.000000
0.010785
0.004450
0.000000
0.000000
0.000000
0.000000
0.010785
0.000000
0.000000
0.000000
0.000000
0.000000
0.018649
0.044382
0.000000
0.000000
0.000000
0.000000
0.010785
0.000000
0.000000
0.000000
0.000000
0.000000
0.001980
0.000000
0.000000
0.000000
0.000000
0.000000
0.000000
0.020600
0.000000
0.000000
0.000000
0.000000
0.008734
0.010785
0.000000
0.000000
0.014164
0.000683
0.000683
0.010785
0.073720
0.001233
0.009126
0.074715
0.015555
0.026925
0.002874
0.029044
0.037544
0.000280
0.000000
0.026303
0.000000
0.000000
0.000000
0.000000
0.012899
0.003076
0.000000
0.000000
0.000300
0.000000
0.000395
0.000000
0.010785
0.000000
0.010785
0.000000
0.000000
0.000000
0.000000
0.000000
0.000000
0.000000
0.000000
0.000000
0.000000
0.000000
0.010785
0.000000
0.015458
0.000000
0.000000
0.000000
0.000000
0.000000
0.016284
0.000162
0.000162
0.000389
0.000000
0.000000
0.000000
0.000000
0.024595
0.003651
0.000069
0.000069
0.000000
0.000000
0.000000
0.000000
0.000000
0.000000
0.000000
0.000000
0.000000
0.000000
0.000000
0.000000
0.000000
0.000000
0.000000
0.000000
0.000000
0.000000
0.000000
0.000000
0.000000
0.000000
0.039287
0.026254
0.018772
0.012398
0.006587
0.086820
0.029273
0.017000
0.006551
0.006551
0.034436
0.000251
0.016407
0.006551
0.006551
0.000000
0.000000
0.000000
0.000000
0.000000
0.004895
0.000000
0.000000
0.003721
0.000000
0.000000
0.000000
0.000000
0.000000
0.000000
0.000000
0.000439
0.000554
0.000000
0.000000
0.000665
0.022045
0.015113
0.020252
0.006677
0.019983
0.032917
0.000304
0.002026
0.000304
0.007852
0.000000
0.000000
0.000000
0.000000
0.003805
0.000088
0.000088
0.000088
0.002392
0.000088
0.002981
0.000000
0.000000
0.000000
0.000000
0.000000
0.000000
0.000000
0.000000
0.000847
0.000000
0.000000
0.000000
0.000000
0.010785
0.000000
0.000000
0.000000
0.000000
0.000000
0.003216
0.000917
0.022846
0.000000
0.000000
0.000000
0.000000
0.000000
0.000000
0.000559
0.019595
0.003158
0.031922
0.040556
0.011344
0.002335
0.000000
0.007477
0.000000
0.000280
0.000000
0.000000
0.000000
0.000000
0.000000
0.000000
0.000000
0.000080
0.000000
0.000000
0.000000
0.000000
0.000000
0.000000
0.000000
0.000000
0.000000
0.000000
0.000000
0.000000
0.000000
0.000227
0.000229
0.000229
0.000227
0.000227
0.000227
0.032532
0.011097
0.000227
0.000229
0.000229
0.000229
0.000000
0.000000
0.010749
0.000098
0.000306
0.009665
0.037685
0.018106
0.000208
0.000221
0.000098
0.000000
0.000000
0.000000
0.000000
0.000000
0.000000
0.000000
0.000000
0.000000
0.000000
0.000000
0.014295
0.000000
0.000000
0.000000
0.010123
0.000662
0.000000
0.000000
0.000320
0.000000
0.000000
0.000000
0.000000
0.000000
0.000000
0.000000
0.000000
0.000000
0.000000
0.000000
0.000000
0.000000
0.070716
0.002570
0.000316
0.000000
0.000000
0.000000
0.000000
0.000000
0.000221
0.000006
0.000006
0.000006
0.000000
0.000000
0.000000
0.000000
0.000000
0.000000
0.000000
0.000000
0.000000
0.025014
0.027265
0.001842
0.000000
0.000000
0.000000
0.000000
0.000000
0.000000
0.000000
0.000000
0.001421
0.000763
0.000000
0.000000
0.000000
0.002756
0.000014
0.000014
0.000014
0.000029
0.000014
0.003220
0.000014
0.000014
0.000014
0.000014
0.000014
0.000014
0.000054
0.000014
0.004397
0.000054
0.000000
0.000000
0.000000
0.000000
0.101920
0.079887
0.000002
0.000002
0.000002
0.000002
0.000002
0.000002
0.000002
0.000002
0.000002
0.000002
0.000002
0.000002
0.000002
0.000002
0.000002
0.000002
0.000002
0.000002
0.000002
0.000002
0.000002
0.000002
0.000002
0.000002
0.000002
0.000002
0.000002
0.000002
0.000002
0.000002
0.000002
0.000002
0.000002
0.000002
0.000002
0.000002
0.000002
0.000002
0.000002
0.000002
0.000002
0.000002
0.000002
0.000002
0.000002
0.000002
0.000002
0.000002
0.000002
0.000002
0.000002
0.000002
0.000002
0.000002
0.000002
0.000002
0.000002
0.000002
0.000002
0.000002
0.000002
0.000002
0.000002
0.000002
0.000002
0.000002
0.000002
0.000002
0.000002
0.000002
0.000002
0.000002
0.000002
0.000002
0.000002
0.000002
0.000002
0.000002
0.000002
0.000002
0.000002
0.000002
0.000000
0.000000
0.001212
0.000000
0.000000
0.000826
0.000000
0.000000
0.000000
0.000000
0.000000
0.000000
0.000125
0.000370
0.000139
0.000000
0.003396
0.007418
0.011774
0.040995
0.004396
0.014947
0.022286
0.021876
0.029580
0.000000
0.000000
0.000000
0.000000
0.000000
0.000000
0.038596
0.000000
0.000000
0.000952
0.000000
0.000000
0.000000
0.000000
0.000665
0.000493
0.000001
0.000000
0.000000
0.000000
0.000000
0.000000
0.000000
0.001511
0.029325
0.001942
0.001805
0.001740
0.012183
0.059155
0.000000
0.010785
0.000000
0.000000
0.006253
0.002115
0.001077
0.002046
0.000000
0.000000
0.000008
0.000000
0.000000
0.001734
0.000004
0.000004
0.000000
0.000000
0.000000
0.000000
0.000000
0.000000
0.000000
0.000000
0.000000
0.010785
0.000000
0.000000
0.000000
0.000000
0.000000
0.000000
0.000000
0.000000
0.000000
0.000000
0.000000
0.000000
0.000000
0.000000
0.000249
0.000000
0.000401
0.000000
0.000000
0.000000
0.000000
0.000000
0.000000
0.000000
0.000000
0.011703
0.006654
0.042295
0.006721
0.003513
0.006325
0.003468
0.003537
0.003468
0.012899
0.005945
0.028117
0.026306
0.016142
0.013275
0.002468
0.022488
0.019620
0.002115
0.002115
0.002115
0.002115
0.002115
0.002115
0.002115
0.020271
0.000000
0.000000
0.000000
0.000517
0.000000
0.000000
0.000000
0.000000
0.000000
0.000000
0.000000
0.000000
0.000000
0.015337
0.000000
0.001862
0.000000
0.000000
0.000000
0.000000
0.000000
0.000000
0.000000
0.000518
0.000000
0.000000
0.000000
0.000001
0.000000
0.000000
0.000000
0.000084
0.000000
0.000000
0.000000
0.000000
0.000000
0.000000
0.025949
0.015616
0.021471
0.017080
0.001859
0.004655
0.067100
0.035098
0.002753
0.018143
0.000000
0.010785
0.000000
0.031934
0.021149
0.016664
0.021149
0.021279
0.023435
0.024736
0.021776
0.021149
0.021149
0.024736
0.037236
0.062621
0.021228
0.001824
0.000000
0.000000
0.030288
0.012175
0.005499
0.031982
0.000000
0.000000
0.000000
0.000000
0.000000
0.000000
0.000000
0.000000
0.000000
0.000000
0.000000
0.000000
0.000000
0.000000
0.000000
0.000000
0.000000
0.000000
0.000000
0.000000
0.007226
0.000115
0.000105
0.000020
0.000029
0.000029
0.000115
0.000029
0.000029
0.000029
0.000092
0.000092
0.010876
0.029380
0.000092
0.000092
0.009073
0.000092
0.000092
0.000029
0.000029
0.000029
0.000029
0.000029
0.000000
0.000000
0.000000
0.000000
0.017817
0.000000
0.002025
0.012936
0.000928
0.000928
0.000000
0.000309
0.000000
0.000000
0.000000
0.000000
0.000000
0.000000
0.003932
0.000000
0.000015
0.000000
0.000000
0.000000
0.000000
0.003023
0.000000
0.000000
0.000000
0.000000
0.021840
0.001974
0.001974
0.001974
0.089307
0.001974
0.015628
0.002763
0.001974
0.001974
0.043829
0.002286
0.001006
0.001006
0.001006
0.001006
0.001006
0.001006
0.001006
0.000000
0.000000
0.002187
0.005878
0.000554
0.000000
0.000000
0.000000
0.000000
0.007841
0.015909
0.052255
0.013047
0.030947
0.006560
0.014713
0.002262
0.002262
0.012151
0.101991
0.013047
0.018546
0.002262
0.016771
0.037982
0.000000
0.000000
0.001160
0.000000
0.000000
0.000000
0.000000
0.000000
0.000000
0.005172
0.004061
0.000000
0.000000
0.000000
0.000000
0.000000
0.000000
0.000000
0.000000
0.000000
0.000000
0.000000
0.000000
0.000000
0.000000
0.000000
0.000000
0.000000
0.000000
0.000130
0.000000
0.000000
0.010785
0.000000
0.023406
0.000000
0.008136
0.000000
0.000000
0.000000
0.000112
0.000000
0.000000
0.000000
0.000000
0.000000
0.000000
0.000000
0.019774
0.000656
0.000000
0.000000
0.001597
0.000000
0.000000
0.000000
0.000000
0.003507
0.000000
0.022495
0.000000
0.001487
0.005499
0.011551
0.020662
0.015163
0.000000
0.000000
0.000000
0.003207
0.000000
0.000000
0.000000
0.000000
0.000000
0.000000
0.000000
0.000000
0.000000
0.000000
0.000000
0.000000
0.000000
0.008826
0.000000
0.000000
0.000000
0.000000
0.000000
0.009986
0.000000
0.000000
0.000000
0.000000
0.000000
0.000000
0.000000
0.000000
0.000000
0.000000
0.000000
0.000000
0.001499
0.000037
0.000037
0.000037
0.000037
0.000037
0.000000
0.038172
0.001577
0.000000
0.000000
0.000000
0.013756
0.000000
0.000000
0.000000
0.000497
0.000000
0.000000
0.005599
0.000000
0.009529
0.000070
0.000000
0.000000
0.000000
0.000000
0.000000
0.008787
0.000000
0.000000
0.000000
0.000000
0.000000
0.000000
0.000000
0.000000
0.000000
0.000000
0.000000
0.004742
0.000070
0.000070
0.000234
0.000788
0.000000
0.000234
0.000234
0.000000
0.015801
0.000000
0.000000
0.000000
0.000000
0.000000
0.000000
0.000000
0.007150
0.001817
0.000128
0.000347
0.000347
0.000139
0.000000
0.000339
0.000339
0.000339
0.000339
0.000339
0.004177
0.000339
0.000339
0.000339
0.000339
0.017755
0.000339
0.000339
0.000339
0.000339
0.000339
0.000339
0.000339
0.006002
0.000745
0.000000
0.000000
0.000000
0.000000
0.000000
0.000016
0.006186
0.006518
0.000016
0.000030
0.000016
0.000000
0.000000
0.000000
0.000000
0.000000
0.000000
0.000031
0.001681
0.022215
0.000031
0.000031
0.000000
0.000000
0.000000
0.000000
0.024263
0.016384
0.029475
0.007166
0.013710
0.001666
0.027582
0.001666
0.000000
0.000000
0.000000
0.000000
0.000000
0.000664
0.000000
0.000000
0.000000
0.000000
0.000000
0.000596
0.000596
0.000596
0.081856
0.002017
0.000596
0.003291
0.004704
0.000000
0.001427
0.001427
0.002850
0.011968
0.001183
0.001183
0.001183
0.001183
0.001183
0.001183
0.001183
0.001183
0.001183
0.006808
0.001607
0.011652
0.001607
0.000816
0.000816
0.006605
0.001240
0.012766
0.007039
0.006489
0.010729
0.000816
0.006535
0.006313
0.006313
0.013504
0.001240
0.006313
0.006313
0.009391
0.000816
0.000816
0.006714
0.018210
0.006042
0.001812
0.000543
0.001606
0.001606
0.001606
0.001566
0.000816
0.018067
0.001240
0.002386
0.001182
0.001097
0.010523
0.000816
0.000813
0.007607
0.006313
0.008188
0.006887
0.000816
0.012150
0.001566
0.000000
0.000000
0.000000
0.000000
0.000000
0.000000
0.000000
0.000000
0.000073
0.000000
0.000000
0.000397
0.000010
0.008066
0.000000
0.000000
0.000000
0.000000
0.000000
0.000000
0.000000
0.000000
0.000000
0.000000
0.000000
0.000000
0.000000
0.000000
0.000000
0.000000
0.000000
0.000000
0.000000
0.000000
0.000000
0.000000
0.000000
0.000000
0.000000
0.000000
0.000000
0.000000
0.000000
0.000000
0.000000
0.000000
0.000000
0.000000
0.000648
0.000001
0.000390
0.000001
0.000001
0.000408
0.002124
0.002124
0.002124
0.002124
0.002124
0.002124
0.002124
0.002124
0.002126
0.018057
0.002124
0.002124
0.002124
0.022662
0.044062
0.002124
0.002124
0.002124
0.002124
0.002124
0.002124
0.002124
0.002124
0.000000
0.000000
0.000000
0.000000
0.000000
0.000000
0.000000
0.000000
0.000000
0.000000
0.000000
0.000000
0.000000
0.000000
0.000000
0.000000
0.000000
0.007937
0.000011
0.000000
0.000011
0.000021
0.000011
0.000011
0.000011
0.000011
0.000021
0.000021
0.000011
0.000011
0.000011
0.000011
0.000011
0.000011
0.000011
0.000011
0.000011
0.000011
0.000011
0.000011
0.000021
0.000011
0.000011
0.000021
0.000021
0.000000
0.000160
0.003464
0.000313
0.000160
0.010945
0.010945
0.000684
0.000343
0.016183
0.000160
0.003639
0.000160
0.002097
0.000000
0.000000
0.000000
0.000626
0.003795
0.000000
0.000000
0.000000
0.000000
0.000000
0.000586
0.002008
0.000604
0.051494
0.000000
0.000000
0.000000
0.011347
0.000870
0.007775
0.005341
0.000000
0.000000
0.103795
0.000000
0.000156
0.006372
0.009829
0.026213
0.008659
0.000000
0.000699
0.000354
0.000000
0.002426
0.001584
0.000000
0.019147
0.000000
0.001112
0.004549
0.000130
0.000000
0.091794
0.000000
0.000000
0.008517
0.000000
0.000000
0.002452
0.000106
0.000000
0.000000
0.000000
0.025686
0.000000
0.015659
0.000000
0.006366
0.002737
0.000024
0.000000
0.008859
0.000000
0.000155
0.000000
0.008309
0.000000
0.000161
0.031505
0.000058
0.000000
0.072927
0.000000
0.000000
0.000018
0.000000
0.042351
0.000000
0.000111
0.000000
0.000062
0.000000
0.000009
0.000000
0.059261
0.000000
0.000000
0.000547
0.000000
0.000019
0.002357
0.000000
0.000926
0.052108
0.110846
0.025072
0.000000
0.000000
0.000000
0.002569
0.000000
0.000000
0.026015
0.000000
0.000045
0.000073
0.000000
0.000000
0.000000
0.028182
0.000000
0.063389
0.000000
0.000000
0.000000
0.007188
0.000000
0.018834
0.000000
0.000000
0.000000
0.000004
0.000000
0.000000
0.004049
0.000000
0.000000
0.001034
0.001362
0.000000
0.000000
0.001312
0.000656
0.000000
0.000000
0.000169
0.000058
0.009727
0.009495
0.000000
0.000456
0.000000
0.000000
0.000856
0.046690
0.000000
0.016705
0.010322
0.000288
0.000000
0.000029
0.029758
0.000295
0.000000
0.004482
0.000000
0.000158
0.000000
0.016421
0.000000
0.000000
0.018897
0.015515
0.009702
0.040972
0.101561
0.030524
0.037032
0.069944
0.009702
0.018195
0.024315
0.028691
0.029138
0.014720
0.019261
0.015345
0.011567
0.009702
0.089153
0.018603
0.009702
0.033792
0.085523
0.039929
0.027372
0.016704
0.014991
0.007206
0.007859
0.020235
0.068776
0.051114
0.022292
0.034356
0.021532
0.000000
0.000000
0.000000
0.000000
0.000000
0.000000
0.103795
0.001212
0.024564
0.018978
0.006649
0.012315
0.111064
0.008900
0.006649
0.044209
0.043249
0.007526
0.034143
0.022468
0.006649
0.039415
0.028503
0.016888
0.006649
0.037164
0.040197
0.051693
0.302245
0.008900
0.017297
0.007531
0.085963
0.083620
0.006440
0.006440
0.006440
0.006440
0.006440
0.006440
0.006440
0.007692
0.006440
0.006440
0.006440
0.006440
0.006440
0.006440
0.029803
0.006440
0.000000
0.019174
0.006512
0.006440
0.009935
0.016514
0.052012
0.039138
0.006440
0.010888
0.015341
0.039830
0.006440
0.027819
0.008646
0.000000
0.025167
0.019323
0.006440
0.093925
0.011767
0.017552
0.011018
0.036023
0.078356
0.010077
0.006785
0.006440
0.027250
0.000000
0.000000
0.000000
0.000000
0.000000
0.018930
0.021373
0.016681
0.039810
0.010720
0.010521
0.010521
0.025085
0.018954
0.010521
0.023581
0.012273
0.018500
0.051537
0.010521
0.015142
0.011801
0.044936
0.013877
0.021476
0.010521
0.006440
0.012964
0.003147
0.000803
0.006422
0.000000
0.000000
0.007628
0.014500
0.018991
0.002343
0.000000
0.010302
0.007465
0.014129
0.005425
0.016320
0.002176
0.000000
0.021310
0.002176
0.016500
0.021354
0.022592
0.007465
0.100760
0.000426
0.022226
0.037330
0.000000
0.010221
0.014716
0.003745
0.020419
0.004745
0.000072
0.000000
0.000000
0.000000
0.000000
0.000000
0.000000
0.000396
0.008126
0.010976
0.025508
0.001235
0.004224
0.008236
0.000505
0.026331
0.004320
0.008126
0.010792
0.001511
0.011061
0.000585
0.015629
0.013108
0.013937
0.008336
0.032893
0.001055
0.013134
0.026506
0.009528
0.015699
0.000623
0.004642
0.009495
0.000644
0.013767
0.011716
0.007188
0.008483
0.001733
0.000450
0.007188
0.000522
0.009615
0.011903
0.011511
0.031334
0.003977
0.000450
0.008364
0.003368
0.007853
0.009053
0.014787
0.005818
0.035889
0.013486
0.000000
0.000000
0.000000
0.000000
0.000000
0.000000
0.000000
0.000000
0.000000
0.000159
0.000000
0.000000
0.011404
0.000274
0.000000
0.000000
0.001229
0.003561
0.002420
0.002420
0.002420
0.036570
0.012267
0.004442
0.003298
0.003391
0.002420
0.003700
0.021532
0.019813
0.018622
0.003391
0.003391
0.208873
0.008526
0.003822
0.023626
0.039119
0.002420
0.020984
0.000000
0.007709
0.002442
0.024126
0.037928
0.003298
0.000000
0.000000
0.000000
0.000000
0.000644
0.000000
0.000000
0.007230
0.008216
0.006010
0.006079
0.000292
0.005365
0.005372
0.083278
0.012055
0.064919
0.093528
0.029004
0.095826
0.029004
0.007910
0.005365
0.005372
0.023048
0.000000
0.005980
0.002851
0.057227
0.064434
0.087367
0.007980
0.005365
0.005710
0.031713
0.006813
0.127209
0.000000
0.000000
0.000000
0.006960
0.010459
0.001252
0.007218
0.025657
0.006951
0.007717
0.009880
0.006951
0.008473
0.011068
0.008677
0.006997
0.010968
0.006951
0.001252
0.010920
0.026673
0.010685
0.006951
0.006951
0.025782
0.000000
0.000000
0.000000
0.006667
0.028832
0.003902
0.005806
0.003452
0.033347
0.010651
0.053362
0.003452
0.004218
0.021743
0.004218
0.088818
0.027572
0.020324
0.057596
0.039396
0.024575
0.004378
0.004378
0.079628
0.004973
0.000000
0.010189
0.031032
0.093966
0.021438
0.000000
0.000000
0.005013
0.000130
0.015199
0.014805
0.006051
0.017374
0.000011
0.003784
0.004210
0.008067
0.018128
0.003784
0.010367
0.004383
0.028503
0.007712
0.000000
0.000000
0.000926
0.000000
0.000000
0.071041
0.125690
0.070180
0.080461
0.106636
0.003918
0.040682
0.018484
0.101561
0.037441
0.037300
0.154118
0.055350
0.070180
0.045350
0.013878
0.089125
0.093966
0.000000
0.000000
0.014478
0.014494
0.008407
0.000636
0.058220
0.002666
0.006657
0.002267
0.040116
0.001450
0.039860
0.001450
0.063209
0.092944
0.003784
0.032514
0.012198
0.107355
0.079628
0.015129
0.007088
0.006690
0.000000
0.006690
0.006690
0.009930
0.000000
0.001026
0.007616
0.008091
0.007464
0.018468
0.007616
0.006690
0.006690
0.017373
0.000000
0.000000
0.011904
0.000000
0.019183
0.013151
0.000045
0.000000
0.002837
0.000354
0.002669
0.000000
0.044112
0.042595
0.008961
0.060938
0.012472
0.009121
0.014500
0.000354
0.035415
0.122705
0.002669
0.000354
0.016608
0.086217
0.000000
0.000000
0.000000
0.015406
0.003279
0.003279
0.003279
0.003279
0.091794
0.003000
0.103044
0.051688
0.003279
0.092045
0.219754
0.000000
0.001355
0.038235
0.003496
0.004085
0.053303
0.011397
0.001355
0.002176
0.001355
0.040109
0.063114
0.000888
0.015522
0.018438
0.002203
0.063592
0.018629
0.002555
0.003081
0.001006
0.039179
0.008409
0.015302
0.007501
0.002062
0.002062
0.002728
0.002062
0.036302
0.042433
0.005557
0.005557
0.002062
0.007009
0.000000
0.000000
0.003676
0.002062
0.002851
0.000000
0.000000
0.000000
0.000000
0.000076
0.000000
0.000000
0.000000
0.000000
0.000000
0.000000
0.000000
0.006487
0.000380
0.000000
0.003231
0.001860
0.000380
0.000380
0.028069
0.000000
0.004813
0.011438
0.031370
0.062841
0.071907
0.038057
0.064436
0.044757
0.009296
0.001008
0.009915
0.011067
0.007058
0.011850
0.041981
0.000000
0.006326
0.003079
0.017667
0.015404
0.048654
0.011233
0.041981
0.003079
0.009517
0.004016
0.024385
0.002851
0.000000
0.004215
0.000000
0.000000
0.082517
0.020179
0.015554
0.000130
0.000130
0.000878
0.001942
0.001942
0.014125
0.018491
0.038866
0.008231
0.000866
0.005650
0.018373
0.017493
0.005650
0.007515
0.022444
0.010436
0.002851
0.003984
0.003220
0.008543
0.007713
0.016612
0.005650
0.017423
0.009427
0.012606
0.000000
0.000000
0.000000
0.000000
0.000000
0.000001
0.000000
0.000000
0.000000
0.000000
0.000000
0.000000
0.000000
0.000000
0.000000
0.008373
0.002637
0.001249
0.018146
0.002232
0.062319
0.016207
0.017396
0.050697
0.001231
0.002392
0.001231
0.001231
0.012032
0.001524
0.002392
0.008299
0.023031
0.005552
0.003551
0.002154
0.000072
0.009970
0.000000
0.000000
0.000000
0.000000
0.000000
0.000000
0.000000
0.000000
0.027126
0.000000
0.000000
0.002631
0.000000
0.000000
0.000000
0.000000
0.004287
0.000000
0.000000
0.001349
0.002310
0.001349
0.001349
0.006583
0.001294
0.040545
0.000000
0.000000
0.000000
0.000000
0.000000
0.000000
0.027738
0.000849
0.020553
0.003803
0.000310
0.006786
0.000000
0.000159
0.000000
0.000874
0.000946
0.000874
0.001034
0.004909
0.000898
0.000000
0.000000
0.037528
0.000000
0.000000
0.000000
0.000000
0.000000
0.001112
0.002273
0.001112
0.001112
0.001115
0.001112
0.001112
0.006760
0.003963
0.001112
0.000000
0.001333
0.001333
0.001115
0.001112
0.001112
0.001112
0.001112
0.001112
0.001112
0.001112
0.001112
0.001112
0.001112
0.000000
0.000000
0.000008
0.000008
0.000000
0.000041
0.000000
0.000000
0.000000
0.000000
0.000000
0.000000
0.000000
0.006270
0.000000
0.000000
0.000000
0.000000
0.000000
0.000000
0.000000
0.000000
0.000000
0.005826
0.005826
0.005837
0.015957
0.006744
0.005826
0.012777
0.011410
0.010892
0.009837
0.005833
0.047203
0.006203
0.013694
0.006752
0.000000
0.000361
0.020032
0.005179
0.031811
0.011298
0.000777
0.006951
0.001846
0.002417
0.000310
0.007611
0.013164
0.021655
0.126004
0.016320
0.000000
0.000024
0.000894
0.000000
0.000000
0.002851
0.022003
0.006781
0.006781
0.002770
0.000000
0.000000
0.000000
0.000000
0.000000
0.005387
0.000000
0.001442
0.002199
0.007577
0.008309
0.008309
0.008309
0.009584
0.004320
0.000000
0.000058
0.103044
0.001883
0.001883
0.001846
0.001458
0.001588
0.000130
0.000000
0.000000
0.043302
0.000781
0.043302
0.000161
0.000161
0.000161
0.000161
0.000000
0.000002
0.000002
0.000002
0.000002
0.000002
0.000002
0.000002
0.000000
0.000000
0.000000
0.000000
0.000000
0.000161
0.000421
0.000161
0.000381
0.000000
0.000505
0.000053
0.000000
0.000000
0.000000
0.000000
0.000000
0.000000
0.000000
0.000130
0.000000
0.000000
0.000000
0.000000
0.000000
0.000000
0.000000
0.000000
0.000000
0.000000
0.000000
0.000000
0.000000
0.000000
0.000000
0.000000
0.000000
0.000000
0.000000
0.000000
0.000000
0.000000
0.000000
0.000000
0.000000
0.000000
0.000000
0.000000
0.000000
0.000000
0.000000
0.000000
0.000000
0.000000
0.000000
0.000000
0.000000
0.000000
0.000000
0.000000
0.000000
0.000000
0.000000
0.000000
0.000000
0.000000
0.000000
0.000000
0.000000
0.000000
0.000000
0.000000
0.000000
0.000000
0.000000
0.000000
0.000000
0.000000
0.000000
0.000000
0.000000
0.000000
0.000000
0.000000
0.000000
0.000000
0.000000
0.000000
0.000000
0.000000
0.000000
0.000000
0.000000
0.004056
0.000058
0.006695
0.003500
0.003500
0.000000
0.003500
0.009596
0.003500
0.001329
0.003504
0.003500
0.000000
0.052754
0.049039
0.007284
0.002755
0.000000
0.029758
0.000000
0.000000
0.000000
0.000000
0.000000
0.000000
0.003593
0.000622
0.000758
0.003912
0.010882
0.000058
0.013813
0.000166
0.002521
0.002062
0.003060
0.003560
0.003497
0.020734
0.002851
0.000000
0.000000
0.012138
0.023161
0.016482
0.003552
0.019926
0.083425
0.000000
0.000000
0.000000
0.000000
0.000000
0.000000
0.000764
0.012083
0.059705
0.010073
0.076848
0.000000
0.018126
0.000000
0.000000
0.000000
0.000000
0.000000
0.000000
0.000223
0.000000
0.000000
0.000000
0.000125
0.005234
0.000883
0.006558
0.048469
0.025049
0.030084
0.011017
0.000883
0.028056
0.026207
0.001481
0.001833
0.002747
0.056452
0.000000
0.000000
0.000000
0.000000
0.000000
0.000000
0.000000
0.000000
0.000000
0.000000
0.000000
0.000405
0.000000
0.000000
0.000000
0.000000
0.014716
0.000000
0.000361
0.000000
0.000000
0.000865
0.000000
0.004636
0.000000
0.000000
0.000000
0.000000
0.000000
0.000000
0.000000
0.004320
0.000000
0.000000
0.000000
0.000000
0.000000
0.000000
0.002631
0.002631
0.002631
0.002631
0.002631
0.002631
0.002631
0.000000
0.033407
0.005572
0.002276
0.000000
0.000000
0.000000
0.000000
0.000000
0.000000
0.000000
0.000000
0.000000
0.000000
0.003272
0.002088
0.000000
0.000000
0.000000
0.000000
0.000000
0.000000
0.000000
0.000000
0.000000
0.001837
0.001837
0.000018
0.000000
0.002793
0.002793
0.002793
0.000037
0.000000
0.000000
0.000000
0.000000
0.000000
0.000000
0.000000
0.000000
0.000926
0.000000
0.000000
0.000000
0.001816
0.000000
0.000000
0.000000
0.003495
0.005509
0.110846
0.000000
0.000000
0.000000
0.000000
0.000005
0.000000
0.000000
0.000000
0.000000
0.000000
0.000000
0.000000
0.000000
0.000000
0.000000
0.000385
0.119319
0.001362
0.000000
0.000000
0.000000
0.032631
0.000000
0.000000
0.000000
0.000000
0.000000
0.000000
0.000000
0.000000
0.000000
0.000000
0.000000
0.000000
0.000000
0.000000
0.000000
0.000000
0.000000
0.000000
0.000000
0.000012
0.000277
0.000277
0.000012
0.000000
0.000000
0.000272
0.000000
0.000012
0.000012
0.000000
0.000000
0.000000
0.000024
0.000000
0.000000
0.000000
0.000000
0.000000
0.000012
0.000012
0.000012
0.000012
0.000012
0.000000
0.000000
0.000000
0.006630
0.005943
0.006032
0.000000
0.000000
0.027916
0.029316
0.000000
0.000000
0.000000
0.000000
0.000000
0.000000
0.000000
0.000000
0.060938
0.004451
0.004403
0.010796
0.057596
0.051737
0.022931
0.021630
0.072373
0.019278
0.015694
0.000836
0.000000
0.000000
0.000000
0.000000
0.000000
0.000000
0.000000
0.000000
0.000000
0.000000
0.000000
0.000000
0.000000
0.061807
0.000000
0.000000
0.000000
0.020508
0.000000
0.009956
0.000000
0.000922
0.000000
0.000000
0.003690
0.004967
0.003690
0.000340
0.000000
0.000000
0.000000
0.000000
0.000000
0.000000
0.000000
0.000000
0.001584
0.002426
0.000000
0.000000
0.000000
0.001362
0.000062
0.000000
0.000000
0.000280
0.000977
0.007666
0.000000
0.000000
0.000000
0.000159
0.000000
0.000000
0.000000
0.000000
0.000000
0.000000
0.000000
0.000000
0.000000
0.000000
0.000000
0.000000
0.000000
0.000000
0.000000
0.000000
0.000000
0.001815
0.001815
0.001815
0.001815
0.000000
0.016320
0.001815
0.012965
0.021247
0.035310
0.001815
0.008591
0.001820
0.007643
0.001820
0.000000
0.001733
0.003575
0.001733
0.001733
0.001733
0.000000
0.001816
0.007903
0.000000
0.000292
0.017759
0.025508
0.001816
0.016983
0.009642
0.028353
0.001851
0.002754
0.001851
0.001816
0.007112
0.000000
0.000159
0.000000
0.000000
0.002627
0.003856
0.022819
0.020337
0.002627
0.008811
0.012704
0.002627
0.002627
0.044936
0.000054
0.000054
0.001283
0.000346
0.000054
0.004931
0.008382
0.006238
0.001283
0.000054
0.004065
0.000054
0.000054
0.000000
0.000684
0.000654
0.003513
0.013345
0.003159
0.001883
0.047046
0.003513
0.026028
0.005818
0.000654
0.011175
0.053303
0.000000
0.000000
0.000000
0.000000
0.000000
0.030207
0.000000
0.007796
0.003587
0.014621
0.016926
0.000159
0.003587
0.002009
0.006075
0.000000
0.000787
0.000000
0.000000
0.002022
0.000000
0.000000
0.000654
0.000340
0.000003
0.000340
0.000654
0.000340
0.000654
0.000654
0.000654
0.000003
0.000654
0.000000
0.000656
0.000000
0.000654
0.000656
0.000008
0.000000
0.000000
0.000000
0.000000
0.016696
0.000025
0.000000
0.000000
0.003590
0.000000
0.000030
0.015589
0.000669
0.000030
0.029004
0.029004
0.023639
0.029737
0.000000
0.000000
0.000000
0.000000
0.000000
0.001677
0.000000
0.000000
0.000000
0.000000
0.000000
0.000000
0.000000
0.000000
0.000815
0.000000
0.000000
0.000000
0.000000
0.000000
0.000000
0.000000
0.000000
0.000000
0.000000
0.000000
0.103044
0.001297
0.162904
0.032651
0.001931
0.000000
0.000000
0.000000
0.000000
0.000000
0.000000
0.000386
0.000196
0.000288
0.000000
0.000000
0.000000
0.000000
0.000000
0.001121
0.000000
0.000000
0.000230
0.004577
0.000302
0.001508
0.000000
0.000000
0.010507
0.000000
0.016643
0.000000
0.000000
0.000000
0.011765
0.011276
0.007890
0.010763
0.005289
0.005325
0.006965
0.027212
0.005289
0.000000
0.000000
0.000000
0.000000
0.000000
0.012559
0.000000
0.000000
0.000000
0.000000
0.000291
0.005115
0.004864
0.006434
0.006306
0.004864
0.005790
0.004864
0.004864
0.004864
0.004864
0.004864
0.004864
0.004864
0.005035
0.004529
0.005943
0.004529
0.005038
0.003571
0.000000
0.003157
0.002921
0.000000
0.000000
0.007703
0.005036
0.004113
0.000000
0.000000
0.006807
0.003580
0.000256
0.002921
0.005238
0.004931
0.010237
0.000000
0.010507
0.000000
0.001542
0.002921
0.003177
0.000000
0.000000
0.000000
0.002921
0.002921
0.003337
0.000000
0.000000
0.000000
0.000000
0.000000
0.005778
0.000000
0.002921
0.000000
0.002921
0.003460
0.000000
0.000000
0.006815
0.011136
0.000767
0.008953
0.002050
0.005354
0.003789
0.009364
0.000000
0.005353
0.006221
0.006640
0.000000
0.000000
0.000000
0.000000
0.000000
0.000000
0.000000
0.000000
0.000000
0.000000
0.000000
0.000000
0.000000
0.000000
0.000000
0.000000
0.000000
0.000000
0.000000
0.000000
0.000000
0.000000
0.000000
0.000000
0.000000
0.000000
0.000000
0.000000
0.000000
0.000000
0.000000
0.000000
0.000000
0.000000
0.000000
0.000000
0.000000
0.000000
0.000000
0.000000
0.000000
0.000000
0.000000
0.000000
0.000000
0.000000
0.000000
0.000000
0.000000
0.000000
0.000000
0.000000
0.000000
0.000000
0.000000
0.000000
0.004636
0.000000
0.000000
0.000000
0.000000
0.000000
0.000000
0.000000
0.000001
0.016558
0.002851
0.002666
0.001084
0.002666
0.002666
0.009469
0.010242
0.002666
0.008316
0.002666
0.002666
0.002666
0.014576
0.005189
0.002666
0.002666
0.000000
0.000000
0.000288
0.000000
0.000000
0.000000
0.000000
0.000000
0.000000
0.000000
0.000000
0.000000
0.000000
0.000000
0.000000
0.000157
0.000000
0.000000
0.000000
0.000000
0.000000
0.000000
0.000000
0.000000
0.000000
0.000000
0.000000
0.000000
0.000000
0.000000
0.000000
0.000801
0.000000
0.000000
0.000000
0.000000
0.000000
0.000000
0.000000
0.000000
0.000000
0.000000
0.000368
0.005857
0.031502
0.000000
0.000000
0.004056
0.004056
0.004056
0.004056
0.021006
0.000000
0.000000
0.000000
0.000000
0.004627
0.000006
