0.002729
0.001602
0.021493
0.002529
0.001334
0.002259
0.002265
0.001239
0.001441
0.001767
0.001053
0.001116
0.000438
0.000485
0.000153
0.002581
0.000753
0.000674
0.000502
0.000972
0.001119
0.000494
0.000457
0.000765
0.000173
0.000362
0.001604
0.000304
0.000222
0.000802
0.000113
0.000188
0.000104
0.000095
0.000402
0.000509
0.000282
0.000221
0.000371
0.000313
0.000099
0.003252
0.000137
0.001105
0.000432
0.000243
0.000095
0.000397
0.000282
0.000194
0.000610
0.000134
0.000131
0.000102
0.000104
0.001072
0.000305
0.000266
0.000600
0.000095
0.000264
0.000136
0.000193
0.000764
0.000107
0.000871
0.000095
0.000272
0.000657
0.000130
0.000185
0.000095
0.000139
0.000105
0.000526
0.000132
0.000095
0.000126
0.000115
0.000190
0.000187
0.000095
0.000096
0.000095
0.000112
0.000188
0.000347
0.000188
0.000101
0.000110
0.000188
0.000188
0.000188
0.000712
0.000122
0.000272
0.000096
0.000103
0.000276
0.000422
0.000095
0.000112
0.000095
0.000111
0.000095
0.001064
0.000734
0.000352
0.001195
0.000792
0.000902
0.000580
0.000184
0.001006
0.000199
0.000188
0.000095
0.000282
0.000204
0.000097
0.000095
0.000250
0.000095
0.000260
0.000097
0.000143
0.000191
0.000422
0.000321
0.002081
0.000282
0.000152
0.000670
0.000095
0.000282
0.000095
0.001390
0.000095
0.000095
0.001488
0.000235
0.000095
0.001117
0.000106
0.000235
0.000177
0.000120
0.000095
0.000095
0.000095
0.000096
0.000095
0.000095
0.000095
0.000095
0.000095
0.000095
0.000095
0.000095
0.000095
0.000095
0.000095
0.000095
0.000095
0.000156
0.000095
0.000095
0.000100
0.000096
0.000095
0.000095
0.000095
0.000095
0.000095
0.000095
0.000095
0.000095
0.000095
0.000095
0.000095
0.000095
0.000163
0.000523
0.000113
0.000162
0.000109
0.000551
0.000540
0.000095
0.000095
0.000095
0.000095
0.000095
0.000095
0.000095
0.000095
0.000095
0.000095
0.000095
0.000095
0.000095
0.000095
0.000095
0.000095
0.000095
0.000095
0.000095
0.000095
0.000096
0.000313
0.000095
0.000095
0.000095
0.000095
0.000095
0.001347
0.001347
0.001347
0.001347
0.001347
0.001367
0.001347
0.001347
0.001347
0.001349
0.001709
0.001349
0.001347
0.001347
0.001347
0.001347
0.001751
0.000095
0.000095
0.000095
0.000095
0.000099
0.000095
0.000095
0.000095
0.000095
0.000095
0.000095
0.000095
0.000095
0.000095
0.000126
0.000095
0.000095
0.000095
0.000095
0.000095
0.000095
0.000095
0.000095
0.000095
0.000095
0.000095
0.000095
0.000095
0.001163
0.000617
0.000617
0.000668
0.000409
0.000095
0.000095
0.000095
0.000095
0.000095
0.000095
0.000095
0.000095
0.000096
0.000095
0.000095
0.000095
0.000233
0.000095
0.000095
0.000095
0.000095
0.000095
0.000095
0.000095
0.000095
0.000095
0.000095
0.000704
0.000441
0.001066
0.000482
0.000315
0.000095
0.000095
0.000095
0.000117
0.000126
0.000095
0.000095
0.000095
0.000096
0.000095
0.000095
0.000095
0.000095
0.000095
0.000095
0.000095
0.000095
0.000095
0.000095
0.000095
0.000095
0.000095
0.000291
0.000095
0.000095
0.000095
0.000095
0.000095
0.000095
0.000203
0.000196
0.000105
0.001382
0.000095
0.001307
0.000095
0.000095
0.000095
0.000095
0.000095
0.000095
0.000095
0.000095
0.000141
0.000095
0.000095
0.000095
0.000095
0.000095
0.000095
0.000095
0.000095
0.000095
0.000095
0.000095
0.000095
0.000095
0.000095
0.000095
0.000095
0.000095
0.000095
0.000095
0.000095
0.000095
0.000095
0.000095
0.000095
0.000095
0.000095
0.000095
0.000096
0.000095
0.000095
0.000095
0.000284
0.000095
0.000095
0.000095
0.000095
0.000095
0.000095
0.000188
0.000095
0.000095
0.000095
0.000399
0.000693
0.000149
0.000237
0.000762
0.000315
0.000178
0.000146
0.000242
0.000792
0.000175
0.000201
0.000179
0.000185
0.000721
0.000318
0.000182
0.000095
0.000095
0.000095
0.000095
0.000095
0.000095
0.000095
0.000095
0.000100
0.000095
0.000095
0.000095
0.000095
0.000095
0.000095
0.000095
0.000095
0.000095
0.000095
0.000095
0.000095
0.000095
0.000095
0.000118
0.000095
0.000095
0.000095
0.000095
0.000095
0.000118
0.000141
0.000096
0.000097
0.000095
0.000153
0.000173
0.000095
0.000095
0.000095
0.000095
0.000095
0.000095
0.000158
0.000096
0.000095
0.000095
0.000095
0.000095
0.000252
0.000095
0.000095
0.000095
0.000095
0.000095
0.000170
0.000095
0.000095
0.000095
0.000095
0.000095
0.000095
0.000095
0.000095
0.000095
0.000095
0.000096
0.000110
0.000970
0.000981
0.000095
0.000095
0.000095
0.000095
0.000095
0.000095
0.000095
0.000095
0.000095
0.000095
0.000095
0.000095
0.000095
0.000095
0.000095
0.000095
0.000119
0.000095
0.000095
0.000096
0.000095
0.000095
0.000826
0.000355
0.000404
0.000095
0.000095
0.000095
0.000095
0.000095
0.000095
0.000179
0.000095
0.000095
0.000095
0.000095
0.000095
0.000095
0.000095
0.000095
0.000095
0.000095
0.000152
0.000095
0.000095
0.000144
0.000246
0.001261
0.000233
0.000254
0.000429
0.000949
0.000249
0.000233
0.000095
0.000095
0.000095
0.000113
0.000095
0.000095
0.000095
0.000095
0.000095
0.000095
0.000095
0.000095
0.000095
0.000095
0.000095
0.000095
0.000857
0.000532
0.000383
0.000847
0.000134
0.000096
0.000095
0.000095
0.000104
0.000160
0.000095
0.000095
0.000095
0.000095
0.000095
0.000095
0.000257
0.000095
0.000095
0.000095
0.000095
0.000095
0.000163
0.000218
0.000215
0.000095
0.000095
0.000095
0.000095
0.000095
0.000095
0.000095
0.000095
0.000108
0.000095
0.000126
0.000095
0.000095
0.000095
0.000095
0.000096
0.000095
0.000095
0.000141
0.000940
0.000878
0.000734
0.001020
0.000095
0.000095
0.000095
0.000351
0.000432
0.000219
0.000095
0.000312
0.000095
0.000095
0.000095
0.000095
0.000095
0.000351
0.000351
0.000095
0.000351
0.000095
0.000095
0.000095
0.001142
0.000095
0.000095
0.000095
0.000114
0.000182
0.000096
0.000095
0.000095
0.000095
0.000095
0.000095
0.000095
0.000095
0.000113
0.000095
0.000095
0.000095
0.000095
0.000096
0.000429
0.000429
0.000095
0.000095
0.000095
0.000095
0.000095
0.000106
0.000095
0.000095
0.000095
0.000095
0.000095
0.000096
0.002281
0.000095
0.000095
0.000095
0.000095
0.000096
0.000095
0.000095
0.000095
0.000095
0.000095
0.000220
0.001347
0.000095
0.000095
0.000095
0.000095
0.000096
0.000095
0.000095
0.000095
0.000095
0.000095
0.000134
0.000095
0.000095
0.000095
0.000095
0.000095
0.000095
0.000107
0.000095
0.000095
0.000095
0.000095
0.000102
0.000096
0.000095
0.000095
0.177662
0.000127
0.000127
0.000096
0.000395
0.000143
0.000260
0.000662
0.000267
0.000215
0.000160
0.000233
0.000208
0.000118
0.000095
0.000247
0.000095
0.000095
0.000095
0.000095
0.000099
0.000098
0.000095
0.000095
0.000126
0.000095
0.000108
0.000095
0.000096
0.000095
0.000096
0.000095
0.000095
0.000095
0.000095
0.000095
0.000095
0.000095
0.000095
0.000095
0.000095
0.000095
0.000096
0.000095
0.000104
0.000095
0.000095
0.000095
0.000095
0.000095
0.000099
0.000137
0.000137
0.000113
0.000095
0.000095
0.000095
0.000095
0.066672
0.066619
0.000126
0.000126
0.000095
0.000095
0.000095
0.000095
0.000095
0.000095
0.000095
0.000095
0.000095
0.000095
0.000095
0.000095
0.000095
0.000095
0.000095
0.000095
0.000095
0.000095
0.000095
0.000095
0.000095
0.000095
0.000426
0.000120
0.000163
0.000118
0.000154
0.000365
0.000308
0.000126
0.000107
0.000107
0.000439
0.000157
0.000395
0.000107
0.000107
0.000095
0.000095
0.000095
0.000095
0.000095
0.000180
0.000095
0.000095
0.000147
0.000095
0.000095
0.000095
0.000095
0.000095
0.000095
0.000095
0.000126
0.000101
0.000095
0.000095
0.000108
0.000105
0.000492
0.000101
0.000227
0.000140
0.000156
0.000104
0.000511
0.000104
0.000345
0.000095
0.000281
0.000095
0.000095
0.000099
0.000110
0.000110
0.000110
0.000247
0.000110
0.000496
0.000095
0.000095
0.000095
0.000095
0.000095
0.000095
0.000095
0.000421
0.000147
0.000095
0.000141
0.000095
0.000095
0.000096
0.000095
0.000095
0.000095
0.000095
0.000095
0.000145
0.000140
0.001019
0.000095
0.000095
0.000095
0.000095
0.000095
0.000095
0.000105
0.000162
0.000124
0.000329
0.000256
0.000107
0.000147
0.000095
0.000351
0.000095
0.000118
0.000095
0.000095
0.000095
0.000095
0.000095
0.000095
0.000095
0.000188
0.000095
0.000095
0.000095
0.000095
0.000095
0.000095
0.000095
0.000095
0.000095
0.000095
0.000095
0.000095
0.000095
0.000104
0.000155
0.000155
0.000104
0.000207
0.000258
0.000748
0.000368
0.000104
0.000155
0.000155
0.000155
0.000095
0.000095
0.000272
0.000251
0.000298
0.000771
0.000445
0.000445
0.000141
0.000118
0.000251
0.000095
0.000095
0.000095
0.000095
0.000095
0.000095
0.000095
0.000095
0.000095
0.000095
0.000095
0.000164
0.000095
0.000095
0.000095
0.001184
0.000890
0.000095
0.000095
0.000219
0.000095
0.000095
0.000095
0.000095
0.000095
0.000095
0.000095
0.000095
0.000095
0.000095
0.000095
0.000335
0.000095
0.000449
0.000128
0.000113
0.000095
0.000095
0.000095
0.000095
0.000095
0.000118
0.000164
0.000164
0.000164
0.000095
0.000095
0.000095
0.000095
0.000095
0.000095
0.000095
0.000095
0.000095
0.000365
0.000246
0.000254
0.000095
0.000095
0.000095
0.000095
0.000095
0.000095
0.000095
0.000095
0.000099
0.000118
0.000095
0.000095
0.000095
0.000103
0.000100
0.000100
0.000100
0.000131
0.000100
0.000109
0.000100
0.000100
0.000100
0.000100
0.000100
0.000100
0.001039
0.000100
0.000548
0.000338
0.000095
0.000095
0.000095
0.000095
0.001899
0.180109
0.000098
0.000098
0.000098
0.000098
0.000099
0.000098
0.000099
0.000099
0.000098
0.000098
0.000099
0.000099
0.000099
0.000099
0.000099
0.000099
0.000099
0.000099
0.000099
0.000099
0.000099
0.000099
0.000099
0.000099
0.000099
0.000099
0.000099
0.000099
0.000099
0.000099
0.000099
0.000099
0.000099
0.000099
0.000099
0.000099
0.000099
0.000099
0.000099
0.000099
0.000099
0.000099
0.000099
0.000099
0.000099
0.000099
0.000099
0.000099
0.000099
0.000099
0.000099
0.000099
0.000099
0.000099
0.000099
0.000099
0.000099
0.000099
0.000099
0.000099
0.000099
0.000099
0.000099
0.000099
0.000099
0.000099
0.000099
0.000099
0.000099
0.000099
0.000099
0.000099
0.000099
0.000099
0.000099
0.000099
0.000099
0.000099
0.000099
0.000098
0.000098
0.000099
0.000095
0.000095
0.000202
0.000095
0.000095
0.000113
0.000095
0.000095
0.000095
0.000095
0.000095
0.000095
0.000141
0.000106
0.000157
0.000095
0.000125
0.000142
0.000159
0.000125
0.000193
0.000298
0.001069
0.000725
0.001504
0.000095
0.000095
0.000095
0.000095
0.000095
0.000095
0.000398
0.000095
0.000095
0.000121
0.000095
0.000095
0.000095
0.000095
0.000108
0.000198
0.000141
0.000095
0.000095
0.000095
0.000095
0.000095
0.000095
0.000101
0.000164
0.000120
0.000132
0.000252
0.000231
0.000264
0.000095
0.000096
0.000095
0.000095
0.000275
0.000098
0.000486
0.001400
0.000095
0.000095
0.000538
0.000628
0.000095
0.000474
0.000471
0.000471
0.000095
0.000095
0.000095
0.000095
0.000095
0.000095
0.000095
0.000095
0.000095
0.000096
0.000095
0.000095
0.000095
0.000095
0.000095
0.000106
0.000106
0.000106
0.000106
0.000106
0.000190
0.000137
0.000506
0.000095
0.000276
0.000229
0.000118
0.000095
0.000095
0.000095
0.000095
0.000095
0.000095
0.000095
0.000095
0.000120
0.000100
0.000189
0.000113
0.000106
0.000123
0.000103
0.000104
0.000103
0.000099
0.000101
0.000114
0.000115
0.000144
0.000137
0.000108
0.000122
0.000114
0.000098
0.000098
0.000098
0.000098
0.000098
0.000098
0.000098
0.000252
0.000095
0.000095
0.000095
0.000106
0.034606
0.030784
0.000095
0.000095
0.026778
0.000095
0.011525
0.000095
0.000095
0.000256
0.000095
0.000129
0.000095
0.000129
0.000095
0.000095
0.000095
0.000270
0.000364
0.000460
0.000095
0.000095
0.000095
0.000355
0.000095
0.000095
0.000095
0.000160
0.000406
0.000315
0.000113
0.000315
0.000113
0.000113
0.002067
0.000105
0.000633
0.000135
0.000100
0.000104
0.000496
0.001263
0.000164
0.000104
0.000095
0.000096
0.000095
0.000113
0.000111
0.000109
0.000111
0.000189
0.000209
0.000122
0.000161
0.000111
0.000111
0.000122
0.000242
0.000290
0.000142
0.000104
0.000095
0.000095
0.000184
0.000128
0.000097
0.000219
0.000095
0.000188
0.000095
0.000095
0.000095
0.000095
0.000095
0.000095
0.000095
0.000095
0.000095
0.000095
0.000095
0.000095
0.000610
0.000095
0.000095
0.000095
0.001172
0.000095
0.000512
0.001716
0.001585
0.000328
0.000468
0.000468
0.001697
0.000468
0.000468
0.000468
0.000103
0.000103
0.000105
0.000312
0.000103
0.000103
0.000108
0.000103
0.000103
0.000468
0.000468
0.000468
0.000468
0.000468
0.000281
0.000095
0.000373
0.000095
0.000383
0.000095
0.000145
0.000147
0.000121
0.000121
0.000095
0.000110
0.000095
0.000095
0.000157
0.000157
0.000157
0.000095
0.000122
0.000095
0.000141
0.000095
0.000095
0.000095
0.000095
0.000117
0.000095
0.000095
0.000095
0.000095
0.000143
0.000104
0.000104
0.000104
0.000269
0.000104
0.000107
0.000200
0.000104
0.000104
0.000507
0.000106
0.000099
0.000099
0.000099
0.000099
0.000099
0.000099
0.000099
0.000095
0.000364
0.000153
0.000255
0.000101
0.000095
0.000095
0.000095
0.000095
0.000096
0.000144
0.000946
0.000099
0.000163
0.000109
0.000203
0.000098
0.000098
0.000131
0.000316
0.000099
0.000102
0.000098
0.000268
0.000334
0.000231
0.000231
0.000100
0.000095
0.000513
0.000095
0.000095
0.000095
0.000095
0.000229
0.000174
0.000438
0.000438
0.000095
0.000095
0.000095
0.000095
0.000095
0.000694
0.000095
0.000132
0.000132
0.000132
0.000132
0.000095
0.000095
0.000095
0.000095
0.000095
0.000188
0.000095
0.000095
0.000096
0.000095
0.000127
0.000095
0.000187
0.000095
0.000095
0.000095
0.000996
0.000095
0.000095
0.000095
0.000095
0.000095
0.001279
0.000095
0.000135
0.000106
0.000095
0.000095
0.000099
0.000095
0.000095
0.000095
0.000095
0.000268
0.000095
0.000642
0.000095
0.000164
0.000097
0.000543
0.000102
0.000099
0.000095
0.000095
0.000095
0.000103
0.000095
0.000095
0.000095
0.000095
0.000095
0.000095
0.000095
0.000095
0.000095
0.000095
0.000095
0.000095
0.000095
0.000131
0.000095
0.000095
0.000095
0.000095
0.000095
0.000117
0.000095
0.000095
0.000095
0.000095
0.000095
0.000095
0.000095
0.000095
0.000095
0.000095
0.000095
0.000095
0.000128
0.000117
0.000117
0.000117
0.000117
0.000117
0.000095
0.001554
0.000101
0.000095
0.000095
0.000095
0.000100
0.000095
0.000095
0.000095
0.000110
0.000095
0.000095
0.000179
0.000095
0.001536
0.000437
0.000095
0.000095
0.000095
0.000095
0.000095
0.000599
0.000095
0.000095
0.000095
0.000095
0.000095
0.000095
0.000095
0.000095
0.000095
0.000095
0.000095
0.000336
0.000187
0.000187
0.000228
0.000165
0.000095
0.000228
0.000228
0.000095
0.000108
0.000095
0.000095
0.000095
0.000095
0.000095
0.000095
0.000095
0.000229
0.000116
0.000313
0.000126
0.000126
0.000157
0.000095
0.000105
0.000105
0.000105
0.000105
0.000105
0.000135
0.000105
0.000105
0.000105
0.000105
0.000304
0.000105
0.000105
0.000105
0.000105
0.000105
0.000105
0.000105
0.000128
0.000124
0.000095
0.000095
0.000095
0.000095
0.000095
0.000118
0.000259
0.000169
0.000118
0.000165
0.000118
0.000095
0.000095
0.000095
0.000095
0.000095
0.000095
0.000158
0.000186
0.000442
0.000158
0.000158
0.000095
0.000095
0.000095
0.000095
0.000486
0.000251
0.000534
0.000853
0.000242
0.000198
0.000235
0.000198
0.000095
0.000095
0.000095
0.000095
0.000095
0.000110
0.000095
0.000095
0.000095
0.000095
0.000095
0.000110
0.000110
0.000110
0.003939
0.000114
0.000110
0.000148
0.000263
0.000095
0.000299
0.000299
0.000306
0.000228
0.000227
0.000227
0.000227
0.000227
0.000227
0.000227
0.000227
0.000227
0.000227
0.000277
0.000316
0.001064
0.000316
0.000167
0.000167
0.000318
0.000257
0.000179
0.000242
0.000186
0.001027
0.000167
0.000173
0.000163
0.000163
0.000343
0.000257
0.000163
0.000163
0.000814
0.000167
0.000167
0.000201
0.000564
0.000308
0.000358
0.000305
0.000339
0.000339
0.000339
0.000276
0.000167
0.000397
0.000257
0.000187
0.000174
0.000186
0.001007
0.000167
0.000160
0.000218
0.000163
0.000750
0.000196
0.000167
0.001041
0.000276
0.000095
0.000095
0.000095
0.000095
0.000095
0.000095
0.000095
0.000095
0.000126
0.000095
0.000095
0.000105
0.000141
0.000299
0.000132
0.000132
0.000132
0.000132
0.000132
0.000132
0.000132
0.000103
0.000132
0.000103
0.000103
0.000103
0.000103
0.000103
0.000103
0.000103
0.000103
0.000337
0.000132
0.000132
0.000132
0.000132
0.000132
0.000132
0.000132
0.000132
0.000132
0.000132
0.000132
0.000132
0.000132
0.000132
0.000095
0.000095
0.000110
0.000113
0.000132
0.000113
0.000113
0.000132
0.000142
0.000142
0.000142
0.000142
0.000142
0.000142
0.000142
0.000142
0.000284
0.000833
0.000142
0.000142
0.000142
0.000280
0.000220
0.000142
0.000142
0.000142
0.000142
0.000142
0.000142
0.000142
0.000142
0.000095
0.000095
0.000095
0.000095
0.000095
0.000095
0.000095
0.000095
0.000095
0.000095
0.000095
0.000095
0.000095
0.000095
0.000095
0.000095
0.000095
0.000195
0.000098
0.000095
0.000098
0.000253
0.000098
0.000098
0.000098
0.000098
0.000111
0.000111
0.000098
0.000098
0.000098
0.000098
0.000098
0.000098
0.000098
0.000098
0.000098
0.000098
0.000098
0.000098
0.000111
0.000098
0.000098
0.000111
0.000111
0.000188
0.000181
0.000278
0.000212
0.000181
0.000183
0.000183
0.000686
0.000361
0.000495
0.000181
0.000457
0.000181
0.000200
0.000095
0.000095
0.000095
0.000179
0.000330
0.000095
0.000095
0.000095
0.000095
0.000095
0.000105
0.000111
0.000136
0.000511
0.000095
0.000095
