141
93
99
148
52
121
105
41
73
92
53
57
37
48
10
89
31
29
14
21
36
10
41
36
15
20
85
11
8
19
4
1
1
0
10
16
3
6
12
8
2
42
3
61
12
3
0
26
2
7
15
5
2
2
1
41
8
3
15
0
15
4
4
3
2
33
0
4
6
2
5
0
6
2
23
1
0
1
2
2
5
0
1
0
2
1
13
1
2
3
1
1
1
48
2
8
1
3
9
4
0
3
0
1
0
34
27
8
29
31
14
15
11
48
5
1
0
2
2
2
0
11
0
9
1
2
2
4
9
91
2
3
42
0
2
0
46
0
0
50
5
0
49
3
2
7
6
0
0
0
1
0
0
0
0
0
0
0
0
0
0
0
0
0
9
0
0
2
1
0
0
0
0
0
0
0
0
0
0
0
0
5
25
2
3
2
6
5
0
0
0
0
0
0
0
0
0
0
0
0
0
0
0
0
0
0
0
0
1
19
0
0
0
0
0
1
1
1
1
1
2
1
1
1
2
2
2
1
1
1
1
8
0
0
0
0
2
0
0
0
0
0
0
0
0
0
1
0
0
0
0
0
0
0
0
0
0
0
0
0
15
2
2
2
21
0
0
0
0
0
0
0
0
1
0
0
0
7
0
0
0
0
0
0
0
0
0
0
16
8
16
8
1
0
0
0
2
1
0
0
0
1
0
0
0
0
0
0
0
0
0
0
0
0
0
2
0
0
0
0
0
0
4
3
1
2
0
2
0
0
0
0
0
0
0
0
4
0
0
0
0
0
0
0
0
0
0
0
0
0
0
0
0
0
0
0
0
0
0
0
0
0
0
0
1
0
0
0
12
0
0
0
0
0
0
1
0
0
0
29
27
3
8
54
34
5
2
7
26
6
8
4
6
47
13
5
0
0
0
0
0
0
0
0
1
0
0
0
0
0
0
0
0
0
0
0
0
0
0
1
0
0
0
0
0
1
1
1
1
0
4
1
0
0
0
0
0
0
10
1
0
0
0
0
11
0
0
0
0
0
4
0
0
0
0
0
0
0
0
0
0
1
2
1
3
0
0
0
0
0
0
0
0
0
0
0
0
0
0
0
0
5
0
0
1
0
0
7
1
5
0
0
0
0
0
0
1
0
0
0
0
0
0
0
0
0
0
2
0
0
3
2
64
1
5
9
63
5
1
0
0
0
1
0
0
0
0
0
0
0
0
0
0
0
0
45
27
15
45
3
1
0
0
1
2
0
0
0
0
0
0
4
0
0
0
0
0
4
2
1
0
0
0
0
0
0
0
0
1
0
4
0
0
0
0
1
0
0
1
6
6
1
6
0
0
0
4
15
3
0
3
0
0
0
0
0
4
4
0
4
0
0
0
8
0
0
0
5
10
1
0
0
0
0
0
0
0
1
0
0
0
0
1
1
1
0
0
0
0
0
2
0
0
0
0
0
1
11
0
0
0
0
1
0
0
0
0
0
11
17
0
0
0
0
1
0
0
0
0
0
3
0
0
0
0
0
0
4
0
0
0
0
2
1
0
0
7
1
1
1
27
2
8
33
7
7
3
8
13
1
0
8
0
0
0
0
2
1
0
0
1
0
1
0
1
0
1
0
0
0
0
0
0
0
0
0
0
0
1
0
3
0
0
0
0
0
2
1
1
1
0
0
0
0
25
6
1
1
0
0
0
0
0
0
0
0
0
0
0
0
0
0
0
0
0
0
0
0
0
0
23
5
7
4
3
28
13
5
2
2
16
2
12
2
2
0
0
0
0
0
5
0
0
3
0
0
0
0
0
0
0
1
1
0
0
1
3
10
3
7
8
11
1
8
1
5
0
1
0
0
1
1
1
1
4
1
2
0
0
0
0
0
0
0
2
2
0
1
0
0
1
0
0
0
0
0
2
1
16
0
0
0
0
0
0
1
8
3
23
16
2
2
0
12
0
1
0
0
0
0
0
0
0
2
0
0
0
0
0
0
0
0
0
0
0
0
0
1
2
2
1
2
2
33
16
1
2
2
2
0
0
6
1
2
17
17
16
1
1
1
0
0
0
0
0
0
0
0
0
0
0
8
0
0
0
12
3
0
0
2
0
0
0
0
0
0
0
0
0
0
0
1
0
30
3
1
0
0
0
0
0
1
1
1
1
0
0
0
0
0
0
0
0
0
12
7
5
0
0
0
0
0
0
0
0
1
1
0
0
0
2
1
1
1
2
1
3
1
1
1
1
1
1
15
1
14
8
0
0
0
0
75
119
3
3
3
3
4
3
4
4
3
3
4
4
4
4
4
4
4
4
4
4
4
4
4
4
4
4
4
4
4
4
4
4
4
4
4
4
4
4
4
4
4
4
4
4
4
4
4
4
4
4
4
4
4
4
4
4
4
4
4
4
4
4
4
4
4
4
4
4
4
4
4
4
4
4
4
4
4
4
4
3
3
4
0
0
4
0
0
1
0
0
0
0
0
0
1
1
2
0
4
4
6
8
5
16
33
31
45
0
0
0
0
0
0
13
0
0
2
0
0
0
0
1
2
1
0
0
0
0
0
0
1
11
2
2
2
6
24
0
1
0
0
11
1
2
7
0
0
5
1
0
3
2
2
0
0
0
0
0
0
0
0
0
1
0
0
0
0
0
1
1
1
1
1
3
2
6
0
2
1
1
0
0
0
0
0
0
0
0
5
2
14
3
2
4
2
2
2
2
2
6
6
5
7
2
6
5
1
1
1
1
1
1
1
10
0
0
0
1
9
9
0
0
2
0
1
0
0
6
0
3
0
1
0
0
0
4
5
3
0
0
0
1
0
0
0
1
1
2
1
2
1
1
32
3
25
5
1
2
29
29
5
3
0
1
0
6
5
4
5
7
7
7
8
5
5
7
11
23
6
1
0
0
11
4
1
11
0
1
0
0
0
0
0
0
0
0
0
0
0
0
9
0
0
0
15
0
7
12
11
2
3
3
12
3
3
3
1
1
2
15
1
1
3
1
1
3
3
3
3
3
1
0
1
0
11
0
2
4
1
1
0
1
0
0
1
1
1
0
3
0
1
0
0
0
0
2
0
0
0
0
6
2
2
2
27
2
4
5
2
2
28
2
1
1
1
1
1
1
1
0
1
3
9
1
0
0
0
0
1
5
45
2
8
3
3
1
1
6
33
2
3
1
11
17
1
1
1
0
1
0
0
0
0
6
6
1
1
0
0
0
0
0
8
0
2
2
2
2
0
0
0
0
0
2
0
0
1
0
5
0
7
0
0
0
2
0
0
0
0
0
1
0
4
1
0
0
1
0
0
0
0
7
0
10
0
2
1
5
3
2
0
0
0
2
0
0
0
0
0
0
0
0
0
0
0
0
0
4
0
0
0
0
0
4
0
0
0
0
0
0
0
0
0
0
0
0
2
1
1
1
1
1
0
15
1
0
0
0
2
0
0
0
1
0
0
6
0
23
5
0
0
0
0
0
13
0
0
0
0
0
0
0
0
0
0
0
7
4
4
6
3
0
6
6
0
3
0
0
0
0
0
0
0
8
2
2
1
1
2
0
1
1
1
1
1
4
1
1
1
1
5
1
1
1
1
1
1
1
4
2
0
0
0
0
0
1
7
4
1
2
1
0
0
0
0
0
0
1
3
16
1
1
0
0
0
0
15
8
15
13
6
1
8
1
0
0
0
0
0
1
0
0
0
0
0
1
1
1
78
2
1
4
9
0
5
5
6
5
4
4
4
4
4
4
4
4
4
6
6
25
6
2
2
5
4
4
6
4
26
2
4
3
3
9
4
3
3
19
2
2
5
11
4
6
3
5
5
5
4
2
8
4
4
3
3
25
2
2
7
3
13
5
2
27
4
0
0
0
0
0
0
0
0
1
0
0
1
1
9
5
5
5
5
5
5
5
1
5
1
1
1
1
1
1
1
1
3
5
5
5
5
5
5
5
5
5
5
5
5
5
5
0
0
1
1
2
1
1
2
2
2
2
2
2
2
2
2
3
29
2
2
2
11
16
2
2
2
2
2
2
2
2
0
0
0
0
0
0
0
0
0
0
0
0
0
0
0
0
0
10
1
0
1
3
1
1
1
1
2
2
1
1
1
1
1
1
1
1
1
1
1
1
2
1
1
2
2
1
1
7
2
1
2
2
6
4
14
1
8
1
3
0
0
0
3
9
0
0
0
0
0
1
2
2
23
0
0
