This is pdfTeX, Version 3.1415926-2.4-1.40.13 (MiKTeX 2.9 64-bit) (preloaded format=pdflatex 2013.9.2)  4 SEP 2014 05:47
entering extended mode
**Informe1.tex
(C:\Users\Agustina\Documents\UBA\M√©todos\Repo2wc\trunk\Informe\Informe1.tex
LaTeX2e <2011/06/27>
Babel <v3.8m> and hyphenation patterns for english, afrikaans, ancientgreek, ar
abic, armenian, assamese, basque, bengali, bokmal, bulgarian, catalan, coptic, 
croatian, czech, danish, dutch, esperanto, estonian, farsi, finnish, french, ga
lician, german, german-x-2012-05-30, greek, gujarati, hindi, hungarian, iceland
ic, indonesian, interlingua, irish, italian, kannada, kurmanji, latin, latvian,
 lithuanian, malayalam, marathi, mongolian, mongolianlmc, monogreek, ngerman, n
german-x-2012-05-30, nynorsk, oriya, panjabi, pinyin, polish, portuguese, roman
ian, russian, sanskrit, serbian, slovak, slovenian, spanish, swedish, swissgerm
an, tamil, telugu, turkish, turkmen, ukenglish, ukrainian, uppersorbian, usengl
ishmax, welsh, loaded.
(C:\Users\Agustina\Documents\UBA\M√©todos\Repo2wc\trunk\Informe\beavtex.cls
Document Class: beavtex 2013/12/05 v1.1 BeavTeX: OSU thesis class
("C:\Program Files\MiKTeX 2.9\tex\latex\setspace\setspace.sty"
Package: setspace 2011/12/19 v6.7a set line spacing
)
("C:\Program Files\MiKTeX 2.9\tex\latex\base\ifthen.sty"
Package: ifthen 2001/05/26 v1.1c Standard LaTeX ifthen package (DPC)
)
("C:\Program Files\MiKTeX 2.9\tex\latex\ulem\ulem.sty"
\UL@box=\box26
\UL@hyphenbox=\box27
\UL@skip=\skip41
\UL@hook=\toks14
\UL@height=\dimen102
\UL@pe=\count79
\UL@pixel=\dimen103
\ULC@box=\box28
Package: ulem 2012/05/18
\ULdepth=\dimen104
)
("C:\Program Files\MiKTeX 2.9\tex\latex\base\book.cls"
Document Class: book 2007/10/19 v1.4h Standard LaTeX document class
("C:\Program Files\MiKTeX 2.9\tex\latex\base\bk12.clo"
File: bk12.clo 2007/10/19 v1.4h Standard LaTeX file (size option)
)
\c@part=\count80
\c@chapter=\count81
\c@section=\count82
\c@subsection=\count83
\c@subsubsection=\count84
\c@paragraph=\count85
\c@subparagraph=\count86
\c@figure=\count87
\c@table=\count88
\abovecaptionskip=\skip42
\belowcaptionskip=\skip43
\bibindent=\dimen105
))
("C:\Program Files\MiKTeX 2.9\tex\latex\graphics\graphicx.sty"
Package: graphicx 1999/02/16 v1.0f Enhanced LaTeX Graphics (DPC,SPQR)

("C:\Program Files\MiKTeX 2.9\tex\latex\graphics\keyval.sty"
Package: keyval 1999/03/16 v1.13 key=value parser (DPC)
\KV@toks@=\toks15
)
("C:\Program Files\MiKTeX 2.9\tex\latex\graphics\graphics.sty"
Package: graphics 2009/02/05 v1.0o Standard LaTeX Graphics (DPC,SPQR)

("C:\Program Files\MiKTeX 2.9\tex\latex\graphics\trig.sty"
Package: trig 1999/03/16 v1.09 sin cos tan (DPC)
)
("C:\Program Files\MiKTeX 2.9\tex\latex\00miktex\graphics.cfg"
File: graphics.cfg 2007/01/18 v1.5 graphics configuration of teTeX/TeXLive
)
Package graphics Info: Driver file: pdftex.def on input line 91.

("C:\Program Files\MiKTeX 2.9\tex\latex\pdftex-def\pdftex.def"
File: pdftex.def 2011/05/27 v0.06d Graphics/color for pdfTeX

("C:\Program Files\MiKTeX 2.9\tex\generic\oberdiek\infwarerr.sty"
Package: infwarerr 2010/04/08 v1.3 Providing info/warning/error messages (HO)
)
("C:\Program Files\MiKTeX 2.9\tex\generic\oberdiek\ltxcmds.sty"
Package: ltxcmds 2011/11/09 v1.22 LaTeX kernel commands for general use (HO)
)
\Gread@gobject=\count89
))
\Gin@req@height=\dimen106
\Gin@req@width=\dimen107
)
("C:\Program Files\MiKTeX 2.9\tex\latex\rotating\rotating.sty"
Package: rotating 2009/03/28 v2.16a rotated objects in LaTeX
\c@r@tfl@t=\count90
\rotFPtop=\skip44
\rotFPbot=\skip45
\rot@float@box=\box29
\rot@mess@toks=\toks16
)
("C:\Program Files\MiKTeX 2.9\tex\latex\tablefootnote\tablefootnote.sty"
Package: tablefootnote 2014/01/26 v1.1c Table foot notes (HMM)

("C:\Program Files\MiKTeX 2.9\tex\latex\oberdiek\letltxmacro.sty"
Package: letltxmacro 2010/09/02 v1.4 Let assignment for LaTeX macros (HO)
)
("C:\Program Files\MiKTeX 2.9\tex\latex\xifthen\xifthen.sty"
Package: xifthen 2009/04/17 v1.3 Extended ifthen features

("C:\Program Files\MiKTeX 2.9\tex\latex\misc\etex.sty"
Package: etex 1998/03/26 v2.0 eTeX basic definition package (PEB)
\et@xins=\count91
)
("C:\Program Files\MiKTeX 2.9\tex\latex\tools\calc.sty"
Package: calc 2007/08/22 v4.3 Infix arithmetic (KKT,FJ)
\calc@Acount=\count92
\calc@Bcount=\count93
\calc@Adimen=\dimen108
\calc@Bdimen=\dimen109
\calc@Askip=\skip46
\calc@Bskip=\skip47
LaTeX Info: Redefining \setlength on input line 76.
LaTeX Info: Redefining \addtolength on input line 77.
\calc@Ccount=\count94
\calc@Cskip=\skip48
)
("C:\Program Files\MiKTeX 2.9\tex\latex\ifmtarg\ifmtarg.sty"
Package: ifmtarg 2009/09/02 v1.2a check for an empty argument
))
("C:\Program Files\MiKTeX 2.9\tex\latex\etoolbox\etoolbox.sty"
Package: etoolbox 2011/01/03 v2.1 e-TeX tools for LaTeX
\etb@tempcnta=\count95
))
("C:\Program Files\MiKTeX 2.9\tex\latex\amsmath\amsmath.sty"
Package: amsmath 2013/01/14 v2.14 AMS math features
\@mathmargin=\skip49

For additional information on amsmath, use the `?' option.
("C:\Program Files\MiKTeX 2.9\tex\latex\amsmath\amstext.sty"
Package: amstext 2000/06/29 v2.01

("C:\Program Files\MiKTeX 2.9\tex\latex\amsmath\amsgen.sty"
File: amsgen.sty 1999/11/30 v2.0
\@emptytoks=\toks17
\ex@=\dimen110
))
("C:\Program Files\MiKTeX 2.9\tex\latex\amsmath\amsbsy.sty"
Package: amsbsy 1999/11/29 v1.2d
\pmbraise@=\dimen111
)
("C:\Program Files\MiKTeX 2.9\tex\latex\amsmath\amsopn.sty"
Package: amsopn 1999/12/14 v2.01 operator names
)
\inf@bad=\count96
LaTeX Info: Redefining \frac on input line 210.
\uproot@=\count97
\leftroot@=\count98
LaTeX Info: Redefining \overline on input line 306.
\classnum@=\count99
\DOTSCASE@=\count100
LaTeX Info: Redefining \ldots on input line 378.
LaTeX Info: Redefining \dots on input line 381.
LaTeX Info: Redefining \cdots on input line 466.
\Mathstrutbox@=\box30
\strutbox@=\box31
\big@size=\dimen112
LaTeX Font Info:    Redeclaring font encoding OML on input line 566.
LaTeX Font Info:    Redeclaring font encoding OMS on input line 567.
\macc@depth=\count101
\c@MaxMatrixCols=\count102
\dotsspace@=\muskip10
\c@parentequation=\count103
\dspbrk@lvl=\count104
\tag@help=\toks18
\row@=\count105
\column@=\count106
\maxfields@=\count107
\andhelp@=\toks19
\eqnshift@=\dimen113
\alignsep@=\dimen114
\tagshift@=\dimen115
\tagwidth@=\dimen116
\totwidth@=\dimen117
\lineht@=\dimen118
\@envbody=\toks20
\multlinegap=\skip50
\multlinetaggap=\skip51
\mathdisplay@stack=\toks21
LaTeX Info: Redefining \[ on input line 2665.
LaTeX Info: Redefining \] on input line 2666.
)
("C:\Program Files\MiKTeX 2.9\tex\latex\amsfonts\amsfonts.sty"
Package: amsfonts 2013/01/14 v3.01 Basic AMSFonts support
\symAMSa=\mathgroup4
\symAMSb=\mathgroup5
LaTeX Font Info:    Overwriting math alphabet `\mathfrak' in version `bold'
(Font)                  U/euf/m/n --> U/euf/b/n on input line 106.
)
("C:\Program Files\MiKTeX 2.9\tex\latex\graphics\color.sty"
Package: color 2005/11/14 v1.0j Standard LaTeX Color (DPC)

("C:\Program Files\MiKTeX 2.9\tex\latex\00miktex\color.cfg"
File: color.cfg 2007/01/18 v1.5 color configuration of teTeX/TeXLive
)
Package color Info: Driver file: pdftex.def on input line 130.
)
("C:\Program Files\MiKTeX 2.9\tex\latex\float\float.sty"
Package: float 2001/11/08 v1.3d Float enhancements (AL)
\c@float@type=\count108
\float@exts=\toks22
\float@box=\box32
\@float@everytoks=\toks23
\@floatcapt=\box33
)
("C:\Program Files\MiKTeX 2.9\tex\latex\algorithm2e\algorithm2e.sty"
Package: algorithm2e 2013/01/06 v5.00 algorithms environments
\c@AlgoLine=\count109

("C:\Program Files\MiKTeX 2.9\tex\latex\tools\xspace.sty"
Package: xspace 2009/10/20 v1.13 Space after command names (DPC,MH)
)
("C:\Program Files\MiKTeX 2.9\tex\latex\ltxmisc\relsize.sty"
Package: relsize 2003/07/04 ver 3.1
)
********************************************************
Package `algorithm2e' Release 5.0 -- january 06 2013 --
- algorithm2e-announce@lirmm.fr mailing list for announcement about releases
- algorithm2e-discussion@lirmm.fr mailing list for discussion about package
subscribe by emailing sympa@lirmm.fr with 'subscribe <list> <firstname name>'
- Author: Christophe Fiorio (cfiorio@um2.fr)
********************************************************
\skiptotal=\skip52
\skiplinenumber=\skip53
\skiprule=\skip54
\skiphlne=\skip55
\skiptext=\skip56
\skiplength=\skip57
\algomargin=\skip58
\skipalgocfslide=\skip59
\algowidth=\dimen119
\inoutsize=\dimen120
\inoutindent=\dimen121
\interspacetitleruled=\dimen122
\interspacealgoruled=\dimen123
\interspacetitleboxruled=\dimen124
\algocf@inoutbox=\box34
\algocf@inputbox=\box35
\AlCapSkip=\skip60
\AlCapHSkip=\skip61
\algoskipindent=\skip62
\algocf@nlbox=\box36
\algocf@hangingbox=\box37
\algocf@untilbox=\box38
\algocf@skipuntil=\skip63
\algocf@capbox=\box39
\algoheightruledefault=\skip64
\algoheightrule=\skip65
\algotitleheightruledefault=\skip66
\algotitleheightrule=\skip67
\c@algocfline=\count110
\c@algocfproc=\count111
\c@algocf=\count112
\algocf@algoframe=\box40
\algocf@algobox=\box41
) ("C:\Program Files\MiKTeX 2.9\tex\latex\todonotes\todonotes.sty"
Package: todonotes 2012/07/25 .dtx Todonotes source and documentation.
Package: todonotes 2012/07/25

("C:\Program Files\MiKTeX 2.9\tex\latex\xkeyval\xkeyval.sty"
Package: xkeyval 2012/10/14 v2.6b package option processing (HA)

("C:\Program Files\MiKTeX 2.9\tex\generic\xkeyval\xkeyval.tex"
\XKV@toks=\toks24
\XKV@tempa@toks=\toks25
\XKV@depth=\count113
File: xkeyval.tex 2012/10/14 v2.6b key=value parser (HA)
))
("C:\Program Files\MiKTeX 2.9\tex\latex\xcolor\xcolor.sty"
Package: xcolor 2007/01/21 v2.11 LaTeX color extensions (UK)

("C:\Program Files\MiKTeX 2.9\tex\latex\00miktex\color.cfg"
File: color.cfg 2007/01/18 v1.5 color configuration of teTeX/TeXLive
)
Package xcolor Info: Driver file: pdftex.def on input line 225.
LaTeX Info: Redefining \color on input line 702.
Package xcolor Info: Model `cmy' substituted by `cmy0' on input line 1337.
Package xcolor Info: Model `hsb' substituted by `rgb' on input line 1341.
Package xcolor Info: Model `RGB' extended on input line 1353.
Package xcolor Info: Model `HTML' substituted by `rgb' on input line 1355.
Package xcolor Info: Model `Hsb' substituted by `hsb' on input line 1356.
Package xcolor Info: Model `tHsb' substituted by `hsb' on input line 1357.
Package xcolor Info: Model `HSB' substituted by `hsb' on input line 1358.
Package xcolor Info: Model `Gray' substituted by `gray' on input line 1359.
Package xcolor Info: Model `wave' substituted by `hsb' on input line 1360.
)
("C:\Program Files\MiKTeX 2.9\tex\latex\pgf\frontendlayer\tikz.sty"
("C:\Program Files\MiKTeX 2.9\tex\latex\pgf\basiclayer\pgf.sty"
("C:\Program Files\MiKTeX 2.9\tex\latex\pgf\utilities\pgfrcs.sty"
("C:\Program Files\MiKTeX 2.9\tex\generic\pgf\utilities\pgfutil-common.tex"
\pgfutil@everybye=\toks26
\pgfutil@tempdima=\dimen125
\pgfutil@tempdimb=\dimen126

("C:\Program Files\MiKTeX 2.9\tex\generic\pgf\utilities\pgfutil-common-lists.te
x")) ("C:\Program Files\MiKTeX 2.9\tex\generic\pgf\utilities\pgfutil-latex.def"
\pgfutil@abb=\box42
("C:\Program Files\MiKTeX 2.9\tex\latex\ms\everyshi.sty"
Package: everyshi 2001/05/15 v3.00 EveryShipout Package (MS)
))
("C:\Program Files\MiKTeX 2.9\tex\generic\pgf\utilities\pgfrcs.code.tex"
Package: pgfrcs 2013/12/20 v3.0.0 (rcs-revision 1.28)
))
Package: pgf 2013/12/18 v3.0.0 (rcs-revision 1.14)

("C:\Program Files\MiKTeX 2.9\tex\latex\pgf\basiclayer\pgfcore.sty"
("C:\Program Files\MiKTeX 2.9\tex\latex\pgf\systemlayer\pgfsys.sty"
("C:\Program Files\MiKTeX 2.9\tex\generic\pgf\systemlayer\pgfsys.code.tex"
Package: pgfsys 2013/11/30 v3.0.0 (rcs-revision 1.47)

("C:\Program Files\MiKTeX 2.9\tex\generic\pgf\utilities\pgfkeys.code.tex"
\pgfkeys@pathtoks=\toks27
\pgfkeys@temptoks=\toks28

("C:\Program Files\MiKTeX 2.9\tex\generic\pgf\utilities\pgfkeysfiltered.code.te
x"
\pgfkeys@tmptoks=\toks29
))
\pgf@x=\dimen127
\pgf@y=\dimen128
\pgf@xa=\dimen129
\pgf@ya=\dimen130
\pgf@xb=\dimen131
\pgf@yb=\dimen132
\pgf@xc=\dimen133
\pgf@yc=\dimen134
\w@pgf@writea=\write3
\r@pgf@reada=\read1
\c@pgf@counta=\count114
\c@pgf@countb=\count115
\c@pgf@countc=\count116
\c@pgf@countd=\count117
\t@pgf@toka=\toks30
\t@pgf@tokb=\toks31
\t@pgf@tokc=\toks32
 ("C:\Program Files\MiKTeX 2.9\tex\generic\pgf\systemlayer\pgf.cfg"
File: pgf.cfg 2008/05/14  (rcs-revision 1.7)
)
Driver file for pgf: pgfsys-pdftex.def

("C:\Program Files\MiKTeX 2.9\tex\generic\pgf\systemlayer\pgfsys-pdftex.def"
File: pgfsys-pdftex.def 2013/07/18  (rcs-revision 1.33)

("C:\Program Files\MiKTeX 2.9\tex\generic\pgf\systemlayer\pgfsys-common-pdf.def
"
File: pgfsys-common-pdf.def 2013/10/10  (rcs-revision 1.13)
)))
("C:\Program Files\MiKTeX 2.9\tex\generic\pgf\systemlayer\pgfsyssoftpath.code.t
ex"
File: pgfsyssoftpath.code.tex 2013/09/09  (rcs-revision 1.9)
\pgfsyssoftpath@smallbuffer@items=\count118
\pgfsyssoftpath@bigbuffer@items=\count119
)
("C:\Program Files\MiKTeX 2.9\tex\generic\pgf\systemlayer\pgfsysprotocol.code.t
ex"
File: pgfsysprotocol.code.tex 2006/10/16  (rcs-revision 1.4)
)) ("C:\Program Files\MiKTeX 2.9\tex\generic\pgf\basiclayer\pgfcore.code.tex"
Package: pgfcore 2010/04/11 v3.0.0 (rcs-revision 1.7)
 ("C:\Program Files\MiKTeX 2.9\tex\generic\pgf\math\pgfmath.code.tex"
("C:\Program Files\MiKTeX 2.9\tex\generic\pgf\math\pgfmathcalc.code.tex"
("C:\Program Files\MiKTeX 2.9\tex\generic\pgf\math\pgfmathutil.code.tex")
("C:\Program Files\MiKTeX 2.9\tex\generic\pgf\math\pgfmathparser.code.tex"
\pgfmath@dimen=\dimen135
\pgfmath@count=\count120
\pgfmath@box=\box43
\pgfmath@toks=\toks33
\pgfmath@stack@operand=\toks34
\pgfmath@stack@operation=\toks35
)
("C:\Program Files\MiKTeX 2.9\tex\generic\pgf\math\pgfmathfunctions.code.tex"
("C:\Program Files\MiKTeX 2.9\tex\generic\pgf\math\pgfmathfunctions.basic.code.
tex")
("C:\Program Files\MiKTeX 2.9\tex\generic\pgf\math\pgfmathfunctions.trigonometr
ic.code.tex")
("C:\Program Files\MiKTeX 2.9\tex\generic\pgf\math\pgfmathfunctions.random.code
.tex")
("C:\Program Files\MiKTeX 2.9\tex\generic\pgf\math\pgfmathfunctions.comparison.
code.tex")
("C:\Program Files\MiKTeX 2.9\tex\generic\pgf\math\pgfmathfunctions.base.code.t
ex")
("C:\Program Files\MiKTeX 2.9\tex\generic\pgf\math\pgfmathfunctions.round.code.
tex")
("C:\Program Files\MiKTeX 2.9\tex\generic\pgf\math\pgfmathfunctions.misc.code.t
ex")
("C:\Program Files\MiKTeX 2.9\tex\generic\pgf\math\pgfmathfunctions.integerarit
hmetics.code.tex")))
("C:\Program Files\MiKTeX 2.9\tex\generic\pgf\math\pgfmathfloat.code.tex"
\c@pgfmathroundto@lastzeros=\count121
))
("C:\Program Files\MiKTeX 2.9\tex\generic\pgf\basiclayer\pgfcorepoints.code.tex
"
File: pgfcorepoints.code.tex 2013/10/07  (rcs-revision 1.27)
\pgf@picminx=\dimen136
\pgf@picmaxx=\dimen137
\pgf@picminy=\dimen138
\pgf@picmaxy=\dimen139
\pgf@pathminx=\dimen140
\pgf@pathmaxx=\dimen141
\pgf@pathminy=\dimen142
\pgf@pathmaxy=\dimen143
\pgf@xx=\dimen144
\pgf@xy=\dimen145
\pgf@yx=\dimen146
\pgf@yy=\dimen147
\pgf@zx=\dimen148
\pgf@zy=\dimen149
)
("C:\Program Files\MiKTeX 2.9\tex\generic\pgf\basiclayer\pgfcorepathconstruct.c
ode.tex"
File: pgfcorepathconstruct.code.tex 2013/10/07  (rcs-revision 1.29)
\pgf@path@lastx=\dimen150
\pgf@path@lasty=\dimen151
)
("C:\Program Files\MiKTeX 2.9\tex\generic\pgf\basiclayer\pgfcorepathusage.code.
tex"
File: pgfcorepathusage.code.tex 2013/12/13  (rcs-revision 1.23)
\pgf@shorten@end@additional=\dimen152
\pgf@shorten@start@additional=\dimen153
)
("C:\Program Files\MiKTeX 2.9\tex\generic\pgf\basiclayer\pgfcorescopes.code.tex
"
File: pgfcorescopes.code.tex 2013/10/09  (rcs-revision 1.44)
\pgfpic=\box44
\pgf@hbox=\box45
\pgf@layerbox@main=\box46
\pgf@picture@serial@count=\count122
)
("C:\Program Files\MiKTeX 2.9\tex\generic\pgf\basiclayer\pgfcoregraphicstate.co
de.tex"
File: pgfcoregraphicstate.code.tex 2013/09/19  (rcs-revision 1.11)
\pgflinewidth=\dimen154
)
("C:\Program Files\MiKTeX 2.9\tex\generic\pgf\basiclayer\pgfcoretransformations
.code.tex"
File: pgfcoretransformations.code.tex 2013/10/10  (rcs-revision 1.17)
\pgf@pt@x=\dimen155
\pgf@pt@y=\dimen156
\pgf@pt@temp=\dimen157
)
("C:\Program Files\MiKTeX 2.9\tex\generic\pgf\basiclayer\pgfcorequick.code.tex"
File: pgfcorequick.code.tex 2008/10/09  (rcs-revision 1.3)
)
("C:\Program Files\MiKTeX 2.9\tex\generic\pgf\basiclayer\pgfcoreobjects.code.te
x"
File: pgfcoreobjects.code.tex 2006/10/11  (rcs-revision 1.2)
)
("C:\Program Files\MiKTeX 2.9\tex\generic\pgf\basiclayer\pgfcorepathprocessing.
code.tex"
File: pgfcorepathprocessing.code.tex 2013/09/09  (rcs-revision 1.9)
)
("C:\Program Files\MiKTeX 2.9\tex\generic\pgf\basiclayer\pgfcorearrows.code.tex
"
File: pgfcorearrows.code.tex 2013/11/07  (rcs-revision 1.40)
\pgfarrowsep=\dimen158
)
("C:\Program Files\MiKTeX 2.9\tex\generic\pgf\basiclayer\pgfcoreshade.code.tex"
File: pgfcoreshade.code.tex 2013/07/15  (rcs-revision 1.15)
\pgf@max=\dimen159
\pgf@sys@shading@range@num=\count123
) ("C:\Program Files\MiKTeX 2.9\tex\generic\pgf\basiclayer\pgfcoreimage.code.te
x"
File: pgfcoreimage.code.tex 2013/07/15  (rcs-revision 1.18)

("C:\Program Files\MiKTeX 2.9\tex\generic\pgf\basiclayer\pgfcoreexternal.code.t
ex"
File: pgfcoreexternal.code.tex 2013/07/15  (rcs-revision 1.20)
\pgfexternal@startupbox=\box47
))
("C:\Program Files\MiKTeX 2.9\tex\generic\pgf\basiclayer\pgfcorelayers.code.tex
"
File: pgfcorelayers.code.tex 2013/07/18  (rcs-revision 1.7)
)
("C:\Program Files\MiKTeX 2.9\tex\generic\pgf\basiclayer\pgfcoretransparency.co
de.tex"
File: pgfcoretransparency.code.tex 2013/09/30  (rcs-revision 1.5)
)
("C:\Program Files\MiKTeX 2.9\tex\generic\pgf\basiclayer\pgfcorepatterns.code.t
ex"
File: pgfcorepatterns.code.tex 2013/11/07  (rcs-revision 1.5)
)))
("C:\Program Files\MiKTeX 2.9\tex\generic\pgf\modules\pgfmoduleshapes.code.tex"
File: pgfmoduleshapes.code.tex 2013/10/31  (rcs-revision 1.34)
\pgfnodeparttextbox=\box48
) ("C:\Program Files\MiKTeX 2.9\tex\generic\pgf\modules\pgfmoduleplot.code.tex"
File: pgfmoduleplot.code.tex 2013/07/31  (rcs-revision 1.12)
)
("C:\Program Files\MiKTeX 2.9\tex\latex\pgf\compatibility\pgfcomp-version-0-65.
sty"
Package: pgfcomp-version-0-65 2007/07/03 v3.0.0 (rcs-revision 1.7)
\pgf@nodesepstart=\dimen160
\pgf@nodesepend=\dimen161
)
("C:\Program Files\MiKTeX 2.9\tex\latex\pgf\compatibility\pgfcomp-version-1-18.
sty"
Package: pgfcomp-version-1-18 2007/07/23 v3.0.0 (rcs-revision 1.1)
)) ("C:\Program Files\MiKTeX 2.9\tex\latex\pgf\utilities\pgffor.sty"
("C:\Program Files\MiKTeX 2.9\tex\latex\pgf\utilities\pgfkeys.sty"
("C:\Program Files\MiKTeX 2.9\tex\generic\pgf\utilities\pgfkeys.code.tex"))
("C:\Program Files\MiKTeX 2.9\tex\latex\pgf\math\pgfmath.sty"
("C:\Program Files\MiKTeX 2.9\tex\generic\pgf\math\pgfmath.code.tex"))
("C:\Program Files\MiKTeX 2.9\tex\generic\pgf\utilities\pgffor.code.tex"
Package: pgffor 2013/12/13 v3.0.0 (rcs-revision 1.25)

("C:\Program Files\MiKTeX 2.9\tex\generic\pgf\math\pgfmath.code.tex")
\pgffor@iter=\dimen162
\pgffor@skip=\dimen163
\pgffor@stack=\toks36
\pgffor@toks=\toks37
))
("C:\Program Files\MiKTeX 2.9\tex\generic\pgf\frontendlayer\tikz\tikz.code.tex"
Package: tikz 2013/12/13 v3.0.0 (rcs-revision 1.142)

("C:\Program Files\MiKTeX 2.9\tex\generic\pgf\libraries\pgflibraryplothandlers.
code.tex"
File: pgflibraryplothandlers.code.tex 2013/08/31 v3.0.0 (rcs-revision 1.20)
\pgf@plot@mark@count=\count124
\pgfplotmarksize=\dimen164
)
\tikz@lastx=\dimen165
\tikz@lasty=\dimen166
\tikz@lastxsaved=\dimen167
\tikz@lastysaved=\dimen168
\tikzleveldistance=\dimen169
\tikzsiblingdistance=\dimen170
\tikz@figbox=\box49
\tikz@figbox@bg=\box50
\tikz@tempbox=\box51
\tikz@tempbox@bg=\box52
\tikztreelevel=\count125
\tikznumberofchildren=\count126
\tikznumberofcurrentchild=\count127
\tikz@fig@count=\count128

("C:\Program Files\MiKTeX 2.9\tex\generic\pgf\modules\pgfmodulematrix.code.tex"
File: pgfmodulematrix.code.tex 2013/09/17  (rcs-revision 1.8)
\pgfmatrixcurrentrow=\count129
\pgfmatrixcurrentcolumn=\count130
\pgf@matrix@numberofcolumns=\count131
)
\tikz@expandcount=\count132

("C:\Program Files\MiKTeX 2.9\tex\generic\pgf\frontendlayer\tikz\libraries\tikz
librarytopaths.code.tex"
File: tikzlibrarytopaths.code.tex 2008/06/17 v3.0.0 (rcs-revision 1.2)
)))
("C:\Program Files\MiKTeX 2.9\tex\generic\pgf\frontendlayer\tikz\libraries\tikz
librarypositioning.code.tex"
File: tikzlibrarypositioning.code.tex 2008/10/06 v3.0.0 (rcs-revision 1.7)
)
\c@@todonotes@numberoftodonotes=\count133
)
(C:\Users\Agustina\Documents\UBA\M√©todos\Repo2wc\trunk\Informe\Informe1.aux

LaTeX Warning: Label `eq:calordd' multiply defined.


LaTeX Warning: Label `fig:frog' multiply defined.


LaTeX Warning: Label `fig:frog' multiply defined.


LaTeX Warning: Label `fig:frog' multiply defined.


LaTeX Warning: Label `fig:frog' multiply defined.


LaTeX Warning: Label `fig:frog' multiply defined.


LaTeX Warning: Label `fig:frog' multiply defined.


LaTeX Warning: Label `fig:frog' multiply defined.


LaTeX Warning: Label `fig:frog' multiply defined.


LaTeX Warning: Label `fig:frog' multiply defined.


LaTeX Warning: Label `fig:frog' multiply defined.


LaTeX Warning: Label `fig:frog' multiply defined.


LaTeX Warning: Label `fig:frog' multiply defined.


LaTeX Warning: Label `fig:frog' multiply defined.


LaTeX Warning: Label `fig:frog' multiply defined.


LaTeX Warning: Label `fig:frog' multiply defined.


LaTeX Warning: Label `fig:frog' multiply defined.


LaTeX Warning: Label `fig:frog' multiply defined.


LaTeX Warning: Label `eq:calordd' multiply defined.


LaTeX Warning: Label `forins' multiply defined.


LaTeX Warning: Label `algo_disjdecomp' multiply defined.


LaTeX Warning: Label `forins' multiply defined.


LaTeX Warning: Label `algo_disjdecomp' multiply defined.


LaTeX Warning: Label `algo_disjdecomp' multiply defined.


LaTeX Warning: Label `algo_disjdecomp' multiply defined.


LaTeX Warning: Label `algo_disjdecomp' multiply defined.


LaTeX Warning: Label `algo_disjdecomp' multiply defined.


LaTeX Warning: Label `algo_disjdecomp' multiply defined.


LaTeX Warning: Label `algo_disjdecomp' multiply defined.


LaTeX Warning: Label `algo_disjdecomp' multiply defined.

)
LaTeX Font Info:    Checking defaults for OML/cmm/m/it on input line 35.
LaTeX Font Info:    ... okay on input line 35.
LaTeX Font Info:    Checking defaults for T1/cmr/m/n on input line 35.
LaTeX Font Info:    ... okay on input line 35.
LaTeX Font Info:    Checking defaults for OT1/cmr/m/n on input line 35.
LaTeX Font Info:    ... okay on input line 35.
LaTeX Font Info:    Checking defaults for OMS/cmsy/m/n on input line 35.
LaTeX Font Info:    ... okay on input line 35.
LaTeX Font Info:    Checking defaults for OMX/cmex/m/n on input line 35.
LaTeX Font Info:    ... okay on input line 35.
LaTeX Font Info:    Checking defaults for U/cmr/m/n on input line 35.
LaTeX Font Info:    ... okay on input line 35.
 ("C:\Program Files\MiKTeX 2.9\tex\context\base\supp-pdf.mkii"
[Loading MPS to PDF converter (version 2006.09.02).]
\scratchcounter=\count134
\scratchdimen=\dimen171
\scratchbox=\box53
\nofMPsegments=\count135
\nofMParguments=\count136
\everyMPshowfont=\toks38
\MPscratchCnt=\count137
\MPscratchDim=\dimen172
\MPnumerator=\count138
\makeMPintoPDFobject=\count139
\everyMPtoPDFconversion=\toks39
) ABD: EveryShipout initializing macros
LaTeX Font Info:    Try loading font information for OMS+cmr on input line 36.

("C:\Program Files\MiKTeX 2.9\tex\latex\base\omscmr.fd"
File: omscmr.fd 1999/05/25 v2.5h Standard LaTeX font definitions
)
LaTeX Font Info:    Font shape `OMS/cmr/m/n' in size <12> not available
(Font)              Font shape `OMS/cmsy/m/n' tried instead on input line 36.
 [1

{C:/ProgramData/MiKTeX/2.9/pdftex/config/pdftex.map}]
(C:\Users\Agustina\Documents\UBA\M√©todos\Repo2wc\trunk\Informe\Informe1.toc
LaTeX Font Info:    Try loading font information for U+msa on input line 1.

("C:\Program Files\MiKTeX 2.9\tex\latex\amsfonts\umsa.fd"
File: umsa.fd 2013/01/14 v3.01 AMS symbols A
)
LaTeX Font Info:    Try loading font information for U+msb on input line 1.

("C:\Program Files\MiKTeX 2.9\tex\latex\amsfonts\umsb.fd"
File: umsb.fd 2013/01/14 v3.01 AMS symbols B
)
Overfull \vbox (7.96431pt too high) has occurred while \output is active []


[2


])
\tf@toc=\write4

Overfull \vbox (8.2pt too high) has occurred while \output is active []

 [3]
Chapter 1.

Underfull \hbox (badness 10000) in paragraph at lines 46--47

 []

Missing character: There is no ¬ in font cmr12!
Missing character: There is no ∫ in font cmr12!
[1


]
Overfull \vbox (7.73332pt too high) has occurred while \output is active []


[2]
Missing character: There is no √ in font cmr12!
Missing character: There is no ± in font cmr12!

Overfull \hbox (10.826pt too wide) in paragraph at lines 109--113
\OT1/cmr/m/n/12 Esta im-ple-mentacion per-mite ac-ceder al el-e-mento M$[]$ me
-di-ante la sen-ten-cia $\OML/cmm/m/it/12 matriz\OT1/cmr/m/n/12 [\OML/cmm/m/it/
12 i\OT1/cmr/m/n/12 ][\OML/cmm/m/it/12 j\OT1/cmr/m/n/12 ]$. 
 []


Overfull \vbox (7.73332pt too high) has occurred while \output is active []


[3]
Underfull \hbox (badness 10000) in paragraph at lines 115--136

 []


Overfull \vbox (7.73332pt too high) has occurred while \output is active []


[4]
Overfull \vbox (7.73332pt too high) has occurred while \output is active []


[5]
Overfull \hbox (29.58488pt too wide) in paragraph at lines 168--190
[]$[]$ 
 []


Overfull \vbox (7.73332pt too high) has occurred while \output is active []


[6]
Overfull \vbox (7.73332pt too high) has occurred while \output is active []


[7]
Underfull \hbox (badness 10000) in paragraph at lines 198--200

 []


Overfull \vbox (7.73332pt too high) has occurred while \output is active []


[8]
Overfull \vbox (7.73332pt too high) has occurred while \output is active []


[9]
Underfull \hbox (badness 10000) in paragraph at lines 247--261

 []


Underfull \hbox (badness 10000) in paragraph at lines 247--261

 []


Underfull \hbox (badness 10000) in paragraph at lines 247--261

 []


Overfull \vbox (7.73332pt too high) has occurred while \output is active []


[10]
Missing character: There is no √ in font cmr12!
Missing character: There is no ± in font cmr12!

Overfull \vbox (7.73332pt too high) has occurred while \output is active []


[11]
Underfull \hbox (badness 10000) in paragraph at lines 270--275

 []


Overfull \vbox (7.73332pt too high) has occurred while \output is active []


[12]
Overfull \vbox (7.73332pt too high) has occurred while \output is active []


[13]
Underfull \hbox (badness 10000) in paragraph at lines 312--313

 []


Underfull \hbox (badness 10000) in paragraph at lines 316--318

 []


Overfull \vbox (7.73332pt too high) has occurred while \output is active []


[14]
Overfull \vbox (7.73332pt too high) has occurred while \output is active []


[15]
Chapter 2.
<Graficos/test2PRE.png, id=75, 578.16pt x 433.62pt>
File: Graficos/test2PRE.png Graphic file (type png)

<use Graficos/test2PRE.png>
Package pdftex.def Info: Graficos/test2PRE.png used on input line 331.
(pdftex.def)             Requested size: 284.52756pt x 213.39536pt.

Overfull \vbox (7.73332pt too high) has occurred while \output is active []


[16

] <Graficos/test2variacionPC_h.png, id=81, 819.06pt x 553.06625pt>
File: Graficos/test2variacionPC_h.png Graphic file (type png)

<use Graficos/test2variacionPC_h.png>
Package pdftex.def Info: Graficos/test2variacionPC_h.png used on input line 346
.
(pdftex.def)             Requested size: 398.33858pt x 268.97945pt.

Overfull \vbox (7.73332pt too high) has occurred while \output is active []


[17 <C:/Users/Agustina/Documents/UBA/M√©todos/Repo2wc/trunk/Informe/Graficos/te
st2PRE.png>]
<Graficos/test2variacionPC_h_mayor_temperatura.png, id=86, 658.46pt x 464.73625
pt>
File: Graficos/test2variacionPC_h_mayor_temperatura.png Graphic file (type png)

 <use Graficos/test2variacionPC_h_mayor_temperatura.png>
Package pdftex.def Info: Graficos/test2variacionPC_h_mayor_temperatura.png used
 on input line 355.
(pdftex.def)             Requested size: 398.33858pt x 281.14856pt.

Overfull \vbox (7.73332pt too high) has occurred while \output is active []


[18 <C:/Users/Agustina/Documents/UBA/M√©todos/Repo2wc/trunk/Informe/Graficos/te
st2variacionPC_h.png>]
<Graficos/test2variacionPC_h_menor_radio.png, id=91, 689.57625pt x 488.82625pt>
File: Graficos/test2variacionPC_h_menor_radio.png Graphic file (type png)
<use Graficos/test2variacionPC_h_menor_radio.png>
Package pdftex.def Info: Graficos/test2variacionPC_h_menor_radio.png used on in
put line 364.
(pdftex.def)             Requested size: 398.33858pt x 282.3782pt.

Overfull \vbox (7.73332pt too high) has occurred while \output is active []


[19 <C:/Users/Agustina/Documents/UBA/M√©todos/Repo2wc/trunk/Informe/Graficos/te
st2variacionPC_h_mayor_temperatura.png>]
<Graficos/test2_comparacion.png, id=96, 814.04124pt x 497.86pt>
File: Graficos/test2_comparacion.png Graphic file (type png)

<use Graficos/test2_comparacion.png>
Package pdftex.def Info: Graficos/test2_comparacion.png used on input line 372.

(pdftex.def)             Requested size: 398.33858pt x 243.61928pt.

Overfull \vbox (7.73332pt too high) has occurred while \output is active []


[20 <C:/Users/Agustina/Documents/UBA/M√©todos/Repo2wc/trunk/Informe/Graficos/te
st2variacionPC_h_menor_radio.png>]
<Graficos/test2_post_d4.png, id=101, 578.16pt x 433.62pt>
File: Graficos/test2_post_d4.png Graphic file (type png)

<use Graficos/test2_post_d4.png>
Package pdftex.def Info: Graficos/test2_post_d4.png used on input line 381.
(pdftex.def)             Requested size: 398.33858pt x 298.75482pt.

Overfull \vbox (7.73332pt too high) has occurred while \output is active []


[21 <C:/Users/Agustina/Documents/UBA/M√©todos/Repo2wc/trunk/Informe/Graficos/te
st2_comparacion.png>]
<Graficos/test2_postH_d4.png, id=106, 578.16pt x 433.62pt>
File: Graficos/test2_postH_d4.png Graphic file (type png)

<use Graficos/test2_postH_d4.png>
Package pdftex.def Info: Graficos/test2_postH_d4.png used on input line 390.
(pdftex.def)             Requested size: 398.33858pt x 298.75482pt.

Overfull \vbox (7.73332pt too high) has occurred while \output is active []


[22 <C:/Users/Agustina/Documents/UBA/M√©todos/Repo2wc/trunk/Informe/Graficos/te
st2_post_d4.png>] <Graficos/test3PRE.png, id=112, 578.16pt x 433.62pt>
File: Graficos/test3PRE.png Graphic file (type png)

<use Graficos/test3PRE.png>
Package pdftex.def Info: Graficos/test3PRE.png used on input line 402.
(pdftex.def)             Requested size: 284.52756pt x 213.39536pt.

Overfull \vbox (7.73332pt too high) has occurred while \output is active []


[23 <C:/Users/Agustina/Documents/UBA/M√©todos/Repo2wc/trunk/Informe/Graficos/te
st2_postH_d4.png>]
<Graficos/test3_varTemp.png, id=117, 750.805pt x 540.0175pt>
File: Graficos/test3_varTemp.png Graphic file (type png)

<use Graficos/test3_varTemp.png>
Package pdftex.def Info: Graficos/test3_varTemp.png used on input line 416.
(pdftex.def)             Requested size: 398.33858pt x 286.51279pt.

Overfull \vbox (7.73332pt too high) has occurred while \output is active []


[24 <C:/Users/Agustina/Documents/UBA/M√©todos/Repo2wc/trunk/Informe/Graficos/te
st3PRE.png>] <Graficos/test3_deA1_d2.png, id=122, 578.16pt x 433.62pt>
File: Graficos/test3_deA1_d2.png Graphic file (type png)

<use Graficos/test3_deA1_d2.png>
Package pdftex.def Info: Graficos/test3_deA1_d2.png used on input line 423.
(pdftex.def)             Requested size: 398.33858pt x 298.75482pt.

Overfull \vbox (7.73332pt too high) has occurred while \output is active []


[25 <C:/Users/Agustina/Documents/UBA/M√©todos/Repo2wc/trunk/Informe/Graficos/te
st3_varTemp.png>] <Graficos/test3_porcen_d2.png, id=127, 578.16pt x 433.62pt>
File: Graficos/test3_porcen_d2.png Graphic file (type png)

<use Graficos/test3_porcen_d2.png>
Package pdftex.def Info: Graficos/test3_porcen_d2.png used on input line 434.
(pdftex.def)             Requested size: 398.33858pt x 298.75482pt.

Overfull \vbox (7.73332pt too high) has occurred while \output is active []


[26 <C:/Users/Agustina/Documents/UBA/M√©todos/Repo2wc/trunk/Informe/Graficos/te
st3_deA1_d2.png>]
<Graficos/test3_proximidad_2.png, id=132, 578.16pt x 433.62pt>
File: Graficos/test3_proximidad_2.png Graphic file (type png)

<use Graficos/test3_proximidad_2.png>
Package pdftex.def Info: Graficos/test3_proximidad_2.png used on input line 442
.
(pdftex.def)             Requested size: 398.33858pt x 298.75482pt.

Overfull \vbox (7.73332pt too high) has occurred while \output is active []


[27 <C:/Users/Agustina/Documents/UBA/M√©todos/Repo2wc/trunk/Informe/Graficos/te
st3_porcen_d2.png>]
<Graficos/test3_comparacion_post_matar.png, id=137, 909.3975pt x 475.7775pt>
File: Graficos/test3_comparacion_post_matar.png Graphic file (type png)

<use Graficos/test3_comparacion_post_matar.png>
Package pdftex.def Info: Graficos/test3_comparacion_post_matar.png used on inpu
t line 450.
(pdftex.def)             Requested size: 426.79134pt x 223.28876pt.

Overfull \vbox (7.73332pt too high) has occurred while \output is active []


[28 <C:/Users/Agustina/Documents/UBA/M√©todos/Repo2wc/trunk/Informe/Graficos/te
st3_proximidad_2.png>] <Graficos/test4_PREd5.png, id=143, 578.16pt x 433.62pt>
File: Graficos/test4_PREd5.png Graphic file (type png)

<use Graficos/test4_PREd5.png>
Package pdftex.def Info: Graficos/test4_PREd5.png used on input line 463.
(pdftex.def)             Requested size: 426.79134pt x 320.09303pt.

Overfull \vbox (7.73332pt too high) has occurred while \output is active []


[29 <C:/Users/Agustina/Documents/UBA/M√©todos/Repo2wc/trunk/Informe/Graficos/te
st3_comparacion_post_matar.png>]
<Graficos/test4PREd2.png, id=148, 578.16pt x 433.62pt>
File: Graficos/test4PREd2.png Graphic file (type png)

<use Graficos/test4PREd2.png>
Package pdftex.def Info: Graficos/test4PREd2.png used on input line 477.
(pdftex.def)             Requested size: 426.79134pt x 320.09303pt.

Overfull \vbox (7.73332pt too high) has occurred while \output is active []


[30 <C:/Users/Agustina/Documents/UBA/M√©todos/Repo2wc/trunk/Informe/Graficos/te
st4_PREd5.png>] <Graficos/test4_1d2.png, id=153, 578.16pt x 433.62pt>
File: Graficos/test4_1d2.png Graphic file (type png)

<use Graficos/test4_1d2.png>
Package pdftex.def Info: Graficos/test4_1d2.png used on input line 485.
(pdftex.def)             Requested size: 426.79134pt x 320.09303pt.

Overfull \vbox (7.73332pt too high) has occurred while \output is active []


[31 <C:/Users/Agustina/Documents/UBA/M√©todos/Repo2wc/trunk/Informe/Graficos/te
st4PREd2.png>] <Graficos/test4postH_d2.png, id=158, 578.16pt x 433.62pt>
File: Graficos/test4postH_d2.png Graphic file (type png)

<use Graficos/test4postH_d2.png>
Package pdftex.def Info: Graficos/test4postH_d2.png used on input line 493.
(pdftex.def)             Requested size: 426.79134pt x 320.09303pt.

Overfull \vbox (7.73332pt too high) has occurred while \output is active []


[32 <C:/Users/Agustina/Documents/UBA/M√©todos/Repo2wc/trunk/Informe/Graficos/te
st4_1d2.png>] <Graficos/test4_cmp_tempe.png, id=163, 917.4275pt x 509.905pt>
File: Graficos/test4_cmp_tempe.png Graphic file (type png)

<use Graficos/test4_cmp_tempe.png>
Package pdftex.def Info: Graficos/test4_cmp_tempe.png used on input line 501.
(pdftex.def)             Requested size: 426.79134pt x 237.2123pt.

Overfull \vbox (7.73332pt too high) has occurred while \output is active []


[33 <C:/Users/Agustina/Documents/UBA/M√©todos/Repo2wc/trunk/Informe/Graficos/te
st4postH_d2.png>]
Overfull \vbox (7.73332pt too high) has occurred while \output is active []


[34 <C:/Users/Agustina/Documents/UBA/M√©todos/Repo2wc/trunk/Informe/Graficos/te
st4_cmp_tempe.png>]
Chapter 3.
Missing character: There is no √ in font cmr12!
Missing character: There is no ± in font cmr12!

Underfull \hbox (badness 10000) in paragraph at lines 515--517

 []

Missing character: There is no ‚ in font cmr12!
Missing character: There is no Ä in font cmr12!
Missing character: There is no ú in font cmr12!
Missing character: There is no ‚ in font cmr12!
Missing character: There is no Ä in font cmr12!
Missing character: There is no ù in font cmr12!
Missing character: There is no ¬ in font cmr12!
Missing character: There is no ∫ in font cmr12!

Underfull \hbox (badness 10000) in paragraph at lines 522--525

 []


Overfull \vbox (7.73332pt too high) has occurred while \output is active []


[35

]
Underfull \hbox (badness 10000) in paragraph at lines 527--529

 []


Underfull \hbox (badness 10000) in paragraph at lines 531--533

 []


Overfull \vbox (7.73332pt too high) has occurred while \output is active []


[36]
Missing character: There is no ‚ in font cmr12!
Missing character: There is no Ä in font cmr12!
Missing character: There is no ú in font cmr12!
Missing character: There is no ¬ in font cmr12!
Missing character: There is no ø in font cmr12!
Missing character: There is no ‚ in font cmr12!
Missing character: There is no Ä in font cmr12!
Missing character: There is no ù in font cmr12!

Underfull \hbox (badness 10000) in paragraph at lines 539--540

 []

Missing character: There is no ‚ in font cmr12!
Missing character: There is no Ä in font cmr12!
Missing character: There is no ú in font cmr12!
Missing character: There is no ‚ in font cmr12!
Missing character: There is no Ä in font cmr12!
Missing character: There is no ù in font cmr12!
Missing character: There is no ‚ in font cmr12!
Missing character: There is no Ä in font cmr12!
Missing character: There is no ú in font cmr12!
Missing character: There is no ‚ in font cmr12!
Missing character: There is no Ä in font cmr12!
Missing character: There is no ù in font cmr12!
Missing character: There is no ‚ in font cmr12!
Missing character: There is no Ä in font cmr12!
Missing character: There is no ú in font cmr12!
Missing character: There is no ‚ in font cmr12!
Missing character: There is no Ä in font cmr12!
Missing character: There is no ù in font cmr12!

Underfull \hbox (badness 10000) in paragraph at lines 542--544

 []


Overfull \vbox (7.73332pt too high) has occurred while \output is active []


[37]
Underfull \hbox (badness 10000) in paragraph at lines 546--547

 []


Underfull \hbox (badness 10000) in paragraph at lines 550--551

 []


Underfull \hbox (badness 10000) in paragraph at lines 552--553

 []

Missing character: There is no √ in font cmr12!
Missing character: There is no ± in font cmr12!
Missing character: There is no √ in font cmr12!
Missing character: There is no ± in font cmr12!

Underfull \hbox (badness 10000) in paragraph at lines 554--555

 []


Overfull \vbox (7.73332pt too high) has occurred while \output is active []


[38]
Missing character: There is no ‚ in font cmr12!
Missing character: There is no Ä in font cmr12!
Missing character: There is no ì in font cmr12!
Missing character: There is no ¬ in font cmr12!
Missing character: There is no ø in font cmr12!
Missing character: There is no ‚ in font cmr12!
Missing character: There is no Ä in font cmr12!
Missing character: There is no ú in font cmr12!
Missing character: There is no ‚ in font cmr12!
Missing character: There is no Ä in font cmr12!
Missing character: There is no ù in font cmr12!

Underfull \hbox (badness 10000) in paragraph at lines 558--560

 []

Missing character: There is no √ in font cmr12!
Missing character: There is no ≠ in font cmr12!
Missing character: There is no √ in font cmr12!
Missing character: There is no ≥ in font cmr12!
Missing character: There is no √ in font cmr12!
Missing character: There is no © in font cmr12!
Missing character: There is no √ in font cmr12!
Missing character: There is no ≠ in font cmr12!
Missing character: There is no ‚ in font cmr12!
Missing character: There is no Ä in font cmr12!
Missing character: There is no ú in font cmr12!
Missing character: There is no ‚ in font cmr12!
Missing character: There is no Ä in font cmr12!
Missing character: There is no ù in font cmr12!
Missing character: There is no ‚ in font cmr12!
Missing character: There is no Ä in font cmr12!
Missing character: There is no ú in font cmr12!
Missing character: There is no ¬ in font cmr12!
Missing character: There is no ø in font cmr12!
Missing character: There is no ‚ in font cmr12!
Missing character: There is no Ä in font cmr12!
Missing character: There is no ù in font cmr12!
Missing character: There is no ‚ in font cmr12!
Missing character: There is no Ä in font cmr12!
Missing character: There is no ú in font cmr12!
Missing character: There is no ‚ in font cmr12!
Missing character: There is no Ä in font cmr12!
Missing character: There is no ù in font cmr12!
Missing character: There is no ‚ in font cmr12!
Missing character: There is no Ä in font cmr12!
Missing character: There is no ú in font cmr12!
Missing character: There is no ‚ in font cmr12!
Missing character: There is no Ä in font cmr12!
Missing character: There is no ù in font cmr12!

Underfull \hbox (badness 10000) in paragraph at lines 568--573

 []


Overfull \vbox (7.73332pt too high) has occurred while \output is active []


[39]
Underfull \hbox (badness 10000) in paragraph at lines 574--575

 []

Missing character: There is no √ in font cmr12!
Missing character: There is no ≥ in font cmr12!
Missing character: There is no ‚ in font cmr12!
Missing character: There is no Ä in font cmr12!
Missing character: There is no ú in font cmr12!
Missing character: There is no ‚ in font cmr12!
Missing character: There is no Ä in font cmr12!
Missing character: There is no ù in font cmr12!
Missing character: There is no √ in font cmr12!
Missing character: There is no ≥ in font cmr12!
Missing character: There is no √ in font cmr12!
Missing character: There is no ≠ in font cmr12!
Missing character: There is no √ in font cmr12!
Missing character: There is no ≠ in font cmr12!
Missing character: There is no √ in font cmr12!
Missing character: There is no ≠ in font cmr12!

Underfull \hbox (badness 10000) in paragraph at lines 579--588

 []


Overfull \vbox (7.73332pt too high) has occurred while \output is active []


[40]
Overfull \vbox (7.73332pt too high) has occurred while \output is active []


[41]
Missing character: There is no ‚ in font cmr12!
Missing character: There is no Ä in font cmr12!
Missing character: There is no ú in font cmr12!
Missing character: There is no ‚ in font cmr12!
Missing character: There is no Ä in font cmr12!
Missing character: There is no ù in font cmr12!
Missing character: There is no ‚ in font cmr12!
Missing character: There is no Ä in font cmr12!
Missing character: There is no ù in font cmr12!
Missing character: There is no ‚ in font cmr12!
Missing character: There is no Ä in font cmr12!
Missing character: There is no ú in font cmr12!
Missing character: There is no ‚ in font cmr12!
Missing character: There is no Ä in font cmr12!
Missing character: There is no ù in font cmr12!

Overfull \vbox (7.73332pt too high) has occurred while \output is active []


[42]
Chapter 4.

Underfull \hbox (badness 10000) in paragraph at lines 602--604

 []


Underfull \hbox (badness 10000) in paragraph at lines 605--606

 []


Underfull \hbox (badness 10000) in paragraph at lines 607--608

 []


Underfull \hbox (badness 10000) in paragraph at lines 609--610

 []


Overfull \vbox (7.73332pt too high) has occurred while \output is active []


[43

]
Overfull \vbox (7.73332pt too high) has occurred while \output is active []


[44]
Chapter 5.

Overfull \vbox (7.73332pt too high) has occurred while \output is active []


[45

]
Overfull \vbox (7.73332pt too high) has occurred while \output is active []


[46]
Overfull \hbox (5.06609pt too wide) in paragraph at lines 685--686
[]\OT1/cmr/m/n/12 Se debe im-ple-men-tar un pro-grama en []\OT1/cmtt/m/n/12 C \
OT1/cmr/m/n/12 o []\OT1/cmtt/m/n/12 C++ \OT1/cmr/m/n/12 que tome como en-trada 
los parametros
 []


Overfull \vbox (7.73332pt too high) has occurred while \output is active []


[47]
Overfull \hbox (1.2866pt too wide) in paragraph at lines 692--693
[]\OT1/cmr/m/n/12 Representar la ma-triz del sis-tema aprovechando la es-truc-t
ura banda de la misma,
 []


Overfull \vbox (7.73332pt too high) has occurred while \output is active []


[48]
Overfull \vbox (7.73332pt too high) has occurred while \output is active []


[49]
Overfull \vbox (7.73332pt too high) has occurred while \output is active []


[50]
Overfull \vbox (7.73332pt too high) has occurred while \output is active []


[51]
Underfull \hbox (badness 10000) in paragraph at lines 817--820

 []


Overfull \vbox (7.73332pt too high) has occurred while \output is active []


[52]
Underfull \hbox (badness 10000) in paragraph at lines 856--860

 []


Overfull \vbox (7.73332pt too high) has occurred while \output is active []


[53]

LaTeX Warning: Float too large for page by 10.28314pt on input line 913.


LaTeX Warning: Float too large for page by 92.21638pt on input line 1013.


Overfull \vbox (7.73332pt too high) has occurred while \output is active []


[54]
Overfull \vbox (7.73332pt too high) has occurred while \output is active []


[55]
Overfull \vbox (72.74196pt too high) has occurred while \output is active []


Overfull \vbox (7.73332pt too high) has occurred while \output is active []


[56]
Overfull \vbox (7.73332pt too high) has occurred while \output is active []


[57]
(C:\Users\Agustina\Documents\UBA\M√©todos\Repo2wc\trunk\Informe\Informe1.bbl
Overfull \vbox (7.73332pt too high) has occurred while \output is active []


[58]
Overfull \vbox (7.73332pt too high) has occurred while \output is active []


[59]

LaTeX Warning: Empty `thebibliography' environment on input line 3.

)
Overfull \vbox (7.73332pt too high) has occurred while \output is active []


[60

]
Chapter 6.

Overfull \vbox (7.73332pt too high) has occurred while \output is active []


[61

] [62

]
(C:\Users\Agustina\Documents\UBA\M√©todos\Repo2wc\trunk\Informe\Informe1.aux)

LaTeX Warning: There were multiply-defined labels.

 ) 
Here is how much of TeX's memory you used:
 14480 strings out of 493921
 275115 string characters out of 3147274
 357072 words of memory out of 3000000
 17460 multiletter control sequences out of 15000+200000
 12450 words of font info for 46 fonts, out of 3000000 for 9000
 841 hyphenation exceptions out of 8191
 62i,21n,56p,845b,559s stack positions out of 5000i,500n,10000p,200000b,50000s
<C:/Program Files/MiKTeX 2.9/fonts/type1/public/amsfonts/cm/cmbx12.pfb><C:/Pr
ogram Files/MiKTeX 2.9/fonts/type1/public/amsfonts/cm/cmbx8.pfb><C:/Program Fil
es/MiKTeX 2.9/fonts/type1/public/amsfonts/cm/cmbxti10.pfb><C:/Program Files/MiK
TeX 2.9/fonts/type1/public/amsfonts/cm/cmex10.pfb><C:/Program Files/MiKTeX 2.9/
fonts/type1/public/amsfonts/cm/cmmi12.pfb><C:/Program Files/MiKTeX 2.9/fonts/ty
pe1/public/amsfonts/cm/cmmi8.pfb><C:/Program Files/MiKTeX 2.9/fonts/type1/publi
c/amsfonts/cm/cmr12.pfb><C:/Program Files/MiKTeX 2.9/fonts/type1/public/amsfont
s/cm/cmr17.pfb><C:/Program Files/MiKTeX 2.9/fonts/type1/public/amsfonts/cm/cmr8
.pfb><C:/Program Files/MiKTeX 2.9/fonts/type1/public/amsfonts/cm/cmsl12.pfb><C:
/Program Files/MiKTeX 2.9/fonts/type1/public/amsfonts/cm/cmsy10.pfb><C:/Program
 Files/MiKTeX 2.9/fonts/type1/public/amsfonts/cm/cmsy8.pfb><C:/Program Files/Mi
KTeX 2.9/fonts/type1/public/amsfonts/cm/cmti12.pfb><C:/Program Files/MiKTeX 2.9
/fonts/type1/public/amsfonts/cm/cmtt12.pfb><C:/Program Files/MiKTeX 2.9/fonts/t
ype1/public/amsfonts/symbols/msbm10.pfb>
Output written on Informe1.pdf (65 pages, 1109244 bytes).
PDF statistics:
 311 PDF objects out of 1000 (max. 8388607)
 0 named destinations out of 1000 (max. 500000)
 103 words of extra memory for PDF output out of 10000 (max. 10000000)

