This is pdfTeX, Version 3.1415926-2.4-1.40.13 (MiKTeX 2.9 64-bit) (preloaded format=pdflatex 2013.9.2)  4 SEP 2014 05:11
entering extended mode
**thesis.tex
(C:\Users\Agustina\Documents\UBA\Métodos\Repo2wc\trunk\Informe\thesis.tex
LaTeX2e <2011/06/27>
Babel <v3.8m> and hyphenation patterns for english, afrikaans, ancientgreek, ar
abic, armenian, assamese, basque, bengali, bokmal, bulgarian, catalan, coptic, 
croatian, czech, danish, dutch, esperanto, estonian, farsi, finnish, french, ga
lician, german, german-x-2012-05-30, greek, gujarati, hindi, hungarian, iceland
ic, indonesian, interlingua, irish, italian, kannada, kurmanji, latin, latvian,
 lithuanian, malayalam, marathi, mongolian, mongolianlmc, monogreek, ngerman, n
german-x-2012-05-30, nynorsk, oriya, panjabi, pinyin, polish, portuguese, roman
ian, russian, sanskrit, serbian, slovak, slovenian, spanish, swedish, swissgerm
an, tamil, telugu, turkish, turkmen, ukenglish, ukrainian, uppersorbian, usengl
ishmax, welsh, loaded.
(C:\Users\Agustina\Documents\UBA\Métodos\Repo2wc\trunk\Informe\beavtex.cls
Document Class: beavtex 2013/12/05 v1.1 BeavTeX: OSU thesis class
("C:\Program Files\MiKTeX 2.9\tex\latex\setspace\setspace.sty"
Package: setspace 2011/12/19 v6.7a set line spacing
)
("C:\Program Files\MiKTeX 2.9\tex\latex\base\ifthen.sty"
Package: ifthen 2001/05/26 v1.1c Standard LaTeX ifthen package (DPC)
)
("C:\Program Files\MiKTeX 2.9\tex\latex\ulem\ulem.sty"
\UL@box=\box26
\UL@hyphenbox=\box27
\UL@skip=\skip41
\UL@hook=\toks14
\UL@height=\dimen102
\UL@pe=\count79
\UL@pixel=\dimen103
\ULC@box=\box28
Package: ulem 2012/05/18
\ULdepth=\dimen104
)
("C:\Program Files\MiKTeX 2.9\tex\latex\base\book.cls"
Document Class: book 2007/10/19 v1.4h Standard LaTeX document class
("C:\Program Files\MiKTeX 2.9\tex\latex\base\bk12.clo"
File: bk12.clo 2007/10/19 v1.4h Standard LaTeX file (size option)
)
\c@part=\count80
\c@chapter=\count81
\c@section=\count82
\c@subsection=\count83
\c@subsubsection=\count84
\c@paragraph=\count85
\c@subparagraph=\count86
\c@figure=\count87
\c@table=\count88
\abovecaptionskip=\skip42
\belowcaptionskip=\skip43
\bibindent=\dimen105
))
("C:\Program Files\MiKTeX 2.9\tex\latex\graphics\graphicx.sty"
Package: graphicx 1999/02/16 v1.0f Enhanced LaTeX Graphics (DPC,SPQR)

("C:\Program Files\MiKTeX 2.9\tex\latex\graphics\keyval.sty"
Package: keyval 1999/03/16 v1.13 key=value parser (DPC)
\KV@toks@=\toks15
)
("C:\Program Files\MiKTeX 2.9\tex\latex\graphics\graphics.sty"
Package: graphics 2009/02/05 v1.0o Standard LaTeX Graphics (DPC,SPQR)

("C:\Program Files\MiKTeX 2.9\tex\latex\graphics\trig.sty"
Package: trig 1999/03/16 v1.09 sin cos tan (DPC)
)
("C:\Program Files\MiKTeX 2.9\tex\latex\00miktex\graphics.cfg"
File: graphics.cfg 2007/01/18 v1.5 graphics configuration of teTeX/TeXLive
)
Package graphics Info: Driver file: pdftex.def on input line 91.

("C:\Program Files\MiKTeX 2.9\tex\latex\pdftex-def\pdftex.def"
File: pdftex.def 2011/05/27 v0.06d Graphics/color for pdfTeX

("C:\Program Files\MiKTeX 2.9\tex\generic\oberdiek\infwarerr.sty"
Package: infwarerr 2010/04/08 v1.3 Providing info/warning/error messages (HO)
)
("C:\Program Files\MiKTeX 2.9\tex\generic\oberdiek\ltxcmds.sty"
Package: ltxcmds 2011/11/09 v1.22 LaTeX kernel commands for general use (HO)
)
\Gread@gobject=\count89
))
\Gin@req@height=\dimen106
\Gin@req@width=\dimen107
)
("C:\Program Files\MiKTeX 2.9\tex\latex\rotating\rotating.sty"
Package: rotating 2009/03/28 v2.16a rotated objects in LaTeX
\c@r@tfl@t=\count90
\rotFPtop=\skip44
\rotFPbot=\skip45
\rot@float@box=\box29
\rot@mess@toks=\toks16
)
("C:\Program Files\MiKTeX 2.9\tex\latex\tablefootnote\tablefootnote.sty"
Package: tablefootnote 2014/01/26 v1.1c Table foot notes (HMM)

("C:\Program Files\MiKTeX 2.9\tex\latex\oberdiek\letltxmacro.sty"
Package: letltxmacro 2010/09/02 v1.4 Let assignment for LaTeX macros (HO)
)
("C:\Program Files\MiKTeX 2.9\tex\latex\xifthen\xifthen.sty"
Package: xifthen 2009/04/17 v1.3 Extended ifthen features

("C:\Program Files\MiKTeX 2.9\tex\latex\misc\etex.sty"
Package: etex 1998/03/26 v2.0 eTeX basic definition package (PEB)
\et@xins=\count91
)
("C:\Program Files\MiKTeX 2.9\tex\latex\tools\calc.sty"
Package: calc 2007/08/22 v4.3 Infix arithmetic (KKT,FJ)
\calc@Acount=\count92
\calc@Bcount=\count93
\calc@Adimen=\dimen108
\calc@Bdimen=\dimen109
\calc@Askip=\skip46
\calc@Bskip=\skip47
LaTeX Info: Redefining \setlength on input line 76.
LaTeX Info: Redefining \addtolength on input line 77.
\calc@Ccount=\count94
\calc@Cskip=\skip48
)
("C:\Program Files\MiKTeX 2.9\tex\latex\ifmtarg\ifmtarg.sty"
Package: ifmtarg 2009/09/02 v1.2a check for an empty argument
))
("C:\Program Files\MiKTeX 2.9\tex\latex\etoolbox\etoolbox.sty"
Package: etoolbox 2011/01/03 v2.1 e-TeX tools for LaTeX
\etb@tempcnta=\count95
))
! Undefined control sequence.
l.19 \abstract
              {This is a LaTex template derived from the beavtex template fo...
The control sequence at the end of the top line
of your error message was never \def'ed. If you have
misspelled it (e.g., `\hobx'), type `I' and the correct
spelling (e.g., `I\hbox'). Otherwise just continue,
and I'll forget about whatever was undefined.


! LaTeX Error: Missing \begin{document}.

See the LaTeX manual or LaTeX Companion for explanation.
Type  H <return>  for immediate help.
 ...                                              
                                                  
l.19 \abstract{T
                his is a LaTex template derived from the beavtex template fo...

You're in trouble here.  Try typing  <return>  to proceed.
If that doesn't work, type  X <return>  to quit.

LaTeX Font Info:    Try loading font information for OMS+cmr on input line 21.
("C:\Program Files\MiKTeX 2.9\tex\latex\base\omscmr.fd"
File: omscmr.fd 1999/05/25 v2.5h Standard LaTeX font definitions
)
LaTeX Font Info:    Font shape `OMS/cmr/m/n' in size <12> not available
(Font)              Font shape `OMS/cmsy/m/n' tried instead on input line 21.

No file thesis.aux.
LaTeX Font Info:    Checking defaults for OML/cmm/m/it on input line 31.
LaTeX Font Info:    ... okay on input line 31.
LaTeX Font Info:    Checking defaults for T1/cmr/m/n on input line 31.
LaTeX Font Info:    ... okay on input line 31.
LaTeX Font Info:    Checking defaults for OT1/cmr/m/n on input line 31.
LaTeX Font Info:    ... okay on input line 31.
LaTeX Font Info:    Checking defaults for OMS/cmsy/m/n on input line 31.
LaTeX Font Info:    ... okay on input line 31.
LaTeX Font Info:    Checking defaults for OMX/cmex/m/n on input line 31.
LaTeX Font Info:    ... okay on input line 31.
LaTeX Font Info:    Checking defaults for U/cmr/m/n on input line 31.
LaTeX Font Info:    ... okay on input line 31.
("C:\Program Files\MiKTeX 2.9\tex\context\base\supp-pdf.mkii"
[Loading MPS to PDF converter (version 2006.09.02).]
\scratchcounter=\count96
\scratchdimen=\dimen110
\scratchbox=\box30
\nofMPsegments=\count97
\nofMParguments=\count98
\everyMPshowfont=\toks17
\MPscratchCnt=\count99
\MPscratchDim=\dimen111
\MPnumerator=\count100
\makeMPintoPDFobject=\count101
\everyMPtoPDFconversion=\toks18
)
Overfull \hbox (7.62512pt too wide) in paragraph at lines 32--32
 [] 
 []


! LaTeX Error: No subtitle defined.

See the LaTeX manual or LaTeX Companion for explanation.
Type  H <return>  for immediate help.
 ...                                              
                                                  
l.32 \maketitle
               
Try typing  <return>  to proceed.
If that doesn't work, type  X <return>  to quit.


! LaTeX Error: There's no line here to end.

See the LaTeX manual or LaTeX Companion for explanation.
Type  H <return>  for immediate help.
 ...                                              
                                                  
l.32 \maketitle
               
Your command was ignored.
Type  I <command> <return>  to replace it with another command,
or  <return>  to continue without it.


Overfull \hbox (7.62512pt too wide) in paragraph at lines 32--32
 [][] 
 []


! LaTeX Error: No Agustina defined.

See the LaTeX manual or LaTeX Companion for explanation.
Type  H <return>  for immediate help.
 ...                                              
                                                  
l.32 \maketitle
               
Try typing  <return>  to proceed.
If that doesn't work, type  X <return>  to quit.


! LaTeX Error: No Belen defined.

See the LaTeX manual or LaTeX Companion for explanation.
Type  H <return>  for immediate help.
 ...                                              
                                                  
l.32 \maketitle
               
Try typing  <return>  to proceed.
If that doesn't work, type  X <return>  to quit.


! LaTeX Error: No Gustavo defined.

See the LaTeX manual or LaTeX Companion for explanation.
Type  H <return>  for immediate help.
 ...                                              
                                                  
l.32 \maketitle
               
Try typing  <return>  to proceed.
If that doesn't work, type  X <return>  to quit.


Overfull \vbox (236.25513pt too high) has occurred while \output is active []


[1

{C:/ProgramData/MiKTeX/2.9/pdftex/config/pdftex.map}] [2

]
(C:\Users\Agustina\Documents\UBA\Métodos\Repo2wc\trunk\Informe\thesis.toc
LaTeX Font Info:    External font `cmex10' loaded for size
(Font)              <12> on input line 1.
LaTeX Font Info:    External font `cmex10' loaded for size
(Font)              <8> on input line 1.
LaTeX Font Info:    External font `cmex10' loaded for size
(Font)              <6> on input line 1.
)
\tf@toc=\write3

Overfull \vbox (7.96431pt too high) has occurred while \output is active []


[3


]
Overfull \vbox (8.2pt too high) has occurred while \output is active []

 [4]
Chapter 1.

LaTeX Warning: Citation `smith' on page 1 undefined on input line 41.

[1


]
Overfull \vbox (7.73332pt too high) has occurred while \output is active []


[2]
Chapter 2.
<frog.jpg, id=25, 748.7975pt x 741.77126pt>
File: frog.jpg Graphic file (type jpg)
 <use frog.jpg>
Package pdftex.def Info: frog.jpg used on input line 64.
(pdftex.def)             Requested size: 256.0748pt x 253.6703pt.


LaTeX Warning: Reference `fig:frog' on page 3 undefined on input line 71.


Overfull \vbox (7.73332pt too high) has occurred while \output is active []


[3

 <C:/Users/Agustina/Documents/UBA/Métodos/Repo2wc/trunk/Informe/frog.jpg>]
Overfull \vbox (7.73332pt too high) has occurred while \output is active []


[4]
Chapter 3.

Overfull \vbox (7.73332pt too high) has occurred while \output is active []


[5

]
Overfull \vbox (7.73332pt too high) has occurred while \output is active []


[6]
Chapter 4.

Overfull \vbox (7.73332pt too high) has occurred while \output is active []


[7

]
Overfull \vbox (7.73332pt too high) has occurred while \output is active []


[8]
Overfull \vbox (7.73332pt too high) has occurred while \output is active []


[9] <chart.pdf, id=53, 455.7025pt x 255.95625pt>
File: chart.pdf Graphic file (type pdf)
 <use chart.pdf>
Package pdftex.def Info: chart.pdf used on input line 157.
(pdftex.def)             Requested size: 398.33858pt x 223.74245pt.
File: chart.pdf Graphic file (type pdf)

<use chart.pdf>
Package pdftex.def Info: chart.pdf used on input line 167.
(pdftex.def)             Requested size: 512.1496pt x 287.66885pt.

Overfull \vbox (7.73332pt too high) has occurred while \output is active []


[10 <C:/Users/Agustina/Documents/UBA/Métodos/Repo2wc/trunk/Informe/chart.pdf>]

Overfull \vbox (7.73332pt too high) has occurred while \output is active []


[11]
Chapter 5.

Overfull \vbox (7.73332pt too high) has occurred while \output is active []


[12

]

LaTeX Warning: Reference `eq:initialeq' on page 13 undefined on input line 191.



Overfull \vbox (7.73332pt too high) has occurred while \output is active []


[13]
Overfull \vbox (7.73332pt too high) has occurred while \output is active []


[14]
LaTeX Font Info:    External font `cmex10' loaded for size
(Font)              <7> on input line 235.
LaTeX Font Info:    External font `cmex10' loaded for size
(Font)              <5> on input line 235.

Overfull \vbox (7.73332pt too high) has occurred while \output is active []


[15]
Chapter 6.

Overfull \vbox (7.73332pt too high) has occurred while \output is active []


[16

]
Overfull \vbox (7.73332pt too high) has occurred while \output is active []


[17]
No file thesis.bbl.

Overfull \vbox (7.73332pt too high) has occurred while \output is active []


[18

]
Appendix A.

Overfull \vbox (7.73332pt too high) has occurred while \output is active []


[19


]
Appendix B.

Overfull \vbox (7.73332pt too high) has occurred while \output is active []


[20

] [21

]
(C:\Users\Agustina\Documents\UBA\Métodos\Repo2wc\trunk\Informe\thesis.aux)

LaTeX Warning: There were undefined references.


LaTeX Warning: Label(s) may have changed. Rerun to get cross-references right.

 ) 
Here is how much of TeX's memory you used:
 2076 strings out of 493921
 27130 string characters out of 3147274
 87309 words of memory out of 3000000
 5357 multiletter control sequences out of 15000+200000
 8037 words of font info for 29 fonts, out of 3000000 for 9000
 841 hyphenation exceptions out of 8191
 29i,14n,21p,943b,314s stack positions out of 5000i,500n,10000p,200000b,50000s
<C:/Program Files/MiKTeX 2.9/fonts/type1/public/amsfonts/cm/cmbx12.pfb><C:/Pr
ogram Files/MiKTeX 2.9/fonts/type1/public/amsfonts/cm/cmex10.pfb><C:/Program Fi
les/MiKTeX 2.9/fonts/type1/public/amsfonts/cm/cmmi12.pfb><C:/Program Files/MiKT
eX 2.9/fonts/type1/public/amsfonts/cm/cmmi6.pfb><C:/Program Files/MiKTeX 2.9/fo
nts/type1/public/amsfonts/cm/cmmi8.pfb><C:/Program Files/MiKTeX 2.9/fonts/type1
/public/amsfonts/cm/cmr10.pfb><C:/Program Files/MiKTeX 2.9/fonts/type1/public/a
msfonts/cm/cmr12.pfb><C:/Program Files/MiKTeX 2.9/fonts/type1/public/amsfonts/c
m/cmr17.pfb><C:/Program Files/MiKTeX 2.9/fonts/type1/public/amsfonts/cm/cmr7.pf
b><C:/Program Files/MiKTeX 2.9/fonts/type1/public/amsfonts/cm/cmr8.pfb><C:/Prog
ram Files/MiKTeX 2.9/fonts/type1/public/amsfonts/cm/cmsl12.pfb><C:/Program File
s/MiKTeX 2.9/fonts/type1/public/amsfonts/cm/cmsy10.pfb><C:/Program Files/MiKTeX
 2.9/fonts/type1/public/amsfonts/cm/cmsy8.pfb>
Output written on thesis.pdf (25 pages, 320261 bytes).
PDF statistics:
 150 PDF objects out of 1000 (max. 8388607)
 0 named destinations out of 1000 (max. 500000)
 11 words of extra memory for PDF output out of 10000 (max. 10000000)

