This is pdfTeX, Version 3.1415926-2.4-1.40.13 (MiKTeX 2.9 64-bit) (preloaded format=pdflatex 2013.9.2)  13 NOV 2014 04:48
entering extended mode
**informe.tex
(C:\Users\Agustina\Documents\GitHub\MetNum\TP3\Informe\informe.tex
LaTeX2e <2011/06/27>
Babel <v3.8m> and hyphenation patterns for english, afrikaans, ancientgreek, ar
abic, armenian, assamese, basque, bengali, bokmal, bulgarian, catalan, coptic, 
croatian, czech, danish, dutch, esperanto, estonian, farsi, finnish, french, ga
lician, german, german-x-2012-05-30, greek, gujarati, hindi, hungarian, iceland
ic, indonesian, interlingua, irish, italian, kannada, kurmanji, latin, latvian,
 lithuanian, malayalam, marathi, mongolian, mongolianlmc, monogreek, ngerman, n
german-x-2012-05-30, nynorsk, oriya, panjabi, pinyin, polish, portuguese, roman
ian, russian, sanskrit, serbian, slovak, slovenian, spanish, swedish, swissgerm
an, tamil, telugu, turkish, turkmen, ukenglish, ukrainian, uppersorbian, usengl
ishmax, welsh, loaded.
("C:\Program Files\MiKTeX 2.9\tex\latex\base\article.cls"
Document Class: article 2007/10/19 v1.4h Standard LaTeX document class
("C:\Program Files\MiKTeX 2.9\tex\latex\base\size10.clo"
File: size10.clo 2007/10/19 v1.4h Standard LaTeX file (size option)
)
\c@part=\count79
\c@section=\count80
\c@subsection=\count81
\c@subsubsection=\count82
\c@paragraph=\count83
\c@subparagraph=\count84
\c@figure=\count85
\c@table=\count86
\abovecaptionskip=\skip41
\belowcaptionskip=\skip42
\bibindent=\dimen102
)
("C:\Program Files\MiKTeX 2.9\tex\generic\babel\babel.sty"
Package: babel 2008/07/08 v3.8m The Babel package

*************************************
* Local config file bblopts.cfg used
*
("C:\Program Files\MiKTeX 2.9\tex\latex\00miktex\bblopts.cfg"
File: bblopts.cfg 2006/07/31 v1.0 MiKTeX 'babel' configuration
)
("C:\Program Files\MiKTeX 2.9\tex\generic\babel\spanish.ldf"
Language: spanish.ldf 2009/01/02 v5.0h Spanish support from the babel system

("C:\Program Files\MiKTeX 2.9\tex\generic\babel\babel.def"
File: babel.def 2008/07/08 v3.8m Babel common definitions
\babel@savecnt=\count87
\U@D=\dimen103
)
\es@datefmt=\count88
\es@quottoks=\toks14
\es@quotdepth=\count89
Package babel Info: Making " an active character on input line 492.
Package babel Info: Making . an active character on input line 585.
Package babel Info: Making < an active character on input line 630.
Package babel Info: Making > an active character on input line 630.
))
("C:\Program Files\MiKTeX 2.9\tex\latex\base\inputenc.sty"
Package: inputenc 2008/03/30 v1.1d Input encoding file
\inpenc@prehook=\toks15
\inpenc@posthook=\toks16

("C:\Program Files\MiKTeX 2.9\tex\latex\base\utf8.def"
File: utf8.def 2008/04/05 v1.1m UTF-8 support for inputenc
Now handling font encoding OML ...
... no UTF-8 mapping file for font encoding OML
Now handling font encoding T1 ...
... processing UTF-8 mapping file for font encoding T1

("C:\Program Files\MiKTeX 2.9\tex\latex\base\t1enc.dfu"
File: t1enc.dfu 2008/04/05 v1.1m UTF-8 support for inputenc
   defining Unicode char U+00A1 (decimal 161)
   defining Unicode char U+00A3 (decimal 163)
   defining Unicode char U+00AB (decimal 171)
   defining Unicode char U+00BB (decimal 187)
   defining Unicode char U+00BF (decimal 191)
   defining Unicode char U+00C0 (decimal 192)
   defining Unicode char U+00C1 (decimal 193)
   defining Unicode char U+00C2 (decimal 194)
   defining Unicode char U+00C3 (decimal 195)
   defining Unicode char U+00C4 (decimal 196)
   defining Unicode char U+00C5 (decimal 197)
   defining Unicode char U+00C6 (decimal 198)
   defining Unicode char U+00C7 (decimal 199)
   defining Unicode char U+00C8 (decimal 200)
   defining Unicode char U+00C9 (decimal 201)
   defining Unicode char U+00CA (decimal 202)
   defining Unicode char U+00CB (decimal 203)
   defining Unicode char U+00CC (decimal 204)
   defining Unicode char U+00CD (decimal 205)
   defining Unicode char U+00CE (decimal 206)
   defining Unicode char U+00CF (decimal 207)
   defining Unicode char U+00D0 (decimal 208)
   defining Unicode char U+00D1 (decimal 209)
   defining Unicode char U+00D2 (decimal 210)
   defining Unicode char U+00D3 (decimal 211)
   defining Unicode char U+00D4 (decimal 212)
   defining Unicode char U+00D5 (decimal 213)
   defining Unicode char U+00D6 (decimal 214)
   defining Unicode char U+00D8 (decimal 216)
   defining Unicode char U+00D9 (decimal 217)
   defining Unicode char U+00DA (decimal 218)
   defining Unicode char U+00DB (decimal 219)
   defining Unicode char U+00DC (decimal 220)
   defining Unicode char U+00DD (decimal 221)
   defining Unicode char U+00DE (decimal 222)
   defining Unicode char U+00DF (decimal 223)
   defining Unicode char U+00E0 (decimal 224)
   defining Unicode char U+00E1 (decimal 225)
   defining Unicode char U+00E2 (decimal 226)
   defining Unicode char U+00E3 (decimal 227)
   defining Unicode char U+00E4 (decimal 228)
   defining Unicode char U+00E5 (decimal 229)
   defining Unicode char U+00E6 (decimal 230)
   defining Unicode char U+00E7 (decimal 231)
   defining Unicode char U+00E8 (decimal 232)
   defining Unicode char U+00E9 (decimal 233)
   defining Unicode char U+00EA (decimal 234)
   defining Unicode char U+00EB (decimal 235)
   defining Unicode char U+00EC (decimal 236)
   defining Unicode char U+00ED (decimal 237)
   defining Unicode char U+00EE (decimal 238)
   defining Unicode char U+00EF (decimal 239)
   defining Unicode char U+00F0 (decimal 240)
   defining Unicode char U+00F1 (decimal 241)
   defining Unicode char U+00F2 (decimal 242)
   defining Unicode char U+00F3 (decimal 243)
   defining Unicode char U+00F4 (decimal 244)
   defining Unicode char U+00F5 (decimal 245)
   defining Unicode char U+00F6 (decimal 246)
   defining Unicode char U+00F8 (decimal 248)
   defining Unicode char U+00F9 (decimal 249)
   defining Unicode char U+00FA (decimal 250)
   defining Unicode char U+00FB (decimal 251)
   defining Unicode char U+00FC (decimal 252)
   defining Unicode char U+00FD (decimal 253)
   defining Unicode char U+00FE (decimal 254)
   defining Unicode char U+00FF (decimal 255)
   defining Unicode char U+0102 (decimal 258)
   defining Unicode char U+0103 (decimal 259)
   defining Unicode char U+0104 (decimal 260)
   defining Unicode char U+0105 (decimal 261)
   defining Unicode char U+0106 (decimal 262)
   defining Unicode char U+0107 (decimal 263)
   defining Unicode char U+010C (decimal 268)
   defining Unicode char U+010D (decimal 269)
   defining Unicode char U+010E (decimal 270)
   defining Unicode char U+010F (decimal 271)
   defining Unicode char U+0110 (decimal 272)
   defining Unicode char U+0111 (decimal 273)
   defining Unicode char U+0118 (decimal 280)
   defining Unicode char U+0119 (decimal 281)
   defining Unicode char U+011A (decimal 282)
   defining Unicode char U+011B (decimal 283)
   defining Unicode char U+011E (decimal 286)
   defining Unicode char U+011F (decimal 287)
   defining Unicode char U+0130 (decimal 304)
   defining Unicode char U+0131 (decimal 305)
   defining Unicode char U+0132 (decimal 306)
   defining Unicode char U+0133 (decimal 307)
   defining Unicode char U+0139 (decimal 313)
   defining Unicode char U+013A (decimal 314)
   defining Unicode char U+013D (decimal 317)
   defining Unicode char U+013E (decimal 318)
   defining Unicode char U+0141 (decimal 321)
   defining Unicode char U+0142 (decimal 322)
   defining Unicode char U+0143 (decimal 323)
   defining Unicode char U+0144 (decimal 324)
   defining Unicode char U+0147 (decimal 327)
   defining Unicode char U+0148 (decimal 328)
   defining Unicode char U+014A (decimal 330)
   defining Unicode char U+014B (decimal 331)
   defining Unicode char U+0150 (decimal 336)
   defining Unicode char U+0151 (decimal 337)
   defining Unicode char U+0152 (decimal 338)
   defining Unicode char U+0153 (decimal 339)
   defining Unicode char U+0154 (decimal 340)
   defining Unicode char U+0155 (decimal 341)
   defining Unicode char U+0158 (decimal 344)
   defining Unicode char U+0159 (decimal 345)
   defining Unicode char U+015A (decimal 346)
   defining Unicode char U+015B (decimal 347)
   defining Unicode char U+015E (decimal 350)
   defining Unicode char U+015F (decimal 351)
   defining Unicode char U+0160 (decimal 352)
   defining Unicode char U+0161 (decimal 353)
   defining Unicode char U+0162 (decimal 354)
   defining Unicode char U+0163 (decimal 355)
   defining Unicode char U+0164 (decimal 356)
   defining Unicode char U+0165 (decimal 357)
   defining Unicode char U+016E (decimal 366)
   defining Unicode char U+016F (decimal 367)
   defining Unicode char U+0170 (decimal 368)
   defining Unicode char U+0171 (decimal 369)
   defining Unicode char U+0178 (decimal 376)
   defining Unicode char U+0179 (decimal 377)
   defining Unicode char U+017A (decimal 378)
   defining Unicode char U+017B (decimal 379)
   defining Unicode char U+017C (decimal 380)
   defining Unicode char U+017D (decimal 381)
   defining Unicode char U+017E (decimal 382)
   defining Unicode char U+200C (decimal 8204)
   defining Unicode char U+2013 (decimal 8211)
   defining Unicode char U+2014 (decimal 8212)
   defining Unicode char U+2018 (decimal 8216)
   defining Unicode char U+2019 (decimal 8217)
   defining Unicode char U+201A (decimal 8218)
   defining Unicode char U+201C (decimal 8220)
   defining Unicode char U+201D (decimal 8221)
   defining Unicode char U+201E (decimal 8222)
   defining Unicode char U+2030 (decimal 8240)
   defining Unicode char U+2031 (decimal 8241)
   defining Unicode char U+2039 (decimal 8249)
   defining Unicode char U+203A (decimal 8250)
   defining Unicode char U+2423 (decimal 9251)
)
Now handling font encoding OT1 ...
... processing UTF-8 mapping file for font encoding OT1

("C:\Program Files\MiKTeX 2.9\tex\latex\base\ot1enc.dfu"
File: ot1enc.dfu 2008/04/05 v1.1m UTF-8 support for inputenc
   defining Unicode char U+00A1 (decimal 161)
   defining Unicode char U+00A3 (decimal 163)
   defining Unicode char U+00B8 (decimal 184)
   defining Unicode char U+00BF (decimal 191)
   defining Unicode char U+00C5 (decimal 197)
   defining Unicode char U+00C6 (decimal 198)
   defining Unicode char U+00D8 (decimal 216)
   defining Unicode char U+00DF (decimal 223)
   defining Unicode char U+00E6 (decimal 230)
   defining Unicode char U+00EC (decimal 236)
   defining Unicode char U+00ED (decimal 237)
   defining Unicode char U+00EE (decimal 238)
   defining Unicode char U+00EF (decimal 239)
   defining Unicode char U+00F8 (decimal 248)
   defining Unicode char U+0131 (decimal 305)
   defining Unicode char U+0141 (decimal 321)
   defining Unicode char U+0142 (decimal 322)
   defining Unicode char U+0152 (decimal 338)
   defining Unicode char U+0153 (decimal 339)
   defining Unicode char U+2013 (decimal 8211)
   defining Unicode char U+2014 (decimal 8212)
   defining Unicode char U+2018 (decimal 8216)
   defining Unicode char U+2019 (decimal 8217)
   defining Unicode char U+201C (decimal 8220)
   defining Unicode char U+201D (decimal 8221)
)
Now handling font encoding OMS ...
... processing UTF-8 mapping file for font encoding OMS

("C:\Program Files\MiKTeX 2.9\tex\latex\base\omsenc.dfu"
File: omsenc.dfu 2008/04/05 v1.1m UTF-8 support for inputenc
   defining Unicode char U+00A7 (decimal 167)
   defining Unicode char U+00B6 (decimal 182)
   defining Unicode char U+00B7 (decimal 183)
   defining Unicode char U+2020 (decimal 8224)
   defining Unicode char U+2021 (decimal 8225)
   defining Unicode char U+2022 (decimal 8226)
)
Now handling font encoding OMX ...
... no UTF-8 mapping file for font encoding OMX
Now handling font encoding U ...
... no UTF-8 mapping file for font encoding U
   defining Unicode char U+00A9 (decimal 169)
   defining Unicode char U+00AA (decimal 170)
   defining Unicode char U+00AE (decimal 174)
   defining Unicode char U+00BA (decimal 186)
   defining Unicode char U+02C6 (decimal 710)
   defining Unicode char U+02DC (decimal 732)
   defining Unicode char U+200C (decimal 8204)
   defining Unicode char U+2026 (decimal 8230)
   defining Unicode char U+2122 (decimal 8482)
   defining Unicode char U+2423 (decimal 9251)
))
("C:\Program Files\MiKTeX 2.9\tex\latex\psnfss\charter.sty"
Package: charter 2005/04/12 PSNFSS-v9.2a (P.Dyballa) 
)
("C:\Program Files\MiKTeX 2.9\tex\latex\graphics\graphicx.sty"
Package: graphicx 1999/02/16 v1.0f Enhanced LaTeX Graphics (DPC,SPQR)

("C:\Program Files\MiKTeX 2.9\tex\latex\graphics\keyval.sty"
Package: keyval 1999/03/16 v1.13 key=value parser (DPC)
\KV@toks@=\toks17
)
("C:\Program Files\MiKTeX 2.9\tex\latex\graphics\graphics.sty"
Package: graphics 2009/02/05 v1.0o Standard LaTeX Graphics (DPC,SPQR)

("C:\Program Files\MiKTeX 2.9\tex\latex\graphics\trig.sty"
Package: trig 1999/03/16 v1.09 sin cos tan (DPC)
)
("C:\Program Files\MiKTeX 2.9\tex\latex\00miktex\graphics.cfg"
File: graphics.cfg 2007/01/18 v1.5 graphics configuration of teTeX/TeXLive
)
Package graphics Info: Driver file: pdftex.def on input line 91.

("C:\Program Files\MiKTeX 2.9\tex\latex\pdftex-def\pdftex.def"
File: pdftex.def 2011/05/27 v0.06d Graphics/color for pdfTeX

("C:\Program Files\MiKTeX 2.9\tex\generic\oberdiek\infwarerr.sty"
Package: infwarerr 2010/04/08 v1.3 Providing info/warning/error messages (HO)
)
("C:\Program Files\MiKTeX 2.9\tex\generic\oberdiek\ltxcmds.sty"
Package: ltxcmds 2011/11/09 v1.22 LaTeX kernel commands for general use (HO)
)
\Gread@gobject=\count90
))
\Gin@req@height=\dimen104
\Gin@req@width=\dimen105
)
("C:\Program Files\MiKTeX 2.9\tex\latex\paralist\paralist.sty"
Package: paralist 2013/06/09 v2.4 Extended list environments
\pltopsep=\skip43
\plpartopsep=\skip44
\plitemsep=\skip45
\plparsep=\skip46
\pl@lab=\toks18
)
("C:\Program Files\MiKTeX 2.9\tex\latex\pdfpages\pdfpages.sty"
Package: pdfpages 2013/08/25 v0.4v Insert pages of external PDF documents (AM)

("C:\Program Files\MiKTeX 2.9\tex\latex\base\ifthen.sty"
Package: ifthen 2001/05/26 v1.1c Standard LaTeX ifthen package (DPC)
)
("C:\Program Files\MiKTeX 2.9\tex\latex\tools\calc.sty"
Package: calc 2007/08/22 v4.3 Infix arithmetic (KKT,FJ)
\calc@Acount=\count91
\calc@Bcount=\count92
\calc@Adimen=\dimen106
\calc@Bdimen=\dimen107
\calc@Askip=\skip47
\calc@Bskip=\skip48
LaTeX Info: Redefining \setlength on input line 76.
LaTeX Info: Redefining \addtolength on input line 77.
\calc@Ccount=\count93
\calc@Cskip=\skip49
)
("C:\Program Files\MiKTeX 2.9\tex\latex\eso-pic\eso-pic.sty"
Package: eso-pic 2013/10/06 v2.0d eso-pic (RN)

("C:\Program Files\MiKTeX 2.9\tex\generic\oberdiek\atbegshi.sty"
Package: atbegshi 2011/10/05 v1.16 At begin shipout hook (HO)

("C:\Program Files\MiKTeX 2.9\tex\generic\oberdiek\ifpdf.sty"
Package: ifpdf 2011/01/30 v2.3 Provides the ifpdf switch (HO)
Package ifpdf Info: pdfTeX in PDF mode is detected.
))
("C:\Program Files\MiKTeX 2.9\tex\latex\xcolor\xcolor.sty"
Package: xcolor 2007/01/21 v2.11 LaTeX color extensions (UK)

("C:\Program Files\MiKTeX 2.9\tex\latex\00miktex\color.cfg"
File: color.cfg 2007/01/18 v1.5 color configuration of teTeX/TeXLive
)
Package xcolor Info: Driver file: pdftex.def on input line 225.
Package xcolor Info: Model `cmy' substituted by `cmy0' on input line 1337.
Package xcolor Info: Model `hsb' substituted by `rgb' on input line 1341.
Package xcolor Info: Model `RGB' extended on input line 1353.
Package xcolor Info: Model `HTML' substituted by `rgb' on input line 1355.
Package xcolor Info: Model `Hsb' substituted by `hsb' on input line 1356.
Package xcolor Info: Model `tHsb' substituted by `hsb' on input line 1357.
Package xcolor Info: Model `HSB' substituted by `hsb' on input line 1358.
Package xcolor Info: Model `Gray' substituted by `gray' on input line 1359.
Package xcolor Info: Model `wave' substituted by `hsb' on input line 1360.
))
("C:\Program Files\MiKTeX 2.9\tex\latex\pdfpages\pppdftex.def"
File: pppdftex.def 2013/08/25 v0.4v Pdfpages driver for pdfTeX (AM)
)
\AM@pagebox=\box26
\AM@toc@title=\toks19
\c@AM@survey=\count94
\AM@templatesizebox=\box27
)
(C:\Users\Agustina\Documents\GitHub\MetNum\TP3\Informe\codesnippet.tex
("C:\Program Files\MiKTeX 2.9\tex\latex\fancybox\fancybox.sty"
Package: fancybox 2010/05/15 1.4

Style option: `fancybox' v1.4 <2010/05/15> (tvz)
\@fancybox=\box28
\shadowsize=\dimen108
\@Sbox=\box29
\do@VerbBox=\toks20
\the@fancyput=\toks21
\this@fancyput=\toks22
\EndVerbatimTokens=\toks23
\Verbatim@Outfile=\write3
\Verbatim@Infile=\read1
)) (C:\Users\Agustina\Documents\GitHub\MetNum\TP3\Informe\page.layout.tex
("C:\Program Files\MiKTeX 2.9\tex\latex\fancyhdr\fancyhdr.sty"
\fancy@headwidth=\skip50
\f@ncyO@elh=\skip51
\f@ncyO@erh=\skip52
\f@ncyO@olh=\skip53
\f@ncyO@orh=\skip54
\f@ncyO@elf=\skip55
\f@ncyO@erf=\skip56
\f@ncyO@olf=\skip57
\f@ncyO@orf=\skip58
))
("C:\Program Files\MiKTeX 2.9\tex\latex\underscore\underscore.sty"
Package: underscore 2006/09/13
LaTeX Info: Redefining \_ on input line 42.
)
(C:\Users\Agustina\Documents\GitHub\MetNum\TP3\Informe\caratula.sty
Package: caratula 2005/08/09 v0.3 Para componer caratulas de TPs del DC

Cargando package 'caratula' v0.3 (2005/08/09)
\intlist=\toks24
) ("C:\Program Files\MiKTeX 2.9\tex\latex\ltxmisc\url.sty"
\Urlmuskip=\muskip10
Package: url 2006/04/12  ver 3.3  Verb mode for urls, etc.
)
(C:\Users\Agustina\Documents\GitHub\MetNum\TP3\Informe\informe.aux

LaTeX Warning: Label `Zebra' multiply defined.


LaTeX Warning: Label `Zebra' multiply defined.


LaTeX Warning: Label `Zebra' multiply defined.


LaTeX Warning: Label `imagen4' multiply defined.


LaTeX Warning: Label `imgOri2' multiply defined.


LaTeX Warning: Label `imgOri2' multiply defined.


LaTeX Warning: Label `imgOri2' multiply defined.


LaTeX Warning: Label `imagen12' multiply defined.


LaTeX Warning: Label `imagen12' multiply defined.


LaTeX Warning: Label `imgOri2' multiply defined.

)
LaTeX Font Info:    Checking defaults for OML/cmm/m/it on input line 31.
LaTeX Font Info:    ... okay on input line 31.
LaTeX Font Info:    Checking defaults for T1/cmr/m/n on input line 31.
LaTeX Font Info:    ... okay on input line 31.
LaTeX Font Info:    Checking defaults for OT1/cmr/m/n on input line 31.
LaTeX Font Info:    ... okay on input line 31.
LaTeX Font Info:    Checking defaults for OMS/cmsy/m/n on input line 31.
LaTeX Font Info:    ... okay on input line 31.
LaTeX Font Info:    Checking defaults for OMX/cmex/m/n on input line 31.
LaTeX Font Info:    ... okay on input line 31.
LaTeX Font Info:    Checking defaults for U/cmr/m/n on input line 31.
LaTeX Font Info:    ... okay on input line 31.
LaTeX Font Info:    Try loading font information for OT1+bch on input line 31.
 ("C:\Program Files\MiKTeX 2.9\tex\latex\psnfss\ot1bch.fd"
File: ot1bch.fd 2004/10/18 font definitions for OT1/bch.
)
("C:\Program Files\MiKTeX 2.9\tex\context\base\supp-pdf.mkii"
[Loading MPS to PDF converter (version 2006.09.02).]
\scratchcounter=\count95
\scratchdimen=\dimen109
\scratchbox=\box30
\nofMPsegments=\count96
\nofMParguments=\count97
\everyMPshowfont=\toks25
\MPscratchCnt=\count98
\MPscratchDim=\dimen110
\MPnumerator=\count99
\makeMPintoPDFobject=\count100
\everyMPtoPDFconversion=\toks26
)
\AtBeginShipoutBox=\box31
 <imagenes/logodc.jpg, id=1, 215.6055pt x 83.5923pt>
File: imagenes/logodc.jpg Graphic file (type jpg)

<use imagenes/logodc.jpg>
Package pdftex.def Info: imagenes/logodc.jpg used on input line 43.
(pdftex.def)             Requested size: 215.60497pt x 83.59207pt.
LaTeX Font Info:    External font `cmex10' loaded for size
(Font)              <7> on input line 43.
LaTeX Font Info:    External font `cmex10' loaded for size
(Font)              <5> on input line 43.

<imagenes/logouba.jpg, id=2, 225.4824pt x 231.7458pt>
File: imagenes/logouba.jpg Graphic file (type jpg)

<use imagenes/logouba.jpg>
Package pdftex.def Info: imagenes/logouba.jpg used on input line 43.
(pdftex.def)             Requested size: 225.48184pt x 231.74522pt.


LaTeX Font Warning: Font shape `OT1/cmss/b/n' undefined
(Font)              using `OT1/cmss/m/n' instead on input line 43.


Underfull \hbox (badness 10000) in paragraph at lines 43--43

 []


Overfull \hbox (22.76358pt too wide) in paragraph at lines 43--43
[][][] 
 []

[1

{C:/ProgramData/MiKTeX/2.9/pdftex/config/pdftex.map} <C:/Users/Agustina/Documen
ts/GitHub/MetNum/TP3/Informe/imagenes/logodc.jpg> <C:/Users/Agustina/Documents/
GitHub/MetNum/TP3/Informe/imagenes/logouba.jpg>]
Underfull \hbox (badness 10000) in paragraph at lines 49--50

 []


Underfull \hbox (badness 10000) in paragraph at lines 52--57

 []

(C:\Users\Agustina\Documents\GitHub\MetNum\TP3\Informe\informe.toc)
\tf@toc=\write4
 [2]
Underfull \hbox (badness 10000) in paragraph at lines 71--73

 []

<imagenes/BayerFilter.png, id=15, 301.125pt x 301.125pt>
File: imagenes/BayerFilter.png Graphic file (type png)

<use imagenes/BayerFilter.png>
Package pdftex.def Info: imagenes/BayerFilter.png used on input line 88.
(pdftex.def)             Requested size: 108.4049pt x 108.4049pt.

Underfull \hbox (badness 10000) in paragraph at lines 97--98

 []

[3 <C:/Users/Agustina/Documents/GitHub/MetNum/TP3/Informe/imagenes/BayerFilter.
png>] <imagenes/LagrangeSplinesCTE.png, id=21, 234.1247pt x 234.1247pt>
File: imagenes/LagrangeSplinesCTE.png Graphic file (type png)

<use imagenes/LagrangeSplinesCTE.png>
Package pdftex.def Info: imagenes/LagrangeSplinesCTE.png used on input line 135
.
(pdftex.def)             Requested size: 234.12411pt x 234.12411pt.

Underfull \hbox (badness 10000) in paragraph at lines 140--141

 []


Underfull \hbox (badness 10000) in paragraph at lines 164--165

 []

<imagenes/SplinesX12a101.png, id=22, 234.1247pt x 234.1247pt>
File: imagenes/SplinesX12a101.png Graphic file (type png)

<use imagenes/SplinesX12a101.png>
Package pdftex.def Info: imagenes/SplinesX12a101.png used on input line 169.
(pdftex.def)             Requested size: 234.12411pt x 234.12411pt.


LaTeX Warning: `!h' float specifier changed to `!ht'.

<imagenes/LagrangeX12a101.png, id=23, 235.63031pt x 234.1247pt>
File: imagenes/LagrangeX12a101.png Graphic file (type png)

<use imagenes/LagrangeX12a101.png>
Package pdftex.def Info: imagenes/LagrangeX12a101.png used on input line 177.
(pdftex.def)             Requested size: 235.62973pt x 234.12411pt.

<imagenes/LagrangeX12a101(zoomOut).png, id=25, 233.37187pt x 233.37187pt>
File: imagenes/LagrangeX12a101(zoomOut).png Graphic file (type png)

<use imagenes/LagrangeX12a101(zoomOut).png>
Package pdftex.def Info: imagenes/LagrangeX12a101(zoomOut).png used on input li
ne 185.
(pdftex.def)             Requested size: 233.37129pt x 233.37129pt.

Underfull \hbox (badness 10000) in paragraph at lines 190--191

 []


Underfull \hbox (badness 10000) in paragraph at lines 192--193

 []

[4 <C:/Users/Agustina/Documents/GitHub/MetNum/TP3/Informe/imagenes/LagrangeSpli
nesCTE.png>] <imagenes/SplinesX12a20.png, id=31, 234.8775pt x 234.1247pt>
File: imagenes/SplinesX12a20.png Graphic file (type png)

<use imagenes/SplinesX12a20.png>
Package pdftex.def Info: imagenes/SplinesX12a20.png used on input line 216.
(pdftex.def)             Requested size: 234.87692pt x 234.12411pt.

<imagenes/LagrangeX12a20.png, id=32, 234.1247pt x 234.1247pt>
File: imagenes/LagrangeX12a20.png Graphic file (type png)

<use imagenes/LagrangeX12a20.png>
Package pdftex.def Info: imagenes/LagrangeX12a20.png used on input line 224.
(pdftex.def)             Requested size: 234.12411pt x 234.12411pt.

<imagenes/LagrangeX12a20(zoomOut).png, id=33, 234.1247pt x 234.1247pt>
File: imagenes/LagrangeX12a20(zoomOut).png Graphic file (type png)

<use imagenes/LagrangeX12a20(zoomOut).png>
Package pdftex.def Info: imagenes/LagrangeX12a20(zoomOut).png used on input lin
e 232.
(pdftex.def)             Requested size: 234.12411pt x 234.12411pt.
 [5 <C:/Users/Agustina/Documents/GitHub/MetNum/TP3/Informe/imagenes/SplinesX12a
101.png>] [6 <C:/Users/Agustina/Documents/GitHub/MetNum/TP3/Informe/imagenes/La
grangeX12a101.png> <C:/Users/Agustina/Documents/GitHub/MetNum/TP3/Informe/image
nes/LagrangeX12a101(zoomOut).png>]
[7 <C:/Users/Agustina/Documents/GitHub/MetNum/TP3/Informe/imagenes/SplinesX12a2
0.png> <C:/Users/Agustina/Documents/GitHub/MetNum/TP3/Informe/imagenes/Lagrange
X12a20.png>]
Underfull \hbox (badness 10000) in paragraph at lines 240--242

 []

[8 <C:/Users/Agustina/Documents/GitHub/MetNum/TP3/Informe/imagenes/LagrangeX12a
20(zoomOut).png>]
Underfull \hbox (badness 10000) in paragraph at lines 249--250

 []


Underfull \hbox (badness 10000) in paragraph at lines 255--256

 []


Underfull \hbox (badness 10000) in paragraph at lines 257--258

 []


Underfull \hbox (badness 10000) in paragraph at lines 259--260

 []


Underfull \hbox (badness 10000) in paragraph at lines 261--262

 []


Underfull \hbox (badness 10000) in paragraph at lines 296--297

 []


LaTeX Warning: Command \textregistered invalid in math mode on input line 298.


LaTeX Warning: Command \textcircled invalid in math mode on input line 298.

LaTeX Font Info:    Try loading font information for OMS+bch on input line 298.

("C:\Program Files\MiKTeX 2.9\tex\latex\psnfss\omsbch.fd"
File: omsbch.fd 
)
LaTeX Font Info:    Font shape `OMS/bch/m/n' in size <10> not available
(Font)              Font shape `OMS/cmsy/m/n' tried instead on input line 298.


LaTeX Warning: Command \textcircled invalid in math mode on input line 298.

[9]
LaTeX Font Info:    Try loading font information for U+lasy on input line 310.
 ("C:\Program Files\MiKTeX 2.9\tex\latex\base\ulasy.fd"
File: ulasy.fd 1998/08/17 v2.2e LaTeX symbol font definitions
)
<imagenes/blurring.png, id=58, 389.95688pt x 292.09125pt>
File: imagenes/blurring.png Graphic file (type png)

<use imagenes/blurring.png>
Package pdftex.def Info: imagenes/blurring.png used on input line 316.
(pdftex.def)             Requested size: 257.37233pt x 192.7808pt.

<imagenes/false.png, id=59, 389.95688pt x 290.58563pt>
File: imagenes/false.png Graphic file (type png)

<use imagenes/false.png>
Package pdftex.def Info: imagenes/false.png used on input line 324.
(pdftex.def)             Requested size: 257.37233pt x 191.7871pt.
 [10 <C:/Users/Agustina/Documents/GitHub/MetNum/TP3/Informe/imagenes/blurring.p
ng> <C:/Users/Agustina/Documents/GitHub/MetNum/TP3/Informe/imagenes/false.png>]

<imagenes/zipper.png, id=64, 776.9025pt x 805.50937pt>
File: imagenes/zipper.png Graphic file (type png)

<use imagenes/zipper.png>
Package pdftex.def Info: imagenes/zipper.png used on input line 334.
(pdftex.def)             Requested size: 388.45029pt x 402.7537pt.

<imagenes/jaggies.png, id=65, 551.81157pt x 180.675pt>
File: imagenes/jaggies.png Graphic file (type png)

<use imagenes/jaggies.png>
Package pdftex.def Info: imagenes/jaggies.png used on input line 342.
(pdftex.def)             Requested size: 275.9051pt x 90.33727pt.
 [11 <C:/Users/Agustina/Documents/GitHub/MetNum/TP3/Informe/imagenes/zipper.png
> <C:/Users/Agustina/Documents/GitHub/MetNum/TP3/Informe/imagenes/jaggies.png>]

<imagenes/moire.jpg, id=70, 538.26094pt x 263.48438pt>
File: imagenes/moire.jpg Graphic file (type jpg)

<use imagenes/moire.jpg>
Package pdftex.def Info: imagenes/moire.jpg used on input line 352.
(pdftex.def)             Requested size: 269.1298pt x 131.74185pt.
 [12 <C:/Users/Agustina/Documents/GitHub/MetNum/TP3/Informe/imagenes/moire.jpg>
]
Underfull \hbox (badness 10000) in paragraph at lines 375--377

 []


Underfull \hbox (badness 10000) in paragraph at lines 375--377

 []

<imagenes/apxlvecino0.png, id=74, 1394.20876pt x 325.215pt>
File: imagenes/apxlvecino0.png Graphic file (type png)

<use imagenes/apxlvecino0.png>
Package pdftex.def Info: imagenes/apxlvecino0.png used on input line 407.
(pdftex.def)             Requested size: 487.98038pt x 113.82695pt.

Overfull \hbox (32.7363pt too wide) in paragraph at lines 407--409
 [] 
 []


LaTeX Warning: `!h' float specifier changed to `!ht'.

<imagenes/apxlvecino1.png, id=75, 1178.15157pt x 316.93407pt>
File: imagenes/apxlvecino1.png Graphic file (type png)

<use imagenes/apxlvecino1.png>
Package pdftex.def Info: imagenes/apxlvecino1.png used on input line 415.
(pdftex.def)             Requested size: 530.16331pt x 142.619pt.

Overfull \hbox (74.91924pt too wide) in paragraph at lines 415--417
 [] 
 []


LaTeX Warning: `!h' float specifier changed to `!ht'.

<imagenes/apxlvecino2.png, id=76, 1166.85938pt x 280.79906pt>
File: imagenes/apxlvecino2.png Graphic file (type png)

<use imagenes/apxlvecino2.png>
Package pdftex.def Info: imagenes/apxlvecino2.png used on input line 424.
(pdftex.def)             Requested size: 525.08188pt x 126.3584pt.

Overfull \hbox (69.8378pt too wide) in paragraph at lines 424--426
 [] 
 []


LaTeX Warning: `!h' float specifier changed to `!ht'.

<imagenes/apxlvecinoOTRO2.png, id=77, 1186.4325pt x 283.0575pt>
File: imagenes/apxlvecinoOTRO2.png Graphic file (type png)

<use imagenes/apxlvecinoOTRO2.png>
Package pdftex.def Info: imagenes/apxlvecinoOTRO2.png used on input line 432.
(pdftex.def)             Requested size: 533.8897pt x 127.37468pt.

Overfull \hbox (78.64561pt too wide) in paragraph at lines 432--434
 [] 
 []


LaTeX Warning: `!h' float specifier changed to `!ht'.

[13]
Underfull \hbox (badness 10000) in paragraph at lines 439--440

 []


Underfull \hbox (badness 10000) in paragraph at lines 441--442

 []


Underfull \hbox (badness 10000) in paragraph at lines 443--444

 []

[14 <C:/Users/Agustina/Documents/GitHub/MetNum/TP3/Informe/imagenes/apxlvecino0
.png> <C:/Users/Agustina/Documents/GitHub/MetNum/TP3/Informe/imagenes/apxlvecin
o1.png> <C:/Users/Agustina/Documents/GitHub/MetNum/TP3/Informe/imagenes/apxlvec
ino2.png>]
Underfull \hbox (badness 10000) in paragraph at lines 447--448

 []

[15 <C:/Users/Agustina/Documents/GitHub/MetNum/TP3/Informe/imagenes/apxlvecinoO
TRO2.png>] <imagenes/vecino1.png, id=91, 354.57469pt x 362.10281pt>
File: imagenes/vecino1.png Graphic file (type png)

<use imagenes/vecino1.png>
Package pdftex.def Info: imagenes/vecino1.png used on input line 460.
(pdftex.def)             Requested size: 127.64679pt x 130.3569pt.

<imagenes/vecino2.png, id=92, 354.57469pt x 362.10281pt>
File: imagenes/vecino2.png Graphic file (type png)

<use imagenes/vecino2.png>
Package pdftex.def Info: imagenes/vecino2.png used on input line 469.
(pdftex.def)             Requested size: 127.64679pt x 130.3569pt.

<imagenes/vecino3.png, id=93, 354.57469pt x 362.10281pt>
File: imagenes/vecino3.png Graphic file (type png)

<use imagenes/vecino3.png>
Package pdftex.def Info: imagenes/vecino3.png used on input line 478.
(pdftex.def)             Requested size: 127.64679pt x 130.3569pt.

Underfull \hbox (badness 10000) in paragraph at lines 483--484

 []

[16 <C:/Users/Agustina/Documents/GitHub/MetNum/TP3/Informe/imagenes/vecino1.png
> <C:/Users/Agustina/Documents/GitHub/MetNum/TP3/Informe/imagenes/vecino2.png> 
<C:/Users/Agustina/Documents/GitHub/MetNum/TP3/Informe/imagenes/vecino3.png>]
<imagenes/Vecino/arbolitos.png, id=100, 581.17125pt x 218.31563pt>
File: imagenes/Vecino/arbolitos.png Graphic file (type png)

<use imagenes/Vecino/arbolitos.png>
Package pdftex.def Info: imagenes/Vecino/arbolitos.png used on input line 494.
(pdftex.def)             Requested size: 348.70544pt x 130.99037pt.

<imagenes/Vecino/zebraCara.png, id=101, 697.8572pt x 375.65344pt>
File: imagenes/Vecino/zebraCara.png Graphic file (type png)

<use imagenes/Vecino/zebraCara.png>
Package pdftex.def Info: imagenes/Vecino/zebraCara.png used on input line 510.
(pdftex.def)             Requested size: 418.71754pt x 225.3938pt.
 [17 <C:/Users/Agustina/Documents/GitHub/MetNum/TP3/Informe/imagenes/Vecino/arb
olitos.png> <C:/Users/Agustina/Documents/GitHub/MetNum/TP3/Informe/imagenes/Vec
ino/zebraCara.png>]
<imagenes/Vecino/zebra.png, id=106, 636.87938pt x 462.97969pt>
File: imagenes/Vecino/zebra.png Graphic file (type png)

<use imagenes/Vecino/zebra.png>
Package pdftex.def Info: imagenes/Vecino/zebra.png used on input line 527.
(pdftex.def)             Requested size: 382.13057pt x 277.78995pt.

<imagenes/Vecino/hawaiicmp.png, id=107, 7598.67429pt x 2880.47571pt>
File: imagenes/Vecino/hawaiicmp.png Graphic file (type png)

<use imagenes/Vecino/hawaiicmp.png>
Package pdftex.def Info: imagenes/Vecino/hawaiicmp.png used on input line 544.
(pdftex.def)             Requested size: 455.90079pt x 172.82109pt.

Overfull \hbox (0.65671pt too wide) in paragraph at lines 544--546
 [] 
 []

[18 <C:/Users/Agustina/Documents/GitHub/MetNum/TP3/Informe/imagenes/Vecino/zebr
a.png> <C:/Users/Agustina/Documents/GitHub/MetNum/TP3/Informe/imagenes/Vecino/h
awaiicmp.png>]
<imagenes/Vecino/piramides3cmp.png, id=112, 6266.84143pt x 2570.74715pt>
File: imagenes/Vecino/piramides3cmp.png Graphic file (type png)

<use imagenes/Vecino/piramides3cmp.png>
Package pdftex.def Info: imagenes/Vecino/piramides3cmp.png used on input line 5
62.
(pdftex.def)             Requested size: 375.99426pt x 154.23817pt.

<imagenes/Vecino/piramides2cmp.png, id=113, 590.95781pt x 191.21437pt>
File: imagenes/Vecino/piramides2cmp.png Graphic file (type png)

<use imagenes/Vecino/piramides2cmp.png>
Package pdftex.def Info: imagenes/Vecino/piramides2cmp.png used on input line 5
78.
(pdftex.def)             Requested size: 413.66765pt x 133.84914pt.

Underfull \hbox (badness 10000) in paragraph at lines 594--595

 []


Underfull \hbox (badness 10000) in paragraph at lines 597--598

 []

[19 <C:/Users/Agustina/Documents/GitHub/MetNum/TP3/Informe/imagenes/Vecino/pira
mides3cmp.png> <C:/Users/Agustina/Documents/GitHub/MetNum/TP3/Informe/imagenes/
Vecino/piramides2cmp.png>]
Underfull \hbox (badness 10000) in paragraph at lines 604--605

 []


Underfull \hbox (badness 10000) in paragraph at lines 606--607

 []


Underfull \hbox (badness 10000) in paragraph at lines 608--609

 []


Underfull \hbox (badness 10000) in paragraph at lines 610--611

 []


Underfull \hbox (badness 10000) in paragraph at lines 620--621

 []

<imagenes/bilineal.png, id=120, 354.57469pt x 362.10281pt>
File: imagenes/bilineal.png Graphic file (type png)

<use imagenes/bilineal.png>
Package pdftex.def Info: imagenes/bilineal.png used on input line 631.
(pdftex.def)             Requested size: 127.64679pt x 130.3569pt.
 [20 <C:/Users/Agustina/Documents/GitHub/MetNum/TP3/Informe/imagenes/bilineal.p
ng>]
Underfull \hbox (badness 10000) in paragraph at lines 638--639

 []


Underfull \hbox (badness 10000) in paragraph at lines 640--641

 []

<imagenes/apxl1.png, id=124, 1918.91907pt x 329.73187pt>
File: imagenes/apxl1.png Graphic file (type png)

<use imagenes/apxl1.png>
Package pdftex.def Info: imagenes/apxl1.png used on input line 655.
(pdftex.def)             Requested size: 441.3421pt x 75.83673pt.

Underfull \hbox (badness 10000) in paragraph at lines 664--665

 []

<imagenes/apxl2.png, id=125, 1940.75063pt x 654.94687pt>
File: imagenes/apxl2.png Graphic file (type png)

<use imagenes/apxl2.png>
Package pdftex.def Info: imagenes/apxl2.png used on input line 669.
(pdftex.def)             Requested size: 504.58327pt x 170.28217pt.

Overfull \hbox (49.33919pt too wide) in paragraph at lines 669--671
 [] 
 []


LaTeX Warning: `!h' float specifier changed to `!ht'.

<imagenes/apxl3.png, id=126, 1187.18532pt x 428.35031pt>
File: imagenes/apxl3.png Graphic file (type png)

<use imagenes/apxl3.png>
Package pdftex.def Info: imagenes/apxl3.png used on input line 677.
(pdftex.def)             Requested size: 427.38638pt x 154.206pt.


LaTeX Warning: `!h' float specifier changed to `!ht'.

[21 <C:/Users/Agustina/Documents/GitHub/MetNum/TP3/Informe/imagenes/apxl1.png>]
[22 <C:/Users/Agustina/Documents/GitHub/MetNum/TP3/Informe/imagenes/apxl2.png> 
<C:/Users/Agustina/Documents/GitHub/MetNum/TP3/Informe/imagenes/apxl3.png>]
Underfull \hbox (badness 10000) in paragraph at lines 699--700

 []


Underfull \hbox (badness 10000) in paragraph at lines 701--702

 []


Underfull \hbox (badness 10000) in paragraph at lines 703--704

 []


Underfull \hbox (badness 10000) in paragraph at lines 705--706

 []


Underfull \hbox (badness 10000) in paragraph at lines 709--710

 []


Underfull \hbox (badness 10000) in paragraph at lines 711--713

 []


Underfull \hbox (badness 10000) in paragraph at lines 716--717

 []


Underfull \hbox (badness 10000) in paragraph at lines 724--725

 []

[23]
Underfull \hbox (badness 10000) in paragraph at lines 733--734

 []


Underfull \hbox (badness 10000) in paragraph at lines 737--738

 []


Underfull \hbox (badness 10000) in paragraph at lines 739--740

 []


Underfull \hbox (badness 10000) in paragraph at lines 760--761

 []

[24]
Underfull \hbox (badness 10000) in paragraph at lines 770--772

 []


Underfull \hbox (badness 10000) in paragraph at lines 773--774

 []


Underfull \hbox (badness 10000) in paragraph at lines 775--776

 []


Underfull \hbox (badness 10000) in paragraph at lines 777--778

 []


Underfull \hbox (badness 10000) in paragraph at lines 779--780

 []


Underfull \hbox (badness 10000) in paragraph at lines 781--782

 []


Underfull \hbox (badness 10000) in paragraph at lines 783--784

 []


Underfull \hbox (badness 10000) in paragraph at lines 785--786

 []

[25]
Underfull \hbox (badness 10000) in paragraph at lines 798--799

 []

[26]

LaTeX Warning: Command \textregistered invalid in math mode on input line 809.


LaTeX Warning: Command \textcircled invalid in math mode on input line 809.


LaTeX Warning: Command \textcircled invalid in math mode on input line 809.


Underfull \hbox (badness 10000) in paragraph at lines 809--810

 []

<imagenes/comparacion/02/collage.png, id=148, 1174.3875pt x 1041.8925pt>
File: imagenes/comparacion/02/collage.png Graphic file (type png)

<use imagenes/comparacion/02/collage.png>
Package pdftex.def Info: imagenes/comparacion/02/collage.png used on input line
 815.
(pdftex.def)             Requested size: 469.74669pt x 416.74962pt.

Overfull \hbox (14.50261pt too wide) in paragraph at lines 815--817
 [] 
 []

[27 <C:/Users/Agustina/Documents/GitHub/MetNum/TP3/Informe/imagenes/comparacion
/02/collage.png>]
<imagenes/comparacion/02/img2.png, id=153, 770.88pt x 513.92pt>
File: imagenes/comparacion/02/img2.png Graphic file (type png)

<use imagenes/comparacion/02/img2.png>
Package pdftex.def Info: imagenes/comparacion/02/img2.png used on input line 82
6.
(pdftex.def)             Requested size: 115.627pt x 77.08467pt.

Underfull \hbox (badness 10000) in paragraph at lines 833--835

 []

<imagenes/comparacion/02/mastil.png, id=154, 304.13625pt x 246.1697pt>
File: imagenes/comparacion/02/mastil.png Graphic file (type png)

<use imagenes/comparacion/02/mastil.png>
Package pdftex.def Info: imagenes/comparacion/02/mastil.png used on input line 
840.
(pdftex.def)             Requested size: 364.96165pt x 295.40215pt.
 [28 <C:/Users/Agustina/Documents/GitHub/MetNum/TP3/Informe/imagenes/comparacio
n/02/img2.png> <C:/Users/Agustina/Documents/GitHub/MetNum/TP3/Informe/imagenes/
comparacion/02/mastil.png>]
<imagenes/comparacion/04/img4.png, id=159, 770.88pt x 513.92pt>
File: imagenes/comparacion/04/img4.png Graphic file (type png)

<use imagenes/comparacion/04/img4.png>
Package pdftex.def Info: imagenes/comparacion/04/img4.png used on input line 85
0.
(pdftex.def)             Requested size: 115.627pt x 77.08467pt.

<imagenes/comparacion/04/collage.png, id=160, 1201.48875pt x 1020.81375pt>
File: imagenes/comparacion/04/collage.png Graphic file (type png)

<use imagenes/comparacion/04/collage.png>
Package pdftex.def Info: imagenes/comparacion/04/collage.png used on input line
 858.
(pdftex.def)             Requested size: 480.58699pt x 408.31827pt.

Overfull \hbox (25.34291pt too wide) in paragraph at lines 858--860
 [] 
 []


Underfull \hbox (badness 10000) in paragraph at lines 863--864

 []


Underfull \hbox (badness 10000) in paragraph at lines 865--866

 []

[29 <C:/Users/Agustina/Documents/GitHub/MetNum/TP3/Informe/imagenes/comparacion
/04/img4.png> <C:/Users/Agustina/Documents/GitHub/MetNum/TP3/Informe/imagenes/c
omparacion/04/collage.png>]
<imagenes/comparacion/04/ventanitas.png, id=166, 394.47375pt x 233.37187pt>
File: imagenes/comparacion/04/ventanitas.png Graphic file (type png)

<use imagenes/comparacion/04/ventanitas.png>
Package pdftex.def Info: imagenes/comparacion/04/ventanitas.png used on input l
ine 870.
(pdftex.def)             Requested size: 394.47278pt x 233.37129pt.

Underfull \hbox (badness 10000) in paragraph at lines 875--876

 []

<imagenes/comparacion/04/letrero.png, id=167, 240.14719pt x 275.52937pt>
File: imagenes/comparacion/04/letrero.png Graphic file (type png)

<use imagenes/comparacion/04/letrero.png>
Package pdftex.def Info: imagenes/comparacion/04/letrero.png used on input line
 880.
(pdftex.def)             Requested size: 216.13045pt x 247.97412pt.
 [30 <C:/Users/Agustina/Documents/GitHub/MetNum/TP3/Informe/imagenes/comparacio
n/04/ventanitas.png> <C:/Users/Agustina/Documents/GitHub/MetNum/TP3/Informe/ima
genes/comparacion/04/letrero.png>]
<imagenes/comparacion/05/img5.png, id=171, 770.88pt x 513.92pt>
File: imagenes/comparacion/05/img5.png Graphic file (type png)

<use imagenes/comparacion/05/img5.png>
Package pdftex.def Info: imagenes/comparacion/05/img5.png used on input line 89
0.
(pdftex.def)             Requested size: 115.627pt x 77.08467pt.

<imagenes/comparacion/05/collage.png, id=172, 1195.46625pt x 1035.87pt>
File: imagenes/comparacion/05/collage.png Graphic file (type png)

<use imagenes/comparacion/05/collage.png>
Package pdftex.def Info: imagenes/comparacion/05/collage.png used on input line
 898.
(pdftex.def)             Requested size: 478.17802pt x 414.34065pt.

Overfull \hbox (22.93394pt too wide) in paragraph at lines 898--900
 [] 
 []


Underfull \hbox (badness 10000) in paragraph at lines 904--905

 []

[31 <C:/Users/Agustina/Documents/GitHub/MetNum/TP3/Informe/imagenes/comparacion
/05/img5.png> <C:/Users/Agustina/Documents/GitHub/MetNum/TP3/Informe/imagenes/c
omparacion/05/collage.png>]
<imagenes/comparacion/09/img9.png, id=179, 770.88pt x 513.92pt>
File: imagenes/comparacion/09/img9.png Graphic file (type png)

<use imagenes/comparacion/09/img9.png>
Package pdftex.def Info: imagenes/comparacion/09/img9.png used on input line 91
4.
(pdftex.def)             Requested size: 115.627pt x 77.08467pt.

<imagenes/comparacion/09/collage.png, id=180, 1183.42125pt x 1029.8475pt>
File: imagenes/comparacion/09/collage.png Graphic file (type png)

<use imagenes/comparacion/09/collage.png>
Package pdftex.def Info: imagenes/comparacion/09/collage.png used on input line
 922.
(pdftex.def)             Requested size: 473.36012pt x 411.9317pt.

Overfull \hbox (18.11604pt too wide) in paragraph at lines 922--924
 [] 
 []

[32 <C:/Users/Agustina/Documents/GitHub/MetNum/TP3/Informe/imagenes/comparacion
/09/img9.png> <C:/Users/Agustina/Documents/GitHub/MetNum/TP3/Informe/imagenes/c
omparacion/09/collage.png>]
<imagenes/comparacion/09/cartel.png, id=186, 560.8453pt x 121.20282pt>
File: imagenes/comparacion/09/cartel.png Graphic file (type png)

<use imagenes/comparacion/09/cartel.png>
Package pdftex.def Info: imagenes/comparacion/09/cartel.png used on input line 
936.
(pdftex.def)             Requested size: 504.7561pt x 109.08151pt.

Overfull \hbox (49.51202pt too wide) in paragraph at lines 936--938
 [] 
 []

[33 <C:/Users/Agustina/Documents/GitHub/MetNum/TP3/Informe/imagenes/comparacion
/09/cartel.png>]
<imagenes/comparacion/12/img12.png, id=190, 770.88pt x 513.92pt>
File: imagenes/comparacion/12/img12.png Graphic file (type png)

<use imagenes/comparacion/12/img12.png>
Package pdftex.def Info: imagenes/comparacion/12/img12.png used on input line 9
46.
(pdftex.def)             Requested size: 115.627pt x 77.08467pt.

<imagenes/comparacion/12/collage.png, id=191, 1195.46625pt x 1008.76875pt>
File: imagenes/comparacion/12/collage.png Graphic file (type png)

<use imagenes/comparacion/12/collage.png>
Package pdftex.def Info: imagenes/comparacion/12/collage.png used on input line
 954.
(pdftex.def)             Requested size: 478.17802pt x 403.50035pt.

Overfull \hbox (22.93394pt too wide) in paragraph at lines 954--956
 [] 
 []


Underfull \hbox (badness 10000) in paragraph at lines 959--960

 []

[34 <C:/Users/Agustina/Documents/GitHub/MetNum/TP3/Informe/imagenes/comparacion
/12/img12.png> <C:/Users/Agustina/Documents/GitHub/MetNum/TP3/Informe/imagenes/
comparacion/12/collage.png>]
<imagenes/comparacion/12/techo.png, id=197, 534.49687pt x 283.0575pt>
File: imagenes/comparacion/12/techo.png Graphic file (type png)

<use imagenes/comparacion/12/techo.png>
Package pdftex.def Info: imagenes/comparacion/12/techo.png used on input line 9
66.
(pdftex.def)             Requested size: 481.04274pt x 254.74937pt.

Overfull \hbox (25.79866pt too wide) in paragraph at lines 966--968
 [] 
 []

<imagenes/comparacion/12/ventanita.png, id=198, 239.39438pt x 97.11281pt>
File: imagenes/comparacion/12/ventanita.png Graphic file (type png)

<use imagenes/comparacion/12/ventanita.png>
Package pdftex.def Info: imagenes/comparacion/12/ventanita.png used on input li
ne 975.
(pdftex.def)             Requested size: 263.33461pt x 106.8244pt.

Underfull \hbox (badness 10000) in paragraph at lines 980--981

 []

[35 <C:/Users/Agustina/Documents/GitHub/MetNum/TP3/Informe/imagenes/comparacion
/12/techo.png> <C:/Users/Agustina/Documents/GitHub/MetNum/TP3/Informe/imagenes/
comparacion/12/ventanita.png>]
<imagenes/comparacion/07/img7.png, id=202, 770.88pt x 513.92pt>
File: imagenes/comparacion/07/img7.png Graphic file (type png)

<use imagenes/comparacion/07/img7.png>
Package pdftex.def Info: imagenes/comparacion/07/img7.png used on input line 99
0.
(pdftex.def)             Requested size: 115.627pt x 77.08467pt.

<imagenes/comparacion/07/palmeritas.png, id=203, 222.8325pt x 411.03563pt>
File: imagenes/comparacion/07/palmeritas.png Graphic file (type png)

<use imagenes/comparacion/07/palmeritas.png>
Package pdftex.def Info: imagenes/comparacion/07/palmeritas.png used on input l
ine 998.
(pdftex.def)             Requested size: 222.83195pt x 411.03462pt.
 [36 <C:/Users/Agustina/Documents/GitHub/MetNum/TP3/Informe/imagenes/comparacio
n/07/img7.png> <C:/Users/Agustina/Documents/GitHub/MetNum/TP3/Informe/imagenes/
comparacion/07/palmeritas.png>]
[37]
Underfull \hbox (badness 10000) in paragraph at lines 1015--1016

 []


Underfull \hbox (badness 10000) in paragraph at lines 1017--1018

 []

[38] <imagenes/graficos/psnr.png, id=215, 660.96938pt x 362.10281pt>
File: imagenes/graficos/psnr.png Graphic file (type png)

<use imagenes/graficos/psnr.png>
Package pdftex.def Info: imagenes/graficos/psnr.png used on input line 1027.
(pdftex.def)             Requested size: 495.72581pt x 271.57643pt.

Overfull \hbox (40.48174pt too wide) in paragraph at lines 1027--1029
 [] 
 []

<imagenes/graficos/ssim.png, id=216, 554.07pt x 331.99031pt>
File: imagenes/graficos/ssim.png Graphic file (type png)

<use imagenes/graficos/ssim.png>
Package pdftex.def Info: imagenes/graficos/ssim.png used on input line 1035.
(pdftex.def)             Requested size: 415.55148pt x 248.99211pt.
 [39 <C:/Users/Agustina/Documents/GitHub/MetNum/TP3/Informe/imagenes/graficos/p
snr.png> <C:/Users/Agustina/Documents/GitHub/MetNum/TP3/Informe/imagenes/grafic
os/ssim.png>] [40]
Underfull \hbox (badness 10000) in paragraph at lines 1047--1048

 []


Underfull \hbox (badness 10000) in paragraph at lines 1049--1050

 []


Underfull \hbox (badness 10000) in paragraph at lines 1051--1052

 []


Underfull \hbox (badness 10000) in paragraph at lines 1053--1054

 []


Underfull \hbox (badness 10000) in paragraph at lines 1055--1056

 []


Underfull \hbox (badness 10000) in paragraph at lines 1058--1059

 []

[41]
Underfull \hbox (badness 10000) in paragraph at lines 1076--1078

 []


Underfull \hbox (badness 10000) in paragraph at lines 1076--1078

 []

[42] (C:\Users\Agustina\Documents\GitHub\MetNum\TP3\Informe\informe.aux)

LaTeX Font Warning: Some font shapes were not available, defaults substituted.


LaTeX Warning: There were multiply-defined labels.

 ) 
Here is how much of TeX's memory you used:
 4188 strings out of 493921
 59273 string characters out of 3147274
 127290 words of memory out of 3000000
 7353 multiletter control sequences out of 15000+200000
 25250 words of font info for 40 fonts, out of 3000000 for 9000
 841 hyphenation exceptions out of 8191
 37i,12n,43p,686b,341s stack positions out of 5000i,500n,10000p,200000b,50000s
{C:/Program Files/MiKTeX 2.9/fonts/enc/dvips/fontname/8r.enc}<C:/Program File
s/MiKTeX 2.9/fonts/type1/bitstrea/charter/bchb8a.pfb><C:/Program Files/MiKTeX 2
.9/fonts/type1/bitstrea/charter/bchbi8a.pfb><C:/Program Files/MiKTeX 2.9/fonts/
type1/bitstrea/charter/bchr8a.pfb><C:/Program Files/MiKTeX 2.9/fonts/type1/bits
trea/charter/bchri8a.pfb><C:/Program Files/MiKTeX 2.9/fonts/type1/public/amsfon
ts/cm/cmex10.pfb><C:/Program Files/MiKTeX 2.9/fonts/type1/public/amsfonts/cm/cm
mi10.pfb><C:/Program Files/MiKTeX 2.9/fonts/type1/public/amsfonts/cm/cmmi7.pfb>
<C:/Program Files/MiKTeX 2.9/fonts/type1/public/amsfonts/cm/cmr10.pfb><C:/Progr
am Files/MiKTeX 2.9/fonts/type1/public/amsfonts/cm/cmr7.pfb><C:/Program Files/M
iKTeX 2.9/fonts/type1/public/amsfonts/cm/cmss10.pfb><C:/Program Files/MiKTeX 2.
9/fonts/type1/public/amsfonts/cm/cmsy10.pfb><C:/Program Files/MiKTeX 2.9/fonts/
type1/public/amsfonts/cm/cmsy7.pfb><C:/Program Files/MiKTeX 2.9/fonts/type1/pub
lic/amsfonts/cm/cmtt10.pfb><C:/Program Files/MiKTeX 2.9/fonts/type1/public/amsf
onts/latxfont/lasy10.pfb>
Output written on informe.pdf (42 pages, 13589757 bytes).
PDF statistics:
 276 PDF objects out of 1000 (max. 8388607)
 0 named destinations out of 1000 (max. 500000)
 261 words of extra memory for PDF output out of 10000 (max. 10000000)

