0	0	-100.00000
0	1	-100.00000
0	2	-100.00000
0	3	-100.00000
0	4	-100.00000
0	5	-100.00000
0	6	-100.00000
0	7	-100.00000
0	8	-100.00000
0	9	-100.00000
0	10	-100.00000
0	11	-100.00000
0	12	-100.00000
0	13	-100.00000
0	14	-100.00000
0	15	-100.00000
0	16	-100.00000
0	17	-100.00000
0	18	-100.00000
0	19	-100.00000
0	20	-100.00000
0	21	-100.00000
0	22	-100.00000
0	23	-100.00000
0	24	-100.00000
0	25	-100.00000
0	26	-100.00000
0	27	-100.00000
0	28	-100.00000
0	29	-100.00000
0	30	-100.00000
0	31	-100.00000
0	32	-100.00000
0	33	-100.00000
0	34	-100.00000
0	35	-100.00000
0	36	-100.00000
0	37	-100.00000
0	38	-100.00000
0	39	-100.00000
0	40	-100.00000
0	41	-100.00000
0	42	-100.00000
0	43	-100.00000
0	44	-100.00000
0	45	-100.00000
0	46	-100.00000
0	47	-100.00000
0	48	-100.00000
0	49	-100.00000
0	50	-100.00000
0	51	-100.00000
0	52	-100.00000
0	53	-100.00000
0	54	-100.00000
0	55	-100.00000
0	56	-100.00000
0	57	-100.00000
0	58	-100.00000
0	59	-100.00000
0	60	-100.00000
0	61	-100.00000
0	62	-100.00000
0	63	-100.00000
0	64	-100.00000
0	65	-100.00000
0	66	-100.00000
0	67	-100.00000
0	68	-100.00000
0	69	-100.00000
0	70	-100.00000
0	71	-100.00000
0	72	-100.00000
0	73	-100.00000
0	74	-100.00000
0	75	-100.00000
0	76	-100.00000
0	77	-100.00000
0	78	-100.00000
0	79	-100.00000
0	80	-100.00000
0	81	-100.00000
0	82	-100.00000
0	83	-100.00000
0	84	-100.00000
0	85	-100.00000
0	86	-100.00000
0	87	-100.00000
0	88	-100.00000
0	89	-100.00000
0	90	-100.00000
0	91	-100.00000
0	92	-100.00000
0	93	-100.00000
0	94	-100.00000
0	95	-100.00000
0	96	-100.00000
0	97	-100.00000
0	98	-100.00000
0	99	-100.00000
0	100	-100.00000
1	0	-100.00000
1	1	-99.65708
1	2	-99.31372
1	3	-98.96949
1	4	-98.62397
1	5	-98.27679
1	6	-97.92763
1	7	-97.57623
1	8	-97.22240
1	9	-96.86604
1	10	-96.50715
1	11	-96.14584
1	12	-95.78236
1	13	-95.41710
1	14	-95.05058
1	15	-94.68350
1	16	-94.31675
1	17	-93.95135
1	18	-93.58854
1	19	-93.22972
1	20	-92.87644
1	21	-92.53043
1	22	-92.19353
1	23	-91.86770
1	24	-91.55495
1	25	-91.25733
1	26	-90.97686
1	27	-90.71549
1	28	-90.47504
1	29	-90.25714
1	30	-90.06319
1	31	-89.89430
1	32	-89.75125
1	33	-89.63446
1	34	-89.54397
1	35	-89.47944
1	36	-89.44018
1	37	-89.42511
1	38	-89.43286
1	39	-89.46178
1	40	-89.51001
1	41	-89.57551
1	42	-89.65615
1	43	-89.74974
1	44	-89.85411
1	45	-89.96714
1	46	-90.08681
1	47	-90.21124
1	48	-90.33873
1	49	-90.46774
1	50	-90.59696
1	51	-90.72527
1	52	-90.85177
1	53	-90.97578
1	54	-91.09681
1	55	-91.21456
1	56	-91.32893
1	57	-91.43997
1	58	-91.54788
1	59	-91.65300
1	60	-91.75578
1	61	-91.85677
1	62	-91.95659
1	63	-92.05594
1	64	-92.15556
1	65	-92.25622
1	66	-92.35872
1	67	-92.46384
1	68	-92.57237
1	69	-92.68508
1	70	-92.80272
1	71	-92.92599
1	72	-93.05555
1	73	-93.19201
1	74	-93.33593
1	75	-93.48781
1	76	-93.64808
1	77	-93.81712
1	78	-93.99522
1	79	-94.18262
1	80	-94.37950
1	81	-94.58595
1	82	-94.80200
1	83	-95.02761
1	84	-95.26268
1	85	-95.50705
1	86	-95.76047
1	87	-96.02265
1	88	-96.29324
1	89	-96.57183
1	90	-96.85794
1	91	-97.15108
1	92	-97.45066
1	93	-97.75609
1	94	-98.06673
1	95	-98.38189
1	96	-98.70086
1	97	-99.02292
1	98	-99.34731
1	99	-99.67326
1	100	-100.00000
2	0	-100.00000
2	1	-99.31461
2	2	-98.62832
2	3	-97.94026
2	4	-97.24959
2	5	-96.55556
2	6	-95.85751
2	7	-95.15490
2	8	-94.44734
2	9	-93.73461
2	10	-93.01672
2	11	-92.29386
2	12	-91.56652
2	13	-90.83544
2	14	-90.10170
2	15	-89.36669
2	16	-88.63213
2	17	-87.90012
2	18	-87.17310
2	19	-86.45389
2	20	-85.74562
2	21	-85.05175
2	22	-84.37600
2	23	-83.72232
2	24	-83.09477
2	25	-82.49750
2	26	-81.93461
2	27	-81.41005
2	28	-80.92752
2	29	-80.49033
2	30	-80.10133
2	31	-79.76277
2	32	-79.47624
2	33	-79.24261
2	34	-79.06196
2	35	-78.93363
2	36	-78.85616
2	37	-78.82739
2	38	-78.84455
2	39	-78.90426
2	40	-79.00275
2	41	-79.13589
2	42	-79.29934
2	43	-79.48870
2	44	-79.69956
2	45	-79.92763
2	46	-80.16885
2	47	-80.41944
2	48	-80.67594
2	49	-80.93529
2	50	-81.19483
2	51	-81.45235
2	52	-81.70604
2	53	-81.95454
2	54	-82.19689
2	55	-82.43251
2	56	-82.66120
2	57	-82.88307
2	58	-83.09856
2	59	-83.30834
2	60	-83.51335
2	61	-83.71470
2	62	-83.91365
2	63	-84.11161
2	64	-84.31008
2	65	-84.51062
2	66	-84.71481
2	67	-84.92426
2	68	-85.14055
2	69	-85.36524
2	70	-85.59982
2	71	-85.84569
2	72	-86.10420
2	73	-86.37657
2	74	-86.66391
2	75	-86.96723
2	76	-87.28740
2	77	-87.62517
2	78	-87.98113
2	79	-88.35578
2	80	-88.74943
2	81	-89.16229
2	82	-89.59443
2	83	-90.04576
2	84	-90.51607
2	85	-91.00504
2	86	-91.51217
2	87	-92.03689
2	88	-92.57849
2	89	-93.13612
2	90	-93.70887
2	91	-94.29570
2	92	-94.89548
2	93	-95.50698
2	94	-96.12893
2	95	-96.75996
2	96	-97.39864
2	97	-98.04351
2	98	-98.69306
2	99	-99.34575
2	100	-100.00000
3	0	-100.00000
3	1	-98.97304
3	2	-97.94470
3	3	-96.91364
3	4	-95.87858
3	5	-94.83835
3	6	-93.79194
3	7	-92.73851
3	8	-91.67744
3	9	-90.60836
3	10	-89.53124
3	11	-88.44636
3	12	-87.35440
3	13	-86.25646
3	14	-85.15411
3	15	-84.04942
3	16	-82.94496
3	17	-81.84388
3	18	-80.74986
3	19	-79.66711
3	20	-78.60040
3	21	-77.55494
3	22	-76.53641
3	23	-75.55079
3	24	-74.60431
3	25	-73.70330
3	26	-72.85404
3	27	-72.06260
3	28	-71.33465
3	29	-70.67533
3	30	-70.08902
3	31	-69.57920
3	32	-69.14833
3	33	-68.79777
3	34	-68.52765
3	35	-68.33695
3	36	-68.22343
3	37	-68.18377
3	38	-68.21367
3	39	-68.30797
3	40	-68.46084
3	41	-68.66594
3	42	-68.91664
3	43	-69.20616
3	44	-69.52779
3	45	-69.87498
3	46	-70.24154
3	47	-70.62172
3	48	-71.01029
3	49	-71.40263
3	50	-71.79473
3	51	-72.18325
3	52	-72.56550
3	53	-72.93946
3	54	-73.30370
3	55	-73.65739
3	56	-74.00027
3	57	-74.33256
3	58	-74.65493
3	59	-74.96847
3	60	-75.27459
3	61	-75.57502
3	62	-75.87170
3	63	-76.16678
3	64	-76.46254
3	65	-76.76135
3	66	-77.06564
3	67	-77.37784
3	68	-77.70035
3	69	-78.03552
3	70	-78.38561
3	71	-78.75276
3	72	-79.13899
3	73	-79.54615
3	74	-79.97591
3	75	-80.42980
3	76	-80.90913
3	77	-81.41502
3	78	-81.94837
3	79	-82.50992
3	80	-83.10015
3	81	-83.71937
3	82	-84.36767
3	83	-85.04492
3	84	-85.75082
3	85	-86.48485
3	86	-87.24629
3	87	-88.03427
3	88	-88.84769
3	89	-89.68531
3	90	-90.54573
3	91	-91.42738
3	92	-92.32856
3	93	-93.24743
3	94	-94.18205
3	95	-95.13037
3	96	-96.09023
3	97	-97.05943
3	98	-98.03568
3	99	-99.01665
3	100	-100.00000
4	0	-100.00000
4	1	-98.63285
4	2	-97.26380
4	3	-95.89101
4	4	-94.51272
4	5	-93.12733
4	6	-91.73340
4	7	-90.32977
4	8	-88.91553
4	9	-87.49016
4	10	-86.05352
4	11	-84.60594
4	12	-83.14825
4	13	-81.68188
4	14	-80.20886
4	15	-78.73190
4	16	-77.25443
4	17	-75.78060
4	18	-74.31534
4	19	-72.86431
4	20	-71.43391
4	21	-70.03122
4	22	-68.66390
4	23	-67.34013
4	24	-66.06839
4	25	-64.85735
4	26	-63.71565
4	27	-62.65164
4	28	-61.67317
4	29	-60.78734
4	30	-60.00022
4	31	-59.31667
4	32	-58.74013
4	33	-58.27248
4	34	-57.91394
4	35	-57.66308
4	36	-57.51683
4	37	-57.47059
4	38	-57.51839
4	39	-57.65311
4	40	-57.86669
4	41	-58.15040
4	42	-58.49511
4	43	-58.89153
4	44	-59.33045
4	45	-59.80295
4	46	-60.30060
4	47	-60.81560
4	48	-61.34089
4	49	-61.87021
4	50	-62.39821
4	51	-62.92041
4	52	-63.43327
4	53	-63.93409
4	54	-64.42104
4	55	-64.89309
4	56	-65.34993
4	57	-65.79196
4	58	-66.22014
4	59	-66.63600
4	60	-67.04153
4	61	-67.43908
4	62	-67.83135
4	63	-68.22127
4	64	-68.61194
4	65	-69.00661
4	66	-69.40856
4	67	-69.82110
4	68	-70.24748
4	69	-70.69088
4	70	-71.15434
4	71	-71.64076
4	72	-72.15285
4	73	-72.69311
4	74	-73.26379
4	75	-73.86694
4	76	-74.50430
4	77	-75.17739
4	78	-75.88743
4	79	-76.63537
4	80	-77.42189
4	81	-78.24737
4	82	-79.11194
4	83	-80.01544
4	84	-80.95744
4	85	-81.93724
4	86	-82.95389
4	87	-84.00619
4	88	-85.09268
4	89	-86.21170
4	90	-87.36135
4	91	-88.53953
4	92	-89.74394
4	93	-90.97213
4	94	-92.22148
4	95	-93.48923
4	96	-94.77249
4	97	-96.06829
4	98	-97.37357
4	99	-98.68519
4	100	-100.00000
5	0	-100.00000
5	1	-98.29455
5	2	-96.58664
5	3	-94.87388
5	4	-93.15398
5	5	-91.42484
5	6	-89.68457
5	7	-87.93162
5	8	-86.16476
5	9	-84.38323
5	10	-82.58675
5	11	-80.77562
5	12	-78.95080
5	13	-77.11395
5	14	-75.26755
5	15	-73.41491
5	16	-71.56025
5	17	-69.70875
5	18	-67.86658
5	19	-66.04087
5	20	-64.23971
5	21	-62.47211
5	22	-60.74786
5	23	-59.07743
5	24	-57.47176
5	25	-55.94207
5	26	-54.49956
5	27	-53.15513
5	28	-51.91905
5	29	-50.80062
5	30	-49.80784
5	31	-48.94713
5	32	-48.22304
5	33	-47.63807
5	34	-47.19255
5	35	-46.88461
5	36	-46.71022
5	37	-46.66336
5	38	-46.73619
5	39	-46.91939
5	40	-47.20241
5	41	-47.57387
5	42	-48.02188
5	43	-48.53440
5	44	-49.09952
5	45	-49.70577
5	46	-50.34232
5	47	-50.99921
5	48	-51.66744
5	49	-52.33911
5	50	-53.00747
5	51	-53.66693
5	52	-54.31307
5	53	-54.94259
5	54	-55.55330
5	55	-56.14399
5	56	-56.71442
5	57	-57.26519
5	58	-57.79767
5	59	-58.31388
5	60	-58.81643
5	61	-59.30843
5	62	-59.79336
5	63	-60.27500
5	64	-60.75736
5	65	-61.24458
5	66	-61.74090
5	67	-62.25052
5	68	-62.77759
5	69	-63.32617
5	70	-63.90011
5	71	-64.50310
5	72	-65.13855
5	73	-65.80964
5	74	-66.51922
5	75	-67.26985
5	76	-68.06375
5	77	-68.90281
5	78	-69.78858
5	79	-70.72225
5	80	-71.70465
5	81	-72.73629
5	82	-73.81729
5	83	-74.94746
5	84	-76.12625
5	85	-77.35278
5	86	-78.62584
5	87	-79.94391
5	88	-81.30516
5	89	-82.70746
5	90	-84.14844
5	91	-85.62543
5	92	-87.13555
5	93	-88.67568
5	94	-90.24252
5	95	-91.83257
5	96	-93.44222
5	97	-95.06768
5	98	-96.70511
5	99	-98.35054
5	100	-100.00000
6	0	-100.00000
6	1	-97.95871
6	2	-95.91434
6	3	-93.86389
6	4	-91.80448
6	5	-89.73346
6	6	-87.64844
6	7	-85.54737
6	8	-83.42867
6	9	-81.29125
6	10	-79.13462
6	11	-76.95900
6	12	-74.76536
6	13	-72.55559
6	14	-70.33248
6	15	-68.09992
6	16	-65.86290
6	17	-63.62758
6	18	-61.40136
6	19	-59.19287
6	20	-57.01197
6	21	-54.86966
6	22	-52.77800
6	23	-50.74996
6	24	-48.79915
6	25	-46.93960
6	26	-45.18539
6	27	-43.55028
6	28	-42.04729
6	29	-40.68825
6	30	-39.48341
6	31	-38.44098
6	32	-37.56683
6	33	-36.86421
6	34	-36.33358
6	35	-35.97258
6	36	-35.77609
6	37	-35.73643
6	38	-35.84364
6	39	-36.08584
6	40	-36.44969
6	41	-36.92077
6	42	-37.48414
6	43	-38.12466
6	44	-38.82747
6	45	-39.57828
6	46	-40.36371
6	47	-41.17147
6	48	-41.99055
6	49	-42.81133
6	50	-43.62564
6	51	-44.42677
6	52	-45.20948
6	53	-45.96991
6	54	-46.70556
6	55	-47.41516
6	56	-48.09857
6	57	-48.75673
6	58	-49.39146
6	59	-50.00540
6	60	-50.60190
6	61	-51.18486
6	62	-51.75865
6	63	-52.32800
6	64	-52.89790
6	65	-53.47347
6	66	-54.05994
6	67	-54.66248
6	68	-55.28621
6	69	-55.93608
6	70	-56.61684
6	71	-57.33296
6	72	-58.08862
6	73	-58.88767
6	74	-59.73359
6	75	-60.62948
6	76	-61.57804
6	77	-62.58153
6	78	-63.64183
6	79	-64.76038
6	80	-65.93818
6	81	-67.17583
6	82	-68.47347
6	83	-69.83087
6	84	-71.24733
6	85	-72.72180
6	86	-74.25279
6	87	-75.83845
6	88	-77.47657
6	89	-79.16456
6	90	-80.89952
6	91	-82.67822
6	92	-84.49715
6	93	-86.35252
6	94	-88.24033
6	95	-90.15633
6	96	-92.09612
6	97	-94.05512
6	98	-96.02863
6	99	-98.01187
6	100	-100.00000
7	0	-100.00000
7	1	-97.62594
7	2	-95.24812
7	3	-92.86285
7	4	-90.46661
7	5	-88.05609
7	6	-85.62834
7	7	-83.18076
7	8	-80.71130
7	9	-78.21847
7	10	-75.70149
7	11	-73.16038
7	12	-70.59608
7	13	-68.01054
7	14	-65.40687
7	15	-62.78941
7	16	-60.16385
7	17	-57.53731
7	18	-54.91841
7	19	-52.31730
7	20	-49.74563
7	21	-47.21655
7	22	-44.74454
7	23	-42.34526
7	24	-40.03529
7	25	-37.83180
7	26	-35.75213
7	27	-33.81331
7	28	-32.03156
7	29	-30.42169
7	30	-28.99656
7	31	-27.76654
7	32	-26.73910
7	33	-25.91836
7	34	-25.30498
7	35	-24.89604
7	36	-24.68514
7	37	-24.66264
7	38	-24.81609
7	39	-25.13066
7	40	-25.58972
7	41	-26.17541
7	42	-26.86924
7	43	-27.65264
7	44	-28.50741
7	45	-29.41618
7	46	-30.36277
7	47	-31.33241
7	48	-32.31196
7	49	-33.29002
7	50	-34.25698
7	51	-35.20503
7	52	-36.12816
7	53	-37.02202
7	54	-37.88388
7	55	-38.71250
7	56	-39.50799
7	57	-40.27169
7	58	-41.00603
7	59	-41.71438
7	60	-42.40091
7	61	-43.07045
7	62	-43.72838
7	63	-44.38047
7	64	-45.03276
7	65	-45.69147
7	66	-46.36289
7	67	-47.05326
7	68	-47.76869
7	69	-48.51512
7	70	-49.29820
7	71	-50.12327
7	72	-50.99530
7	73	-51.91884
7	74	-52.89800
7	75	-53.93646
7	76	-55.03738
7	77	-56.20344
7	78	-57.43684
7	79	-58.73926
7	80	-60.11188
7	81	-61.55537
7	82	-63.06991
7	83	-64.65519
7	84	-66.31041
7	85	-68.03428
7	86	-69.82506
7	87	-71.68054
7	88	-73.59810
7	89	-75.57469
7	90	-77.60685
7	91	-79.69077
7	92	-81.82229
7	93	-83.99694
7	94	-86.20994
7	95	-88.45631
7	96	-90.73081
7	97	-93.02803
7	98	-95.34242
7	99	-97.66833
7	100	-100.00000
8	0	-100.00000
8	1	-97.29693
8	2	-94.58934
8	3	-91.87278
8	4	-89.14300
8	5	-86.39597
8	6	-83.62805
8	7	-80.83604
8	8	-78.01730
8	9	-75.16984
8	10	-72.29249
8	11	-69.38496
8	12	-66.44803
8	13	-63.48363
8	14	-60.49504
8	15	-57.48699
8	16	-54.46577
8	17	-51.43940
8	18	-48.41768
8	19	-45.41227
8	20	-42.43671
8	21	-39.50637
8	22	-36.63834
8	23	-33.85124
8	24	-31.16495
8	25	-28.60018
8	26	-26.17801
8	27	-23.91928
8	28	-21.84395
8	29	-19.97038
8	30	-18.31458
8	31	-16.88955
8	32	-15.70464
8	33	-14.76515
8	34	-14.07195
8	35	-13.62147
8	36	-13.40577
8	37	-13.41290
8	38	-13.62742
8	39	-14.03099
8	40	-14.60311
8	41	-15.32190
8	42	-16.16479
8	43	-17.10924
8	44	-18.13333
8	45	-19.21627
8	46	-20.33878
8	47	-21.48345
8	48	-22.63487
8	49	-23.77981
8	50	-24.90721
8	51	-26.00823
8	52	-27.07611
8	53	-28.10613
8	54	-29.09545
8	55	-30.04297
8	56	-30.94919
8	57	-31.81601
8	58	-32.64659
8	59	-33.44517
8	60	-34.21689
8	61	-34.96766
8	62	-35.70396
8	63	-36.43273
8	64	-37.16120
8	65	-37.89677
8	66	-38.64690
8	67	-39.41896
8	68	-40.22017
8	69	-41.05750
8	70	-41.93758
8	71	-42.86663
8	72	-43.85046
8	73	-44.89437
8	74	-46.00313
8	75	-47.18097
8	76	-48.43157
8	77	-49.75802
8	78	-51.16284
8	79	-52.64795
8	80	-54.21470
8	81	-55.86386
8	82	-57.59561
8	83	-59.40959
8	84	-61.30483
8	85	-63.27986
8	86	-65.33262
8	87	-67.46056
8	88	-69.66062
8	89	-71.92924
8	90	-74.26242
8	91	-76.65573
8	92	-79.10431
8	93	-81.60298
8	94	-84.14620
8	95	-86.72816
8	96	-89.34277
8	97	-91.98377
8	98	-94.64471
8	99	-97.31900
8	100	-100.00000
9	0	-100.00000
9	1	-96.97245
9	2	-93.93953
9	3	-90.89595
9	4	-87.83662
9	5	-84.75674
9	6	-81.65186
9	7	-78.51806
9	8	-75.35201
9	9	-72.15112
9	10	-68.91366
9	11	-65.63895
9	12	-62.32743
9	13	-58.98091
9	14	-55.60269
9	15	-52.19773
9	16	-48.77285
9	17	-45.33684
9	18	-41.90063
9	19	-38.47739
9	20	-35.08257
9	21	-31.73387
9	22	-28.45120
9	23	-25.25642
9	24	-22.17309
9	25	-19.22596
9	26	-16.44044
9	27	-13.84184
9	28	-11.45460
9	29	-9.30131
9	30	-7.40184
9	31	-5.77242
9	32	-4.42479
9	33	-3.36564
9	34	-2.59621
9	35	-2.11211
9	36	-1.90356
9	37	-1.95579
9	38	-2.24970
9	39	-2.76275
9	40	-3.46984
9	41	-4.34428
9	42	-5.35878
9	43	-6.48621
9	44	-7.70042
9	45	-8.97677
9	46	-10.29264
9	47	-11.62773
9	48	-12.96426
9	49	-14.28712
9	50	-15.58384
9	51	-16.84456
9	52	-18.06192
9	53	-19.23093
9	54	-20.34880
9	55	-21.41474
9	56	-22.42979
9	57	-23.39657
9	58	-24.31916
9	59	-25.20282
9	60	-26.05384
9	61	-26.87933
9	62	-27.68707
9	63	-28.48528
9	64	-29.28253
9	65	-30.08751
9	66	-30.90897
9	67	-31.75551
9	68	-32.63555
9	69	-33.55714
9	70	-34.52797
9	71	-35.55522
9	72	-36.64556
9	73	-37.80505
9	74	-39.03916
9	75	-40.35273
9	76	-41.74992
9	77	-43.23424
9	78	-44.80853
9	79	-46.47499
9	80	-48.23511
9	81	-50.08975
9	82	-52.03910
9	83	-54.08271
9	84	-56.21948
9	85	-58.44769
9	86	-60.76500
9	87	-63.16846
9	88	-65.65457
9	89	-68.21924
9	90	-70.85788
9	91	-73.56540
9	92	-76.33625
9	93	-79.16448
9	94	-82.04373
9	95	-84.96734
9	96	-87.92836
9	97	-90.91958
9	98	-93.93363
9	99	-96.96298
9	100	-100.00000
10	0	-100.00000
10	1	-96.65334
10	2	-93.30037
10	3	-89.93486
10	4	-86.55081
10	5	-83.14249
10	6	-79.70459
10	7	-76.23232
10	8	-72.72156
10	9	-69.16895
10	10	-65.57210
10	11	-61.92973
10	12	-58.24184
10	13	-54.50990
10	14	-50.73707
10	15	-46.92840
10	16	-43.09105
10	17	-39.23447
10	18	-35.37062
10	19	-31.51411
10	20	-27.68230
10	21	-23.89535
10	22	-20.17616
10	23	-16.55016
10	24	-13.04503
10	25	-9.69014
10	26	-6.51594
10	27	-3.55306
10	28	-0.83128
10	29	1.62159
10	30	3.78093
10	31	5.62651
10	32	7.14356
10	33	8.32357
10	34	9.16487
10	35	9.67280
10	36	9.85942
10	37	9.74302
10	38	9.34715
10	39	8.69951
10	40	7.83079
10	41	6.77338
10	42	5.56018
10	43	4.22359
10	44	2.79464
10	45	1.30224
10	46	-0.22729
10	47	-1.77055
10	48	-3.30733
10	49	-4.82058
10	50	-6.29647
10	51	-7.72425
10	52	-9.09608
10	53	-10.40688
10	54	-11.65409
10	55	-12.83742
10	56	-13.95864
10	57	-15.02134
10	58	-16.03066
10	59	-16.99311
10	60	-17.91631
10	61	-18.80877
10	62	-19.67970
10	63	-20.53881
10	64	-21.39612
10	65	-22.26179
10	66	-23.14595
10	67	-24.05858
10	68	-25.00935
10	69	-26.00755
10	70	-27.06194
10	71	-28.18073
10	72	-29.37149
10	73	-30.64111
10	74	-31.99575
10	75	-33.44086
10	76	-34.98113
10	77	-36.62047
10	78	-38.36208
10	79	-40.20836
10	80	-42.16100
10	81	-44.22093
10	82	-46.38833
10	83	-48.66267
10	84	-51.04269
10	85	-53.52643
10	86	-56.11122
10	87	-58.79373
10	88	-61.56995
10	89	-64.43526
10	90	-67.38445
10	91	-70.41174
10	92	-73.51082
10	93	-76.67494
10	94	-79.89689
10	95	-83.16912
10	96	-86.48373
10	97	-89.83257
10	98	-93.20726
10	99	-96.59929
10	100	-100.00000
11	0	-100.00000
11	1	-96.34054
11	2	-92.67374
11	3	-88.99233
11	4	-85.28927
11	5	-81.55783
11	6	-77.79169
11	7	-73.98509
11	8	-70.13294
11	9	-66.23102
11	10	-62.27607
11	11	-58.26605
11	12	-54.20030
11	13	-50.07977
11	14	-45.90729
11	15	-41.68776
11	16	-37.42848
11	17	-33.13937
11	18	-28.83327
11	19	-24.52612
11	20	-20.23717
11	21	-15.98908
11	22	-11.80793
11	23	-7.72304
11	24	-3.76671
11	25	0.02637
11	26	3.61987
11	27	6.97684
11	28	10.06095
11	29	12.83801
11	30	15.27746
11	31	17.35398
11	32	19.04894
11	33	20.35149
11	34	21.25934
11	35	21.77900
11	36	21.92544
11	37	21.72131
11	38	21.19575
11	39	20.38286
11	40	19.32013
11	41	18.04683
11	42	16.60251
11	43	15.02577
11	44	13.35315
11	45	11.61837
11	46	9.85182
11	47	8.08012
11	48	6.32608
11	49	4.60860
11	50	2.94278
11	51	1.34013
11	52	-0.19127
11	53	-1.64643
11	54	-3.02325
11	55	-4.32220
11	56	-5.54602
11	57	-6.69947
11	58	-7.78903
11	59	-8.82266
11	60	-9.80952
11	61	-10.75973
11	62	-11.68414
11	63	-12.59413
11	64	-13.50135
11	65	-14.41757
11	66	-15.35447
11	67	-16.32350
11	68	-17.33574
11	69	-18.40175
11	70	-19.53150
11	71	-20.73426
11	72	-22.01856
11	73	-23.39214
11	74	-24.86188
11	75	-26.43385
11	76	-28.11325
11	77	-29.90445
11	78	-31.81094
11	79	-33.83538
11	80	-35.97961
11	81	-38.24463
11	82	-40.63061
11	83	-43.13695
11	84	-45.76219
11	85	-48.50412
11	86	-51.35973
11	87	-54.32527
11	88	-57.39623
11	89	-60.56741
11	90	-63.83293
11	91	-67.18627
11	92	-70.62036
11	93	-74.12757
11	94	-77.69979
11	95	-81.32852
11	96	-85.00488
11	97	-88.71970
11	98	-92.46357
11	99	-96.22690
11	100	-100.00000
12	0	-100.00000
12	1	-96.03510
12	2	-92.06171
12	3	-88.07144
12	4	-84.05612
12	5	-80.00787
12	6	-75.91925
12	7	-71.78339
12	8	-67.59411
12	9	-63.34610
12	10	-59.03510
12	11	-54.65809
12	12	-50.21353
12	13	-45.70161
12	14	-41.12455
12	15	-36.48687
12	16	-31.79572
12	17	-27.06127
12	18	-22.29697
12	19	-17.51993
12	20	-12.75118
12	21	-8.01588
12	22	-3.34343
12	23	1.23263
12	24	5.67485
12	25	9.94247
12	26	13.99222
12	27	17.77958
12	28	21.26024
12	29	24.39204
12	30	27.13691
12	31	29.46303
12	32	31.34673
12	33	32.77410
12	34	33.74200
12	35	34.25842
12	36	34.34201
12	37	34.02104
12	38	33.33168
12	39	32.31604
12	40	31.02003
12	41	29.49128
12	42	27.77728
12	43	25.92383
12	44	23.97380
12	45	21.96630
12	46	19.93605
12	47	17.91315
12	48	15.92294
12	49	13.98611
12	50	12.11887
12	51	10.33323
12	52	8.63732
12	53	7.03568
12	54	5.52971
12	55	4.11789
12	56	2.79623
12	57	1.55851
12	58	0.39666
12	59	-0.69898
12	60	-1.73937
12	61	-2.73648
12	62	-3.70302
12	63	-4.65223
12	64	-5.59759
12	65	-6.55267
12	66	-7.53085
12	67	-8.54522
12	68	-9.60835
12	69	-10.73222
12	70	-11.92805
12	71	-13.20626
12	72	-14.57637
12	73	-16.04699
12	74	-17.62577
12	75	-19.31940
12	76	-21.13359
12	77	-23.07313
12	78	-25.14184
12	79	-27.34261
12	80	-29.67743
12	81	-32.14736
12	82	-34.75256
12	83	-37.49231
12	84	-40.36500
12	85	-43.36812
12	86	-46.49832
12	87	-49.75139
12	88	-53.12230
12	89	-56.60522
12	90	-60.19357
12	91	-63.88007
12	92	-67.65678
12	93	-71.51517
12	94	-75.44618
12	95	-79.44028
12	96	-83.48756
12	97	-87.57777
12	98	-91.70040
12	99	-95.84475
12	100	-100.00000
13	0	-100.00000
13	1	-95.73814
13	2	-91.46655
13	3	-87.17561
13	4	-82.85589
13	5	-78.49827
13	6	-74.09406
13	7	-69.63512
13	8	-65.11401
13	9	-60.52419
13	10	-55.86015
13	11	-51.11768
13	12	-46.29411
13	13	-41.38860
13	14	-36.40244
13	15	-31.33943
13	16	-26.20628
13	17	-21.01301
13	18	-15.77341
13	19	-10.50545
13	20	-5.23173
13	21	0.02016
13	22	5.21747
13	23	10.32213
13	24	15.29102
13	25	20.07643
13	26	24.62698
13	27	28.88900
13	28	32.80840
13	29	36.33299
13	30	39.41512
13	31	42.01449
13	32	44.10084
13	33	45.65617
13	34	46.67615
13	35	47.17066
13	36	47.16316
13	37	46.68916
13	38	45.79389
13	39	44.52960
13	40	42.95268
13	41	41.12099
13	42	39.09150
13	43	36.91846
13	44	34.65194
13	45	32.33696
13	46	30.01294
13	47	27.71348
13	48	25.46642
13	49	23.29403
13	50	21.21336
13	51	19.23662
13	52	17.37161
13	53	15.62214
13	54	13.98850
13	55	12.46783
13	56	11.05453
13	57	9.74063
13	58	8.51615
13	59	7.36945
13	60	6.28749
13	61	5.25621
13	62	4.26077
13	63	3.28584
13	64	2.31588
13	65	1.33535
13	66	0.32895
13	67	-0.71817
13	68	-1.82024
13	69	-2.99073
13	70	-4.24223
13	71	-5.58635
13	72	-7.03367
13	73	-8.59369
13	74	-10.27482
13	75	-12.08437
13	76	-14.02859
13	77	-16.11264
13	78	-18.34068
13	79	-20.71580
13	80	-23.24014
13	81	-25.91481
13	82	-28.73996
13	83	-31.71474
13	84	-34.83737
13	85	-38.10504
13	86	-41.51404
13	87	-45.05968
13	88	-48.73636
13	89	-52.53760
13	90	-56.45607
13	91	-60.48366
13	92	-64.61152
13	93	-68.83016
13	94	-73.12947
13	95	-77.49887
13	96	-81.92732
13	97	-86.40342
13	98	-90.91552
13	99	-95.45171
13	100	-100.00000
14	0	-100.00000
14	1	-95.45090
14	2	-90.89075
14	3	-86.30856
14	4	-81.69356
14	5	-77.03527
14	6	-72.32360
14	7	-67.54901
14	8	-62.70264
14	9	-57.77649
14	10	-52.76362
14	11	-47.65836
14	12	-42.45664
14	13	-37.15623
14	14	-31.75717
14	15	-26.26214
14	16	-20.67697
14	17	-15.01110
14	18	-9.27820
14	19	-3.49671
14	20	2.30953
14	21	8.11080
14	22	13.87100
14	23	19.54741
14	24	25.09068
14	25	30.44525
14	26	35.55026
14	27	40.34104
14	28	44.75138
14	29	48.71641
14	30	52.17608
14	31	55.07897
14	32	57.38600
14	33	59.07359
14	34	60.13577
14	35	60.58491
14	36	60.45081
14	37	59.77853
14	38	58.62512
14	39	57.05579
14	40	55.14010
14	41	52.94849
14	42	50.54929
14	43	48.00656
14	44	45.37853
14	45	42.71667
14	46	40.06527
14	47	37.46142
14	48	34.93522
14	49	32.51023
14	50	30.20393
14	51	28.02829
14	52	25.99036
14	53	24.09278
14	54	22.33434
14	55	20.71040
14	56	19.21342
14	57	17.83332
14	58	16.55788
14	59	15.37312
14	60	14.26367
14	61	13.21305
14	62	12.20404
14	63	11.21894
14	64	10.23992
14	65	9.24922
14	66	8.22946
14	67	7.16383
14	68	6.03630
14	69	4.83178
14	70	3.53622
14	71	2.13675
14	72	0.62173
14	73	-1.01928
14	74	-2.79544
14	75	-4.71469
14	76	-6.78374
14	77	-9.00818
14	78	-11.39242
14	79	-13.93978
14	80	-16.65252
14	81	-19.53179
14	82	-22.57771
14	83	-25.78934
14	84	-29.16468
14	85	-32.70064
14	86	-36.39312
14	87	-40.23692
14	88	-44.22586
14	89	-48.35275
14	90	-52.60945
14	91	-56.98698
14	92	-61.47550
14	93	-66.06446
14	94	-70.74269
14	95	-75.49841
14	96	-80.31942
14	97	-85.19309
14	98	-90.10653
14	99	-95.04659
14	100	-100.00000
15	0	-100.00000
15	1	-95.17473
15	2	-90.33698
15	3	-85.47432
15	4	-80.57453
15	5	-75.62564
15	6	-70.61605
15	7	-65.53467
15	8	-60.37104
15	9	-55.11551
15	10	-49.75947
15	11	-44.29552
15	12	-38.71785
15	13	-33.02252
15	14	-27.20787
15	15	-21.27500
15	16	-15.22834
15	17	-9.07621
15	18	-2.83157
15	19	3.48725
15	20	9.85577
15	21	16.24251
15	22	22.60833
15	23	28.90582
15	24	35.07903
15	25	41.06364
15	26	46.78776
15	27	52.17352
15	28	57.13967
15	29	61.60518
15	30	65.49382
15	31	68.73930
15	32	71.29058
15	33	73.11641
15	34	74.20845
15	35	74.58238
15	36	74.27663
15	37	73.34905
15	38	71.87227
15	39	69.92833
15	40	67.60346
15	41	64.98357
15	42	62.15059
15	43	59.17996
15	44	56.13895
15	45	53.08591
15	46	50.07004
15	47	47.13169
15	48	44.30283
15	49	41.60775
15	50	39.06382
15	51	36.68224
15	52	34.46874
15	53	32.42429
15	54	30.54565
15	55	28.82602
15	56	27.25545
15	57	25.82135
15	58	24.50891
15	59	23.30150
15	60	22.18102
15	61	21.12829
15	62	20.12339
15	63	19.14598
15	64	18.17564
15	65	17.19216
15	66	16.17585
15	67	15.10774
15	68	13.96984
15	69	12.74531
15	70	11.41857
15	71	9.97543
15	72	8.40310
15	73	6.69027
15	74	4.82702
15	75	2.80482
15	76	0.61648
15	77	-1.74391
15	78	-4.28104
15	79	-6.99840
15	80	-9.89835
15	81	-12.98211
15	82	-16.24976
15	83	-19.70024
15	84	-23.33136
15	85	-27.13974
15	86	-31.12086
15	87	-35.26903
15	88	-39.57741
15	89	-44.03807
15	90	-48.64202
15	91	-53.37929
15	92	-58.23902
15	93	-63.20951
15	94	-68.27840
15	95	-73.43267
15	96	-78.65884
15	97	-83.94300
15	98	-89.27091
15	99	-94.62811
15	100	-100.00000
16	0	-100.00000
16	1	-94.91105
16	2	-89.80810
16	3	-84.67721
16	4	-79.50460
16	5	-74.27671
16	6	-68.98030
16	7	-63.60259
16	8	-58.13134
16	9	-52.55506
16	10	-46.86321
16	11	-41.04640
16	12	-35.09673
16	13	-29.00812
16	14	-22.77677
16	15	-16.40167
16	16	-9.88518
16	17	-3.23384
16	18	3.54087
16	19	10.42153
16	20	17.38378
16	21	24.39514
16	22	31.41399
16	23	38.38851
16	24	45.25598
16	25	51.94253
16	26	58.36363
16	27	64.42561
16	28	70.02859
16	29	75.07082
16	30	79.45471
16	31	83.09385
16	32	85.92063
16	33	87.89300
16	34	88.99923
16	35	89.25955
16	36	88.72427
16	37	87.46878
16	38	85.58659
16	39	83.18179
16	40	80.36184
16	41	77.23173
16	42	73.88957
16	43	70.42374
16	44	66.91141
16	45	63.41797
16	46	59.99731
16	47	56.69248
16	48	53.53665
16	49	50.55411
16	50	47.76137
16	51	45.16811
16	52	42.77809
16	53	40.58997
16	54	38.59798
16	55	36.79258
16	56	35.16099
16	57	33.68771
16	58	32.35492
16	59	31.14295
16	60	30.03062
16	61	28.99571
16	62	28.01525
16	63	27.06594
16	64	26.12448
16	65	25.16794
16	66	24.17403
16	67	23.12143
16	68	21.99002
16	69	20.76105
16	70	19.41733
16	71	17.94327
16	72	16.32500
16	73	14.55025
16	74	12.60843
16	75	10.49046
16	76	8.18875
16	77	5.69709
16	78	3.01058
16	79	0.12557
16	80	-2.96038
16	81	-6.24855
16	82	-9.73897
16	83	-13.43051
16	84	-17.32077
16	85	-21.40610
16	86	-25.68156
16	87	-30.14092
16	88	-34.77668
16	89	-39.58010
16	90	-44.54127
16	91	-49.64916
16	92	-54.89177
16	93	-60.25618
16	94	-65.72871
16	95	-71.29504
16	96	-76.94029
16	97	-82.64915
16	98	-88.40599
16	99	-94.19495
16	100	-100.00000
17	0	-100.00000
17	1	-94.66138
17	2	-89.30716
17	3	-83.92183
17	4	-78.48995
17	5	-72.99629
17	6	-67.42586
17	7	-61.76404
17	8	-55.99666
17	9	-50.11019
17	10	-44.09191
17	11	-37.93014
17	12	-31.61454
17	13	-25.13647
17	14	-18.48944
17	15	-11.66970
17	16	-4.67688
17	17	2.48516
17	18	9.80735
17	19	17.27424
17	20	24.86267
17	21	32.54029
17	22	40.26398
17	23	47.97824
17	24	55.61384
17	25	63.08687
17	26	70.29860
17	27	77.13672
17	28	83.47825
17	29	89.19482
17	30	94.16034
17	31	98.26076
17	32	101.40510
17	33	103.53574
17	34	104.63592
17	35	104.73233
17	36	103.89213
17	37	102.21519
17	38	99.82353
17	39	96.85039
17	40	93.43038
17	41	89.69194
17	42	85.75220
17	43	81.71404
17	44	77.66498
17	45	73.67725
17	46	69.80874
17	47	66.10428
17	48	62.59717
17	49	59.31067
17	50	56.25944
17	51	53.45074
17	52	50.88555
17	53	48.55952
17	54	46.46370
17	55	44.58531
17	56	42.90824
17	57	41.41358
17	58	40.08012
17	59	38.88473
17	60	37.80281
17	61	36.80868
17	62	35.87596
17	63	34.97805
17	64	34.08842
17	65	33.18108
17	66	32.23090
17	67	31.21395
17	68	30.10775
17	69	28.89155
17	70	27.54641
17	71	26.05535
17	72	24.40335
17	73	22.57731
17	74	20.56598
17	75	18.35983
17	76	15.95097
17	77	13.33294
17	78	10.50071
17	79	7.45050
17	80	4.17979
17	81	0.68728
17	82	-3.02707
17	83	-6.96206
17	84	-11.11512
17	85	-15.48233
17	86	-20.05836
17	87	-24.83641
17	88	-29.80829
17	89	-34.96439
17	90	-40.29379
17	91	-45.78432
17	92	-51.42271
17	93	-57.19472
17	94	-63.08524
17	95	-69.07849
17	96	-75.15812
17	97	-81.30732
17	98	-87.50896
17	99	-93.74569
17	100	-100.00000
18	0	-100.00000
18	1	-94.42729
18	2	-88.83735
18	3	-83.21299
18	4	-77.53709
18	5	-71.79264
18	6	-65.96282
18	7	-60.03104
18	8	-53.98107
18	9	-47.79713
18	10	-41.46411
18	11	-34.96772
18	12	-28.29482
18	13	-21.43376
18	14	-14.37483
18	15	-7.11082
18	16	0.36220
18	17	8.04402
18	18	15.92913
18	19	24.00540
18	20	32.25237
18	21	40.63938
18	22	49.12340
18	23	57.64664
18	24	66.13429
18	25	74.49250
18	26	82.60720
18	27	90.34441
18	28	97.55286
18	29	104.06989
18	30	109.73106
18	31	114.38374
18	32	117.90326
18	33	120.20895
18	34	121.27637
18	35	121.14171
18	36	119.89674
18	37	117.67630
18	38	114.64196
18	39	110.96586
18	40	106.81735
18	41	102.35346
18	42	97.71324
18	43	93.01523
18	44	88.35720
18	45	83.81733
18	46	79.45613
18	47	75.31873
18	48	71.43706
18	49	67.83197
18	50	64.51498
18	51	61.48986
18	52	58.75387
18	53	56.29884
18	54	54.11201
18	55	52.17674
18	56	50.47306
18	57	48.97826
18	58	47.66725
18	59	46.51306
18	60	45.48722
18	61	44.56022
18	62	43.70188
18	63	42.88186
18	64	42.07006
18	65	41.23706
18	66	40.35454
18	67	39.39570
18	68	38.33549
18	69	37.15098
18	70	35.82141
18	71	34.32837
18	72	32.65575
18	73	30.78966
18	74	28.71834
18	75	26.43194
18	76	23.92234
18	77	21.18301
18	78	18.20881
18	79	14.99592
18	80	11.54176
18	81	7.84496
18	82	3.90546
18	83	-0.27552
18	84	-4.69531
18	85	-9.34975
18	86	-14.23312
18	87	-19.33808
18	88	-24.65568
18	89	-30.17539
18	90	-35.88517
18	91	-41.77161
18	92	-47.82004
18	93	-54.01473
18	94	-60.33904
18	95	-66.77557
18	96	-73.30638
18	97	-79.91304
18	98	-86.57685
18	99	-93.27886
18	100	-100.00000
19	0	-100.00000
19	1	-94.21042
19	2	-88.40195
19	3	-82.55568
19	4	-76.65277
19	5	-70.67437
19	6	-64.60174
19	7	-58.41624
19	8	-52.09944
19	9	-45.63316
19	10	-38.99967
19	11	-32.18180
19	12	-25.16327
19	13	-17.92894
19	14	-10.46528
19	15	-2.76095
19	16	5.19249
19	17	13.39957
19	18	21.85977
19	19	30.56585
19	20	39.50202
19	21	48.64147
19	22	57.94358
19	23	67.35062
19	24	76.78417
19	25	86.14164
19	26	95.29329
19	27	104.08085
19	28	112.31891
19	29	119.80080
19	30	126.31026
19	31	131.63991
19	32	135.61524
19	33	138.12042
19	34	139.11892
19	35	138.66139
19	36	136.87682
19	37	133.95133
19	38	130.10215
19	39	125.55375
19	40	120.51969
19	41	115.19130
19	42	109.73207
19	43	104.27645
19	44	98.93128
19	45	93.77872
19	46	88.87972
19	47	84.27744
19	48	80.00039
19	49	76.06517
19	50	72.47866
19	51	69.23984
19	52	66.34121
19	53	63.76996
19	54	61.50877
19	55	59.53655
19	56	57.82902
19	57	56.35914
19	58	55.09756
19	59	54.01302
19	60	53.07280
19	61	52.24309
19	62	51.48948
19	63	50.77747
19	64	50.07290
19	65	49.34255
19	66	48.55452
19	67	47.67880
19	68	46.68755
19	69	45.55546
19	70	44.25988
19	71	42.78097
19	72	41.10160
19	73	39.20725
19	74	37.08579
19	75	34.72723
19	76	32.12345
19	77	29.26794
19	78	26.15560
19	79	22.78262
19	80	19.14635
19	81	15.24536
19	82	11.07945
19	83	6.64982
19	84	1.95915
19	85	-2.98824
19	86	-8.18630
19	87	-13.62712
19	88	-19.30097
19	89	-25.19631
19	90	-31.29990
19	91	-37.59690
19	92	-44.07111
19	93	-50.70514
19	94	-57.48061
19	95	-64.37839
19	96	-71.37877
19	97	-78.46162
19	98	-85.60653
19	99	-92.79289
19	100	-100.00000
20	0	-100.00000
20	1	-94.01246
20	2	-88.00434
20	3	-81.95504
20	4	-75.84393
20	5	-69.65032
20	6	-63.35352
20	7	-56.93275
20	8	-50.36728
20	9	-43.63641
20	10	-36.71959
20	11	-29.59656
20	12	-22.24752
20	13	-14.65343
20	14	-6.79640
20	15	1.33982
20	16	9.76911
20	17	18.50202
20	18	27.54450
20	19	36.89622
20	20	46.54839
20	21	56.48091
20	22	66.65885
20	23	77.02808
20	24	87.51014
20	25	97.99661
20	26	108.34348
20	27	118.36677
20	28	127.84114
20	29	136.50414
20	30	144.06928
20	31	150.25038
20	32	154.79737
20	33	157.53856
20	34	158.41752
20	35	157.50810
20	36	154.99781
20	37	151.15004
20	38	146.26158
20	39	140.62728
20	40	134.51637
20	41	128.15998
20	42	121.74730
20	43	115.42722
20	44	109.31274
20	45	103.48656
20	46	98.00659
20	47	92.91090
20	48	88.22190
20	49	83.94967
20	50	80.09465
20	51	76.64961
20	52	73.60119
20	53	70.93102
20	54	68.61654
20	55	66.63169
20	56	64.94734
20	57	63.53172
20	58	62.35081
20	59	61.36868
20	60	60.54787
20	61	59.84985
20	62	59.23550
20	63	58.66562
20	64	58.10154
20	65	57.50570
20	66	56.84220
20	67	56.07744
20	68	55.18046
20	69	54.12341
20	70	52.88169
20	71	51.43403
20	72	49.76244
20	73	47.85195
20	74	45.69035
20	75	43.26775
20	76	40.57628
20	77	37.60969
20	78	34.36305
20	79	30.83260
20	80	27.01567
20	81	22.91066
20	82	18.51718
20	83	13.83621
20	84	8.87034
20	85	3.62392
20	86	-1.89670
20	87	-7.68311
20	88	-13.72476
20	89	-20.00900
20	90	-26.52121
20	91	-33.24499
20	92	-40.16237
20	93	-47.25409
20	94	-54.49986
20	95	-61.87860
20	96	-69.36869
20	97	-76.94815
20	98	-84.59475
20	99	-92.28617
20	100	-100.00000
21	0	-100.00000
21	1	-93.83508
21	2	-87.64791
21	3	-81.41621
21	4	-75.11757
21	5	-68.72949
21	6	-62.22925
21	7	-55.59397
21	8	-48.80052
21	9	-41.82561
21	10	-34.64573
21	11	-27.23732
21	12	-19.57681
21	13	-11.64088
21	14	-3.40672
21	15	5.14752
21	16	14.04213
21	17	23.29491
21	18	32.92000
21	19	42.92615
21	20	53.31440
21	21	64.07492
21	22	75.18283
21	23	86.59271
21	24	98.23170
21	25	109.99117
21	26	121.71724
21	27	133.20163
21	28	144.17473
21	29	154.30534
21	30	163.21234
21	31	170.49497
21	32	175.78529
21	33	178.81894
21	34	179.50449
21	35	177.95567
21	36	174.45630
21	37	169.38944
21	38	163.16683
21	39	156.17743
21	40	148.75854
21	41	141.18494
21	42	133.66994
21	43	126.37238
21	44	119.40589
21	45	112.84819
21	46	106.74919
21	47	101.13769
21	48	96.02662
21	49	91.41695
21	50	87.30066
21	51	83.66277
21	52	80.48293
21	53	77.73637
21	54	75.39470
21	55	73.42633
21	56	71.79691
21	57	70.46960
21	58	69.40530
21	59	68.56301
21	60	67.90014
21	61	67.37294
21	62	66.93704
21	63	66.54798
21	64	66.16195
21	65	65.73649
21	66	65.23116
21	67	64.60827
21	68	63.83345
21	69	62.87604
21	70	61.70943
21	71	60.31103
21	72	58.66217
21	73	56.74777
21	74	54.55588
21	75	52.07714
21	76	49.30425
21	77	46.23148
21	78	42.85429
21	79	39.16908
21	80	35.17308
21	81	30.86444
21	82	26.24239
21	83	21.30751
21	84	16.06207
21	85	10.51029
21	86	4.65867
21	87	-1.48388
21	88	-7.90596
21	89	-14.59370
21	90	-21.53095
21	91	-28.69947
21	92	-36.07929
21	93	-43.64901
21	94	-51.38614
21	95	-59.26747
21	96	-67.26926
21	97	-75.36753
21	98	-83.53816
21	99	-91.75703
21	100	-100.00000
22	0	-100.00000
22	1	-93.67994
22	2	-87.33602
22	3	-80.94430
22	4	-74.48067
22	5	-67.92080
22	6	-61.24004
22	7	-54.41334
22	8	-47.41524
22	9	-40.21976
22	10	-32.80041
22	11	-25.13017
22	12	-17.18153
22	13	-8.92656
22	14	-0.33712
22	15	8.61487
22	16	17.95696
22	17	27.71548
22	18	37.91444
22	19	48.57399
22	20	59.70815
22	21	71.32155
22	22	83.40483
22	23	95.92821
22	24	108.83281
22	25	122.01911
22	26	135.33270
22	27	148.54776
22	28	161.35082
22	29	173.33013
22	30	183.97979
22	31	192.73187
22	32	199.02990
22	33	202.44741
22	34	202.82584
22	35	200.35379
22	36	195.48229
22	37	188.78459
22	38	180.83886
22	39	172.15709
22	40	163.15540
22	41	154.15130
22	42	145.37515
22	43	136.98646
22	44	129.09026
22	45	121.75111
22	46	115.00427
22	47	108.86405
22	48	103.32994
22	49	98.39087
22	50	94.02825
22	51	90.21789
22	52	86.93138
22	53	84.13685
22	54	81.79954
22	55	79.88201
22	56	78.34439
22	57	77.14445
22	58	76.23777
22	59	75.57792
22	60	75.11674
22	61	74.80475
22	62	74.59172
22	63	74.42730
22	64	74.26181
22	65	74.04715
22	66	73.73768
22	67	73.29105
22	68	72.66901
22	69	71.83788
22	70	70.76895
22	71	69.43848
22	72	67.82744
22	73	65.92109
22	74	63.70827
22	75	61.18068
22	76	58.33210
22	77	55.15770
22	78	51.65356
22	79	47.81633
22	80	43.64312
22	81	39.13162
22	82	34.28042
22	83	29.08938
22	84	23.56012
22	85	17.69651
22	86	11.50499
22	87	4.99488
22	88	-1.82149
22	89	-8.92891
22	90	-16.30941
22	91	-23.94266
22	92	-31.80632
22	93	-39.87650
22	94	-48.12824
22	95	-56.53586
22	96	-65.07334
22	97	-73.71454
22	98	-82.43334
22	99	-91.20378
22	100	-100.00000
23	0	-100.00000
23	1	-93.54866
23	2	-87.07193
23	3	-80.54430
23	4	-73.94002
23	5	-67.23301
23	6	-60.39675
23	7	-53.40412
23	8	-46.22733
23	9	-38.83778
23	10	-31.20598
23	11	-23.30143
23	12	-15.09256
23	13	-6.54670
23	14	2.36993
23	15	11.69210
23	16	21.45537
23	17	31.69561
23	18	42.44828
23	19	53.74721
23	20	65.62265
23	21	78.09830
23	22	91.18673
23	23	104.88252
23	24	119.15219
23	25	133.91976
23	26	149.04670
23	27	164.30589
23	28	179.35066
23	29	193.68457
23	30	206.64483
23	31	217.42280
23	32	225.15502
23	33	229.11495
23	34	228.99766
23	35	225.15138
23	36	218.33445
23	37	209.42778
23	38	199.24691
23	39	188.45668
23	40	177.55465
23	41	166.88972
23	42	156.69289
23	43	147.10806
23	44	138.21758
23	45	130.06174
23	46	122.65274
23	47	115.98432
23	48	110.03821
23	49	104.78835
23	50	100.20357
23	51	96.24916
23	52	92.88783
23	53	90.08012
23	54	87.78459
23	55	85.95779
23	56	84.55419
23	57	83.52605
23	58	82.82342
23	59	82.39416
23	60	82.18413
23	61	82.13761
23	62	82.19781
23	63	82.30768
23	64	82.41082
23	65	82.45262
23	66	82.38134
23	67	82.14926
23	68	81.71365
23	69	81.03752
23	70	80.09003
23	71	78.84649
23	72	77.28802
23	73	75.40087
23	74	73.17544
23	75	70.60522
23	76	67.68575
23	77	64.41365
23	78	60.78593
23	79	56.79957
23	80	52.45144
23	81	47.73851
23	82	42.65829
23	83	37.20946
23	84	31.39254
23	85	25.21063
23	86	18.66988
23	87	11.77992
23	88	4.55402
23	89	-2.99102
23	90	-10.83514
23	91	-18.95545
23	92	-27.32681
23	93	-35.92244
23	94	-44.71445
23	95	-53.67440
23	96	-62.77372
23	97	-71.98393
23	98	-81.27688
23	99	-90.62475
23	100	-100.00000
24	0	-100.00000
24	1	-93.44278
24	2	-86.85875
24	3	-80.22094
24	4	-73.50208
24	5	-66.67448
24	6	-59.70983
24	7	-52.57907
24	8	-45.25218
24	9	-37.69806
24	10	-29.88430
24	11	-21.77700
24	12	-13.34059
24	13	-4.53762
24	14	4.67143
24	15	14.32825
24	16	24.47681
24	17	35.16331
24	18	46.43587
24	19	58.34391
24	20	70.93694
24	21	84.26227
24	22	98.36127
24	23	113.26293
24	24	128.97369
24	25	145.46103
24	26	162.62846
24	27	180.27843
24	28	198.06135
24	29	215.41269
24	30	231.49213
24	31	245.15950
24	32	255.05242
24	33	259.85972
24	34	258.89849
24	35	252.91960
24	36	243.27637
24	37	231.34518
24	38	218.26433
24	39	204.86807
24	40	191.71682
24	41	179.16002
24	42	167.39865
24	43	156.53531
24	44	146.61025
24	45	137.62552
24	46	129.56062
24	47	122.38227
24	48	116.05022
24	49	110.52076
24	50	105.74852
24	51	101.68736
24	52	98.29067
24	53	95.51122
24	54	93.30092
24	55	91.61038
24	56	90.38852
24	57	89.58214
24	58	89.13570
24	59	88.99116
24	60	89.08803
24	61	89.36375
24	62	89.75423
24	63	90.19478
24	64	90.62119
24	65	90.97118
24	66	91.18580
24	67	91.21098
24	68	90.99880
24	69	90.50853
24	70	89.70716
24	71	88.56942
24	72	87.07729
24	73	85.21893
24	74	82.98738
24	75	80.37901
24	76	77.39204
24	77	74.02523
24	78	70.27693
24	79	66.14457
24	80	61.62457
24	81	56.71270
24	82	51.40478
24	83	45.69761
24	84	39.58996
24	85	33.08358
24	86	26.18397
24	87	18.90090
24	88	11.24867
24	89	3.24594
24	90	-5.08466
24	91	-13.71717
24	92	-22.62305
24	93	-31.77199
24	94	-41.13271
24	95	-50.67359
24	96	-60.36319
24	97	-70.17059
24	98	-80.06551
24	99	-90.01835
24	100	-100.00000
25	0	-100.00000
25	1	-93.36372
25	2	-86.69935
25	3	-79.97862
25	4	-73.17289
25	5	-66.25300
25	6	-59.18904
25	7	-51.95013
25	8	-44.50426
25	9	-36.81797
25	10	-28.85615
25	11	-20.58169
25	12	-11.95519
25	13	-2.93461
25	14	6.52515
25	15	16.47265
25	16	26.96033
25	17	38.04495
25	18	49.78796
25	19	62.25563
25	20	75.51892
25	21	89.65259
25	22	104.73313
25	23	120.83426
25	24	138.01860
25	25	156.32223
25	26	175.72766
25	27	196.11804
25	28	217.20361
25	29	238.41269
25	30	258.75151
25	31	276.67066
25	32	290.03545
25	33	296.37300
25	34	293.81698
25	35	284.35215
25	36	270.50625
25	37	254.41223
25	38	237.59716
25	39	221.03444
25	40	205.28455
25	41	190.63491
25	42	177.20636
25	43	165.02429
25	44	154.06259
25	45	144.26946
25	46	135.58198
25	47	127.93391
25	48	121.25964
25	49	115.49595
25	50	110.58238
25	51	106.46110
25	52	103.07625
25	53	100.37316
25	54	98.29747
25	55	96.79429
25	56	95.80735
25	57	95.27829
25	58	95.14610
25	59	95.34674
25	60	95.81308
25	61	96.47511
25	62	97.26059
25	63	98.09600
25	64	98.90799
25	65	99.62510
25	66	100.17971
25	67	100.51007
25	68	100.56205
25	69	100.29064
25	70	99.66065
25	71	98.64676
25	72	97.23278
25	73	95.41018
25	74	93.17614
25	75	90.53141
25	76	87.47817
25	77	84.01829
25	78	80.15199
25	79	75.87721
25	80	71.18956
25	81	66.08293
25	82	60.55053
25	83	54.58624
25	84	48.18612
25	85	41.34977
25	86	34.08151
25	87	26.39105
25	88	18.29383
25	89	9.81077
25	90	0.96771
25	91	-8.20554
25	92	-17.67622
25	93	-27.40976
25	94	-37.37081
25	95	-47.52405
25	96	-57.83488
25	97	-68.26972
25	98	-78.79623
25	99	-89.38313
25	100	-100.00000
26	0	-100.00000
26	1	-93.31275
26	2	-86.59632
26	3	-79.82129
26	4	-72.95787
26	5	-65.97560
26	6	-58.84317
26	7	-51.52817
26	8	-43.99675
26	9	-36.21343
26	10	-28.14064
26	11	-19.73841
26	12	-10.96387
26	13	-1.77078
26	14	7.89114
26	15	18.07686
26	16	28.84689
26	17	40.26822
26	18	52.41540
26	19	65.37174
26	20	79.23051
26	21	94.09606
26	22	110.08438
26	23	127.32238
26	24	145.94423
26	25	166.08163
26	26	187.84191
26	27	211.26245
26	28	236.22237
26	29	262.28297
26	30	288.43056
26	31	312.73616
26	32	332.04572
26	33	341.77987
26	34	335.64429
26	35	320.16578
26	36	299.98423
26	37	278.20034
26	38	256.67766
26	39	236.38797
26	40	217.75201
26	41	200.88870
26	42	185.76760
26	43	172.29290
26	44	160.34635
26	45	149.80776
26	46	140.56392
26	47	132.51173
26	48	125.55850
26	49	119.62100
26	50	114.62396
26	51	110.49842
26	52	107.18009
26	53	104.60770
26	54	102.72152
26	55	101.46197
26	56	100.76831
26	57	100.57758
26	58	100.82366
26	59	101.43662
26	60	102.34243
26	61	103.46304
26	62	104.71702
26	63	106.02065
26	64	107.28967
26	65	108.44151
26	66	109.39789
26	67	110.08752
26	68	110.44870
26	69	110.43134
26	70	109.99803
26	71	109.12418
26	72	107.79690
26	73	106.01287
26	74	103.77560
26	75	101.09230
26	76	97.97095
26	77	94.41778
26	78	90.43554
26	79	86.02271
26	80	81.17353
26	81	75.87894
26	82	70.12817
26	83	63.91071
26	84	57.21850
26	85	50.04789
26	86	42.40124
26	87	34.28796
26	88	25.72482
26	89	16.73561
26	90	7.35027
26	91	-2.39646
26	92	-12.46652
26	93	-22.82003
26	94	-33.41671
26	95	-44.21694
26	96	-55.18254
26	97	-66.27720
26	98	-77.46654
26	99	-88.71793
26	100	-100.00000
27	0	-100.00000
27	1	-93.29097
27	2	-86.55187
27	3	-79.75236
27	4	-72.86169
27	5	-65.84835
27	6	-58.67990
27	7	-51.32260
27	8	-43.74116
27	9	-35.89835
27	10	-27.75457
27	11	-19.26743
27	12	-10.39112
27	13	-1.07577
27	14	8.73333
27	15	19.09676
27	16	30.08215
27	17	41.76563
27	18	54.23368
27	19	67.58541
27	20	81.93532
27	21	97.41676
27	22	114.18596
27	23	132.42665
27	24	152.35429
27	25	174.21817
27	26	198.29589
27	27	224.86748
27	28	254.14044
27	29	286.06626
27	30	319.95159
27	31	353.79771
27	32	383.63141
27	33	403.05645
27	34	386.81452
27	35	360.68245
27	36	331.06454
27	37	301.72726
27	38	274.52515
27	39	250.08775
27	40	228.44685
27	41	209.40028
27	42	192.68243
27	43	178.03337
27	44	165.22215
27	45	154.05130
27	46	144.35421
27	47	135.99060
27	48	128.84164
27	49	122.80559
27	50	117.79402
27	51	113.72853
27	52	110.53798
27	53	108.15602
27	54	106.51895
27	55	105.56375
27	56	105.22634
27	57	105.44006
27	58	106.13433
27	59	107.23364
27	60	108.65696
27	61	110.31761
27	62	112.12380
27	63	113.97990
27	64	115.78853
27	65	117.45340
27	66	118.88280
27	67	119.99341
27	68	120.71391
27	69	120.98797
27	70	120.77595
27	71	120.05505
27	72	118.81776
27	73	117.06880
27	74	114.82108
27	75	112.09126
27	76	108.89556
27	77	105.24632
27	78	101.14968
27	79	96.60457
27	80	91.60291
27	81	86.13114
27	82	80.17248
27	83	73.70993
27	84	66.72928
27	85	59.22203
27	86	51.18760
27	87	42.63474
27	88	33.58188
27	89	24.05659
27	90	14.09422
27	91	3.73593
27	92	-6.97336
27	93	-17.98714
27	94	-29.25906
27	95	-40.74445
27	96	-52.40114
27	97	-64.18998
27	98	-76.07482
27	99	-88.02206
27	100	-100.00000
28	0	-100.00000
28	1	-93.29928
28	2	-86.56781
28	3	-79.77461
28	4	-72.88817
28	5	-65.87623
28	6	-58.70546
28	7	-51.34118
28	8	-43.74695
28	9	-35.88423
28	10	-27.71188
28	11	-19.18562
28	12	-10.25739
28	13	-0.87452
28	14	9.02119
28	15	19.49472
28	16	30.61932
28	17	42.47846
28	18	55.16829
28	19	68.80090
28	20	83.50861
28	21	99.44968
28	22	116.81607
28	23	135.84396
28	24	156.82810
28	25	180.14089
28	26	206.25599
28	27	235.77113
28	28	269.40565
28	29	307.89005
28	30	351.51182
28	31	398.87168
28	32	445.62577
28	33	500.00000
28	34	447.87487
28	35	404.68498
28	36	361.86423
28	37	323.11899
28	38	289.60794
28	39	260.99105
28	40	236.54735
28	41	215.58314
28	42	197.52847
28	43	181.93598
28	44	168.45760
28	45	156.82107
28	46	146.81103
28	47	138.25482
28	48	131.01187
28	49	124.96571
28	50	120.01800
28	51	116.08370
28	52	113.08727
28	53	110.95946
28	54	109.63451
28	55	109.04773
28	56	109.13325
28	57	109.82200
28	58	111.03996
28	59	112.70667
28	60	114.73417
28	61	117.02664
28	62	119.48067
28	63	121.98663
28	64	124.43115
28	65	126.70074
28	66	128.68651
28	67	130.28941
28	68	131.42556
28	69	132.03068
28	70	132.06274
28	71	131.50230
28	72	130.35029
28	73	128.62349
28	74	126.34866
28	75	123.55609
28	76	120.27369
28	77	116.52225
28	78	112.31231
28	79	107.64296
28	80	102.50241
28	81	96.87021
28	82	90.72070
28	83	84.02724
28	84	76.76666
28	85	68.92335
28	86	60.49240
28	87	51.48150
28	88	41.91135
28	89	31.81467
28	90	21.23407
28	91	10.21933
28	92	-1.17573
28	93	-12.89609
28	94	-24.88796
28	95	-37.10065
28	96	-49.48758
28	97	-62.00678
28	98	-74.62069
28	99	-87.29548
28	100	-100.00000
29	0	-100.00000
29	1	-93.33833
29	2	-86.64549
29	3	-79.89008
29	4	-73.04015
29	5	-66.06293
29	6	-58.92455
29	7	-51.58970
29	8	-44.02122
29	9	-36.17973
29	10	-28.02309
29	11	-19.50579
29	12	-10.57829
29	13	-1.18612
29	14	8.73122
29	15	19.24160
29	16	30.42196
29	17	42.36060
29	18	55.16011
29	19	68.94129
29	20	83.84853
29	21	100.05728
29	22	117.78466
29	23	137.30502
29	24	158.97328
29	25	183.26128
29	26	210.81605
29	27	242.55541
29	28	279.82099
29	29	324.57648
29	30	379.33395
29	31	444.55141
29	32	500.00000
29	33	500.00000
29	34	500.00000
29	35	448.31835
29	36	388.58843
29	37	339.27653
29	38	299.79657
29	39	267.72116
29	40	241.16835
29	41	218.85646
29	42	199.91234
29	43	183.72449
29	44	169.85121
29	45	157.96434
29	46	147.81402
29	47	139.20580
29	48	131.98528
29	49	126.02739
29	50	121.22857
29	51	117.50101
29	52	114.76796
29	53	112.96002
29	54	112.01189
29	55	111.85941
29	56	112.43692
29	57	113.67474
29	58	115.49685
29	59	117.81888
29	60	120.54642
29	61	123.57412
29	62	126.78561
29	63	130.05480
29	64	133.24869
29	65	136.23192
29	66	138.87308
29	67	141.05214
29	68	142.66825
29	69	143.64646
29	70	143.94203
29	71	143.54114
29	72	142.45761
29	73	140.72622
29	74	138.39398
29	75	135.51074
29	76	132.12088
29	77	128.25669
29	78	123.93435
29	79	119.15255
29	80	113.89356
29	81	108.12659
29	82	101.81286
29	83	94.91166
29	84	87.38678
29	85	79.21231
29	86	70.37715
29	87	60.88753
29	88	50.76737
29	89	40.05664
29	90	28.80808
29	91	17.08304
29	92	4.94720
29	93	-7.53351
29	94	-20.29606
29	95	-33.28260
29	96	-46.44174
29	97	-59.72887
29	98	-73.10569
29	99	-86.53917
29	100	-100.00000
30	0	-100.00000
30	1	-93.40853
30	2	-86.78575
30	3	-80.10008
30	4	-73.31941
30	5	-66.41078
30	6	-59.34011
30	7	-52.07183
30	8	-44.56851
30	9	-36.79040
30	10	-28.69495
30	11	-20.23616
30	12	-11.36388
30	13	-2.02289
30	14	7.84823
30	15	18.31849
30	16	29.46631
30	17	41.38188
30	18	54.17027
30	19	67.95562
30	20	82.88695
30	21	99.14625
30	22	116.96029
30	23	136.61818
30	24	158.49872
30	25	183.11489
30	26	211.19154
30	27	243.81346
30	28	282.74641
30	29	331.26094
30	30	396.69609
30	31	500.00000
30	32	500.00000
30	33	500.00000
30	34	500.00000
30	35	500.00000
30	36	404.89459
30	37	345.60212
30	38	302.58065
30	39	268.92866
30	40	241.54844
30	41	218.76200
30	42	199.53993
30	43	183.19842
30	44	169.25840
30	45	157.37106
30	46	147.27490
30	47	138.76907
30	48	131.69609
30	49	125.92998
30	50	121.36790
30	51	117.92379
30	52	115.52352
30	53	114.10080
30	54	113.59363
30	55	113.94110
30	56	115.08027
30	57	116.94317
30	58	119.45384
30	59	122.52558
30	60	126.05852
30	61	129.93779
30	62	134.03285
30	63	138.19828
30	64	142.27688
30	65	146.10517
30	66	149.52175
30	67	152.37784
30	68	154.54884
30	69	155.94487
30	70	156.51777
30	71	156.26261
30	72	155.21277
30	73	153.42982
30	74	150.99028
30	75	147.97203
30	76	144.44240
30	77	140.44926
30	78	136.01586
30	79	131.13933
30	80	125.79268
30	81	119.92975
30	82	113.49249
30	83	106.41977
30	84	98.65649
30	85	90.16197
30	86	80.91636
30	87	70.92408
30	88	60.21396
30	89	48.83646
30	90	36.85855
30	91	24.35757
30	92	11.41499
30	93	-1.88911
30	94	-15.48016
30	95	-29.29195
30	96	-43.26793
30	97	-57.36127
30	98	-71.53404
30	99	-85.75550
30	100	-100.00000
31	0	-100.00000
31	1	-93.51005
31	2	-86.98890
31	3	-80.40509
31	4	-73.72663
31	5	-66.92068
31	6	-59.95329
31	7	-52.78902
31	8	-45.39058
31	9	-37.71841
31	10	-29.73014
31	11	-21.38002
31	12	-12.61818
31	13	-3.38978
31	14	6.36610
31	15	16.71782
31	16	27.74291
31	17	39.53034
31	18	52.18346
31	19	65.82398
31	20	80.59740
31	21	96.68048
31	22	114.29205
31	23	133.70871
31	24	155.28852
31	25	179.50802
31	26	207.02175
31	27	238.76049
31	28	276.09024
31	29	321.02476
31	30	376.18949
31	31	442.32698
31	32	500.00000
31	33	500.00000
31	34	500.00000
31	35	446.05883
31	36	385.38783
31	37	335.65673
31	38	295.99523
31	39	263.86441
31	40	237.33476
31	41	215.10318
31	42	196.28695
31	43	180.27088
31	44	166.61290
31	45	154.98662
31	46	145.14545
31	47	136.89950
31	48	130.10000
31	49	124.62856
31	50	120.38925
31	51	117.30274
31	52	115.30154
31	53	114.32601
31	54	114.32072
31	55	115.23109
31	56	116.99991
31	57	119.56383
31	58	122.84974
31	59	126.77109
31	60	131.22428
31	61	136.08569
31	62	141.20970
31	63	146.42860
31	64	151.55537
31	65	156.39012
31	66	160.73091
31	67	164.38863
31	68	167.20442
31	69	169.06641
31	70	169.92158
31	71	169.77875
31	72	168.70106
31	73	166.79000
31	74	164.16529
31	75	160.94471
31	76	157.22742
31	77	153.08209
31	78	148.54050
31	79	143.59624
31	80	138.20809
31	81	132.30722
31	82	125.80759
31	83	118.61845
31	84	110.65742
31	85	101.86272
31	86	92.20226
31	87	81.67846
31	88	70.32794
31	89	58.21668
31	90	45.43209
31	91	32.07371
31	92	18.24428
31	93	4.04227
31	94	-10.44351
31	95	-25.13712
31	96	-39.97674
31	97	-54.91425
31	98	-69.91369
31	99	-84.94879
31	100	-100.00000
32	0	-100.00000
32	1	-93.64276
32	2	-87.25470
32	3	-80.80476
32	4	-74.26133
32	5	-67.59203
32	6	-60.76334
32	7	-53.74037
32	8	-46.48639
32	9	-38.96252
32	10	-31.12719
32	11	-22.93559
32	12	-14.33904
32	13	-5.28415
32	14	4.28813
32	15	14.44378
32	16	25.25718
32	17	36.81311
32	18	49.20924
32	19	62.55945
32	20	76.99817
32	21	92.68622
32	22	109.81874
32	23	128.63608
32	24	149.43863
32	25	172.60691
32	26	198.62696
32	27	228.11652
32	28	261.82932
32	29	300.55836
32	30	344.71014
32	31	393.11842
32	32	441.88838
32	33	500.00000
32	34	444.09842
32	35	398.84751
32	36	354.94115
32	37	315.64173
32	38	281.87915
32	39	253.19898
32	40	228.82299
32	41	208.02902
32	42	190.23382
32	43	174.98524
32	44	161.93571
32	45	150.81705
32	46	141.42078
32	47	133.58346
32	48	127.17588
32	49	122.09500
32	50	118.25779
32	51	115.59638
32	52	114.05391
32	53	113.58097
32	54	114.13217
32	55	115.66264
32	56	118.12443
32	57	121.46249
32	58	125.61022
32	59	130.48475
32	60	135.98182
32	61	141.97099
32	62	148.29165
32	63	154.75106
32	64	161.12590
32	65	167.16904
32	66	172.62313
32	67	177.24134
32	68	180.81378
32	69	183.19476
32	70	184.32340
32	71	184.22976
32	72	183.02269
32	73	180.86385
32	74	177.93615
32	75	174.41409
32	76	170.44048
32	77	166.11120
32	78	161.46780
32	79	156.49705
32	80	151.13621
32	81	145.28343
32	82	138.81222
32	83	131.58899
32	84	123.49204
32	85	114.42923
32	86	104.35149
32	87	93.25955
32	88	81.20265
32	89	68.27024
32	90	54.57943
32	91	40.26090
32	92	25.44615
32	93	10.25740
32	94	-5.19904
32	95	-20.83629
32	96	-36.58765
32	97	-52.40530
32	98	-68.25769
32	99	-84.12597
32	100	-100.00000
33	0	-100.00000
33	1	-93.80628
33	2	-87.58239
33	3	-81.29791
33	4	-74.92192
33	5	-68.42275
33	6	-61.76769
33	7	-54.92271
33	8	-47.85209
33	9	-40.51810
33	10	-32.88049
33	11	-24.89611
33	12	-16.51824
33	13	-7.69593
33	14	1.62680
33	15	11.51199
33	16	22.02892
33	17	33.25567
33	18	45.28095
33	19	58.20642
33	20	72.14962
33	21	87.24747
33	22	103.66061
33	23	121.57824
33	24	141.22303
33	25	162.85403
33	26	186.76266
33	27	213.24930
33	28	242.55215
33	29	274.66921
33	30	308.97430
33	31	343.54818
33	32	374.43511
33	33	394.86007
33	34	377.54617
33	35	350.29165
33	36	319.88752
33	37	290.08989
33	38	262.68066
33	39	238.22937
33	40	216.72919
33	41	197.95609
33	42	181.63406
33	43	167.50056
33	44	155.32765
33	45	144.92509
33	46	136.13717
33	47	128.83769
33	48	122.92506
33	49	118.31775
33	50	114.95055
33	51	112.77107
33	52	111.73673
33	53	111.81180
33	54	112.96433
33	55	115.16286
33	56	118.37270
33	57	122.55146
33	58	127.64392
33	59	133.57587
33	60	140.24726
33	61	147.52480
33	62	155.23485
33	63	163.15809
33	64	171.02811
33	65	178.53702
33	66	185.35123
33	67	191.13982
33	68	195.61462
33	69	198.57544
33	70	199.94750
33	71	199.79421
33	72	198.29611
33	73	195.70656
33	74	192.30137
33	75	188.33503
33	76	184.00922
33	77	179.45441
33	78	174.72246
33	79	169.78793
33	80	164.55627
33	81	158.87810
33	82	152.56885
33	83	145.43326
33	84	137.29253
33	85	128.01066
33	86	117.51492
33	87	105.80562
33	88	92.95285
33	89	79.08221
33	90	64.35448
33	91	48.94432
33	92	33.02201
33	93	16.74024
33	94	0.22626
33	95	-16.42136
33	96	-33.13227
33	97	-49.86162
33	98	-66.58579
33	99	-83.29740
33	100	-100.00000
34	0	-100.00000
34	1	-93.99998
34	2	-87.97068
34	3	-81.88257
34	4	-75.70568
34	5	-69.40935
34	6	-62.96196
34	7	-56.33069
34	8	-49.48118
34	9	-42.37727
34	10	-34.98058
34	11	-27.25013
34	12	-19.14187
34	13	-10.60812
34	14	-1.59698
34	15	7.94844
34	16	18.09084
34	17	28.89970
34	18	40.45245
34	19	52.83567
34	20	66.14641
34	21	80.49345
34	22	95.99798
34	23	112.79323
34	24	131.02121
34	25	150.82353
34	26	172.32035
34	27	195.56587
34	28	220.46077
34	29	246.59204
34	30	272.96966
34	31	297.66490
34	32	317.44379
34	33	327.45901
34	34	320.93454
34	35	304.88538
34	36	284.22740
34	37	262.14965
34	38	240.52422
34	39	220.30865
34	40	201.90832
34	41	185.43210
34	42	170.84575
34	43	158.05530
34	44	146.94924
34	45	137.41850
34	46	129.36510
34	47	122.70509
34	48	117.36889
34	49	113.30042
34	50	110.45558
34	51	108.80061
34	52	108.31016
34	53	108.96518
34	54	110.75048
34	55	113.65179
34	56	117.65204
34	57	122.72675
34	58	128.83811
34	59	135.92754
34	60	143.90656
34	61	152.64610
34	62	161.96486
34	63	171.61833
34	64	181.29144
34	65	190.59970
34	66	199.10493
34	67	206.35211
34	68	211.92944
34	69	215.54490
34	70	217.09693
34	71	216.70346
34	72	214.66097
34	73	211.36490
34	74	207.22776
34	75	202.61544
34	76	197.80695
34	77	192.97476
34	78	188.17971
34	79	183.37593
34	80	178.42286
34	81	173.10383
34	82	167.15182
34	83	160.28267
34	84	152.23416
34	85	142.80595
34	86	131.89191
34	87	119.49518
34	88	105.72092
34	89	90.75127
34	90	74.81197
34	91	58.13988
34	92	40.95732
34	93	23.45530
34	94	5.78518
34	95	-11.94313
34	96	-29.65846
34	97	-47.32312
34	98	-64.92644
34	99	-82.47784
34	100	-100.00000
35	0	-100.00000
35	1	-94.22297
35	2	-88.41777
35	3	-82.55600
35	4	-76.60889
35	5	-70.54701
35	6	-64.34013
35	7	-57.95690
35	8	-51.36468
35	9	-44.52923
35	10	-37.41443
35	11	-29.98197
35	12	-22.19099
35	13	-13.99771
35	14	-5.35503
35	15	3.78793
35	16	13.48629
35	17	23.79985
35	18	34.79349
35	19	46.53739
35	20	59.10692
35	21	72.58192
35	22	87.04463
35	23	102.57552
35	24	119.24504
35	25	137.09852
35	26	156.12934
35	27	176.23305
35	28	197.13302
35	29	218.26851
35	30	238.64740
35	31	256.69797
35	32	270.21615
35	33	276.59763
35	34	273.84761
35	35	264.08794
35	36	249.98705
35	37	233.75710
35	38	216.95794
35	39	200.57267
35	40	185.16334
35	41	171.01825
35	42	158.26155
35	43	146.92565
35	44	136.99549
35	45	128.43458
35	46	121.19965
35	47	115.24866
35	48	110.54501
35	49	107.05944
35	50	104.77074
35	51	103.66563
35	52	103.73811
35	53	104.98827
35	54	107.42064
35	55	111.04177
35	56	115.85691
35	57	121.86539
35	58	129.05424
35	59	137.38962
35	60	146.80534
35	61	157.18818
35	62	168.36016
35	63	180.05892
35	64	191.91964
35	65	203.46539
35	66	214.11670
35	67	223.23423
35	68	230.20613
35	69	234.57777
35	70	236.19187
35	71	235.26174
35	72	232.27941
35	73	227.86429
35	74	222.62934
35	75	217.09200
35	76	211.62840
35	77	206.45797
35	78	201.64569
35	79	197.11323
35	80	192.65540
35	81	187.96254
35	82	182.65193
35	83	176.31145
35	84	168.55548
35	85	159.08706
35	86	147.75160
35	87	134.56225
35	88	119.68437
35	89	103.38998
35	90	86.00224
35	91	67.84591
35	92	49.21209
35	93	30.33848
35	94	11.40229
35	95	-7.47789
35	96	-26.23531
35	97	-44.84597
35	98	-63.31901
35	99	-81.68752
35	100	-100.00000
36	0	-100.00000
36	1	-94.47414
36	2	-88.92141
36	3	-83.31478
36	4	-77.62685
36	5	-71.82969
36	6	-65.89463
36	7	-59.79210
36	8	-53.49140
36	9	-46.96053
36	10	-40.16594
36	11	-33.07232
36	12	-25.64240
36	13	-17.83670
36	14	-9.61338
36	15	-0.92799
36	16	8.26654
36	17	18.01992
36	18	28.38427
36	19	39.41346
36	20	51.16197
36	21	63.68267
36	22	77.02310
36	23	91.21916
36	24	106.28490
36	25	122.19619
36	26	138.86543
36	27	156.10399
36	28	173.56976
36	29	190.70159
36	30	206.65346
36	31	220.26342
36	32	230.12521
36	33	234.86775
36	34	233.77032
36	35	227.63173
36	36	217.87574
36	37	205.93375
36	38	192.97777
36	39	179.86074
36	40	167.15414
36	41	155.21598
36	42	144.25656
36	43	134.39025
36	44	125.67250
36	45	118.12468
36	46	111.75024
36	47	106.54491
36	48	102.50305
36	49	99.62160
36	50	97.90231
36	51	97.35307
36	52	97.98837
36	53	99.82915
36	54	102.90203
36	55	107.23775
36	56	112.86845
36	57	119.82364
36	58	128.12384
36	59	137.77138
36	60	148.73699
36	61	160.94112
36	62	174.22870
36	63	188.33755
36	64	202.86280
36	65	217.22554
36	66	230.66224
36	67	242.26198
36	68	251.08308
36	69	256.36819
36	70	257.83105
36	71	255.87222
36	72	251.33065
36	73	245.18353
36	74	238.33329
36	75	231.49483
36	76	225.15668
36	77	219.58302
36	78	214.83184
36	79	210.77591
36	80	207.12298
36	81	203.43899
36	82	199.18193
36	83	193.75572
36	84	186.58924
36	85	177.23522
36	86	165.46518
36	87	151.31786
36	88	135.06433
36	89	117.12205
36	90	97.96110
36	91	78.02941
36	92	57.70668
36	93	37.28422
36	94	16.96338
36	95	-3.13542
36	96	-22.95893
36	97	-42.50642
36	98	-61.81610
36	99	-80.95322
36	100	-100.00000
37	0	-100.00000
37	1	-94.75217
37	2	-89.47896
37	3	-84.15487
37	4	-78.75406
37	5	-73.25026
37	6	-67.61660
37	7	-61.82546
37	8	-55.84831
37	9	-49.65556
37	10	-43.21647
37	11	-36.49897
37	12	-29.46958
37	13	-22.09333
37	14	-14.33378
37	15	-6.15305
37	16	2.48793
37	17	11.62904
37	18	21.31020
37	19	31.57022
37	20	42.44482
37	21	53.96371
37	22	66.14594
37	23	78.99313
37	24	92.47922
37	25	106.53590
37	26	121.03220
37	27	135.74771
37	28	150.34044
37	29	164.31462
37	30	177.00143
37	31	187.57705
37	32	195.15353
37	33	198.97785
37	34	198.73419
37	35	194.79290
37	36	187.95045
37	37	179.12440
37	38	169.15865
37	39	158.73839
37	40	148.37648
37	41	138.43499
37	42	129.15847
37	43	120.70630
37	44	113.17957
37	45	106.64140
37	46	101.13173
37	47	96.67767
37	48	93.30070
37	49	91.02159
37	50	89.86383
37	51	89.85598
37	52	91.03315
37	53	93.43792
37	54	97.12061
37	55	102.13873
37	56	108.55551
37	57	116.43688
37	58	125.84610
37	59	136.83505
37	60	149.43014
37	61	163.61060
37	62	179.27597
37	63	196.19977
37	64	213.96847
37	65	231.91172
37	66	249.04475
37	67	264.06835
37	68	275.49604
37	69	281.98086
37	70	282.89191
37	71	279.06544
37	72	271.98743
37	73	263.20590
37	74	254.02545
37	75	245.39735
37	76	237.92047
37	77	231.88558
37	78	227.32274
37	79	224.03557
37	80	221.62164
37	81	219.48851
37	82	216.88107
37	83	212.94025
37	84	206.81056
37	85	197.79941
37	86	185.55602
37	87	170.17970
37	88	152.13302
37	89	132.07280
37	90	110.69070
37	91	88.60396
37	92	66.30098
37	93	44.12835
37	94	22.30244
37	95	0.93177
37	96	-19.95855
37	97	-40.40470
37	98	-60.48576
37	99	-80.30927
37	100	-100.00000
38	0	-100.00000
38	1	-95.05557
38	2	-90.08740
38	3	-85.07166
38	4	-79.98424
38	5	-74.80069
38	6	-69.49607
38	7	-64.04484
38	8	-58.42080
38	9	-52.59694
38	10	-46.54542
38	11	-40.23752
38	12	-33.64361
38	13	-26.73326
38	14	-19.47536
38	15	-11.83837
38	16	-3.79080
38	17	4.69809
38	18	13.65729
38	19	23.11239
38	20	33.08340
38	21	43.58138
38	22	54.60383
38	23	66.12819
38	24	78.10296
38	25	90.43600
38	26	102.97975
38	27	115.51420
38	28	127.72967
38	29	139.21503
38	30	149.46061
38	31	157.88980
38	32	163.93400
38	33	167.15595
38	34	167.39567
38	35	164.85523
38	36	160.00877
38	37	153.45475
38	38	145.79402
38	39	137.55771
38	40	129.17839
38	41	120.98903
38	42	113.23601
38	43	106.09692
38	44	99.69807
38	45	94.12961
38	46	89.45761
38	47	85.73336
38	48	83.00048
38	49	81.30021
38	50	80.67545
38	51	81.17386
38	52	82.85032
38	53	85.76878
38	54	90.00374
38	55	95.64104
38	56	102.77800
38	57	111.52226
38	58	121.98864
38	59	134.29258
38	60	148.53791
38	61	164.79517
38	62	183.06481
38	63	203.21709
38	64	224.89959
38	65	247.40811
38	66	269.53669
38	67	289.47066
38	68	304.85185
38	69	313.16730
38	70	312.69030
38	71	305.51018
38	72	294.34775
38	73	281.62718
38	74	269.16525
38	75	258.14865
38	76	249.24228
38	77	242.71608
38	78	238.53800
38	79	236.42198
38	80	235.83949
38	81	236.01233
38	82	235.91360
38	83	234.31364
38	84	229.91332
38	85	221.59586
38	86	208.77978
38	87	191.71189
38	88	171.21525
38	89	148.34544
38	90	124.12493
38	91	99.39476
38	92	74.76494
38	93	50.62574
38	94	27.18625
38	95	4.51863
38	96	-17.40236
38	97	-38.66808
38	98	-59.41294
38	99	-79.79812
38	100	-100.00000
39	0	-100.00000
39	1	-95.38270
39	2	-90.74343
39	3	-86.06013
39	4	-81.31057
39	5	-76.47220
39	6	-71.52213
39	7	-66.43704
39	8	-61.19310
39	9	-55.76597
39	10	-50.13075
39	11	-44.26206
39	12	-38.13408
39	13	-31.72075
39	14	-24.99602
39	15	-17.93426
39	16	-10.51087
39	17	-2.70315
39	18	5.50845
39	19	14.13867
39	20	23.19501
39	21	32.67458
39	22	42.55981
39	23	52.81284
39	24	63.36844
39	25	74.12536
39	26	84.93662
39	27	95.59967
39	28	105.84901
39	29	115.35521
39	30	123.73617
39	31	130.58755
39	32	135.53670
39	33	138.31628
39	34	138.83733
39	35	137.22357
39	36	133.77464
39	37	128.89182
39	38	123.00497
39	39	116.52003
39	40	109.79034
39	41	103.10673
39	42	96.69963
39	43	90.74729
39	44	85.38619
39	45	80.72138
39	46	76.83573
39	47	73.79767
39	48	71.66766
39	49	70.50333
39	50	70.36390
39	51	71.31371
39	52	73.42548
39	53	76.78316
39	54	81.48453
39	55	87.64369
39	56	95.39318
39	57	104.88552
39	58	116.29362
39	59	129.80873
39	60	145.63374
39	61	163.96736
39	62	184.97102
39	63	208.70417
39	64	235.00472
39	65	263.28443
39	66	292.22325
39	67	319.42573
39	68	341.27339
39	69	353.14621
39	70	349.19180
39	71	335.93723
39	72	318.26621
39	73	299.78981
39	74	282.85974
39	75	268.78972
39	76	258.18392
39	77	251.19848
39	78	247.69117
39	79	247.27487
39	80	249.30203
39	81	252.80770
39	82	256.44737
39	83	258.48741
39	84	256.93321
39	85	249.89092
39	86	236.25537
39	87	216.67282
39	88	192.67067
39	89	165.96878
39	90	138.06882
39	91	110.08521
39	92	82.73827
39	93	56.42343
39	94	31.29820
39	95	7.35885
39	96	-15.50144
39	97	-37.45230
39	98	-58.69983
39	99	-79.47025
39	100	-100.00000
40	0	-100.00000
40	1	-95.73179
40	2	-91.44347
40	3	-87.11488
40	4	-82.72569
40	5	-78.25540
40	6	-73.68322
40	7	-68.98808
40	8	-64.14860
40	9	-59.14308
40	10	-53.94956
40	11	-48.54590
40	12	-42.90991
40	13	-37.01965
40	14	-30.85371
40	15	-24.39177
40	16	-17.61525
40	17	-10.50829
40	18	-3.05899
40	19	4.73882
40	20	12.88338
40	21	21.36213
40	22	30.14799
40	23	39.19493
40	24	48.43259
40	25	57.76041
40	26	67.04169
40	27	76.09883
40	28	84.71151
40	29	92.62063
40	30	99.54131
40	31	105.18752
40	32	109.30899
40	33	111.73515
40	34	112.41378
40	35	111.42709
40	36	108.97440
40	37	105.33292
40	38	100.81400
40	39	95.72711
40	40	90.35622
40	41	84.94793
40	42	79.70849
40	43	74.80642
40	44	70.37800
40	45	66.53399
40	46	63.36624
40	47	60.95395
40	48	59.36913
40	49	58.68157
40	50	58.96309
40	51	60.29158
40	52	62.75474
40	53	66.45383
40	54	71.50753
40	55	78.05602
40	56	86.26551
40	57	96.33303
40	58	108.49159
40	59	123.01497
40	60	140.22097
40	61	160.46951
40	62	184.14772
40	63	211.62387
40	64	243.13067
40	65	278.50164
40	66	316.64615
40	67	354.73563
40	68	387.66976
40	69	408.95236
40	70	394.99345
40	71	370.78073
40	72	342.99006
40	73	316.40613
40	74	293.69416
40	75	275.96658
40	76	263.50520
40	77	256.20274
40	78	253.75334
40	79	255.68431
40	80	261.28604
40	81	269.46910
40	82	278.58075
40	83	286.25542
40	84	289.44121
40	85	284.77923
40	86	269.67797
40	87	246.05334
40	88	216.82582
40	89	184.79019
40	90	152.09635
40	91	120.13899
40	92	89.67949
40	93	61.03152
40	94	34.22427
40	95	9.12001
40	96	-14.50996
40	97	-36.93985
40	98	-58.46382
40	99	-79.38305
40	100	-100.00000
41	0	-100.00000
41	1	-96.10099
41	2	-92.18380
41	3	-88.23022
41	4	-84.22193
41	5	-80.14048
41	6	-75.96726
41	7	-71.68346
41	8	-67.27014
41	9	-62.70820
41	10	-57.97852
41	11	-53.06205
41	12	-47.94001
41	13	-42.59421
41	14	-37.00741
41	15	-31.16387
41	16	-25.05009
41	17	-18.65575
41	18	-11.97494
41	19	-5.00779
41	20	2.23758
41	21	9.74256
41	22	17.47510
41	23	25.38629
41	24	33.40657
41	25	41.44198
41	26	49.37091
41	27	57.04247
41	28	64.27755
41	29	70.87451
41	30	76.62091
41	31	81.31222
41	32	84.77659
41	33	86.90153
41	34	87.65557
41	35	87.09660
41	36	85.36294
41	37	82.65146
41	38	79.19100
41	39	75.21819
41	40	70.95949
41	41	66.62027
41	42	62.37999
41	43	58.39188
41	44	54.78542
41	45	51.67034
41	46	49.14131
41	47	47.28274
41	48	46.17337
41	49	45.89072
41	50	46.51532
41	51	48.13479
41	52	50.84807
41	53	54.76991
41	54	60.03573
41	55	66.80736
41	56	75.27980
41	57	85.68951
41	58	98.32473
41	59	113.53860
41	60	131.76567
41	61	153.54198
41	62	179.52650
41	63	210.51290
41	64	247.39247
41	65	290.94529
41	66	341.12407
41	67	395.20090
41	68	445.71766
41	69	500.00000
41	70	451.04891
41	71	409.20220
41	72	366.50715
41	73	329.15049
41	74	299.54418
41	75	277.87726
41	76	263.66755
41	77	256.35393
41	78	255.43514
41	79	260.42298
41	80	270.68872
41	81	285.20189
41	82	302.15111
41	83	318.51230
41	84	329.79696
41	85	330.10683
41	86	311.62395
41	87	281.03674
41	88	243.78907
41	89	204.26983
41	90	165.38741
41	91	128.69489
41	92	94.80919
41	93	63.79889
41	94	35.44734
41	95	9.40690
41	96	-14.71857
41	97	-37.33331
41	98	-58.83258
41	99	-79.59811
41	100	-100.00000
42	0	-100.00000
42	1	-96.48835
42	2	-92.96052
42	3	-89.40027
42	4	-85.79133
42	5	-82.11735
42	6	-78.36187
42	7	-74.50837
42	8	-70.54029
42	9	-66.44106
42	10	-62.19427
42	11	-57.78376
42	12	-53.19388
42	13	-48.40978
42	14	-43.41785
42	15	-38.20621
42	16	-32.76549
42	17	-27.08967
42	18	-21.17724
42	19	-15.03262
42	20	-8.66784
42	21	-2.10458
42	22	4.62357
42	23	11.46857
42	24	18.36544
42	25	25.23001
42	26	31.95751
42	27	38.42258
42	28	44.48171
42	29	49.97895
42	30	54.75559
42	31	58.66388
42	32	61.58363
42	33	63.43882
42	34	64.21037
42	35	63.94080
42	36	62.72930
42	37	60.71898
42	38	58.08035
42	39	54.99517
42	40	51.64329
42	41	48.19366
42	42	44.79932
42	43	41.59571
42	44	38.70146
42	45	36.22064
42	46	34.24593
42	47	32.86232
42	48	32.15087
42	49	32.19264
42	50	33.07268
42	51	34.88417
42	52	37.73286
42	53	41.74200
42	54	47.05811
42	55	53.85788
42	56	62.35683
42	57	72.82047
42	58	85.57921
42	59	101.04904
42	60	119.76113
42	61	142.40624
42	62	169.90340
42	63	203.50876
42	64	244.98103
42	65	296.76299
42	66	361.70396
42	67	439.22621
42	68	500.00000
42	69	500.00000
42	70	500.00000
42	71	448.47201
42	72	384.68584
42	73	334.14449
42	74	297.45482
42	75	272.33072
42	76	256.93380
42	77	250.11030
42	78	251.21031
42	79	259.88375
42	80	275.84398
42	81	298.49864
42	82	326.30951
42	83	355.84571
42	84	381.12752
42	85	394.22716
42	86	365.67428
42	87	322.68059
42	88	273.02391
42	89	223.11263
42	90	176.48857
42	91	134.44399
42	92	97.06349
42	93	63.90751
42	94	34.35930
42	95	7.77881
42	96	-16.43791
42	97	-38.84223
42	98	-59.93507
42	99	-80.17681
42	100	-100.00000
43	0	-100.00000
43	1	-96.89191
43	2	-93.76964
43	3	-90.61901
43	4	-87.42578
43	5	-84.17571
43	6	-80.85450
43	7	-77.44787
43	8	-73.94157
43	9	-70.32149
43	10	-66.57374
43	11	-62.68484
43	12	-58.64196
43	13	-54.43319
43	14	-50.04798
43	15	-45.47764
43	16	-40.71599
43	17	-35.76019
43	18	-30.61173
43	19	-25.27760
43	20	-19.77175
43	21	-14.11661
43	22	-8.34482
43	23	-2.50103
43	24	3.35660
43	25	9.15513
43	26	14.80654
43	27	20.20863
43	28	25.24777
43	29	29.80400
43	30	33.75861
43	31	37.00408
43	32	39.45521
43	33	41.05976
43	34	41.80629
43	35	41.72691
43	36	40.89449
43	37	39.41482
43	38	37.41626
43	39	35.03883
43	40	32.42484
43	41	29.71177
43	42	27.02790
43	43	24.49018
43	44	22.20407
43	45	20.26481
43	46	18.75946
43	47	17.76975
43	48	17.37515
43	49	17.65627
43	50	18.69858
43	51	20.59636
43	52	23.45719
43	53	27.40712
43	54	32.59683
43	55	39.20922
43	56	47.46918
43	57	57.65633
43	58	70.12262
43	59	85.31720
43	60	103.82357
43	61	126.41844
43	62	154.17210
43	63	188.63772
43	64	232.25989
43	65	289.42169
43	66	369.70254
43	67	500.00000
43	68	500.00000
43	69	500.00000
43	70	500.00000
43	71	500.00000
43	72	389.61971
43	73	325.28681
43	74	283.79991
43	75	257.05700
43	76	241.62664
43	77	235.94316
43	78	239.41203
43	79	252.05774
43	80	274.30482
43	81	306.63917
43	82	348.74260
43	83	397.43350
43	84	444.64025
43	85	500.00000
43	86	434.16543
43	87	370.98742
43	88	302.51335
43	89	238.66821
43	90	183.01024
43	91	135.52900
43	92	95.09326
43	93	60.40835
43	94	30.30355
43	95	3.78696
43	96	-19.96965
43	97	-41.66262
43	98	-61.88868
43	99	-81.17405
43	100	-100.00000
44	0	-100.00000
44	1	-97.30964
44	2	-94.60714
44	3	-91.88034
44	4	-89.11708
44	5	-86.30520
44	6	-83.43255
44	7	-80.48703
44	8	-77.45665
44	9	-74.32959
44	10	-71.09436
44	11	-67.73991
44	12	-64.25593
44	13	-60.63304
44	14	-56.86325
44	15	-52.94038
44	16	-48.86065
44	17	-44.62339
44	18	-40.23187
44	19	-35.69431
44	20	-31.02495
44	21	-26.24527
44	22	-21.38523
44	23	-16.48445
44	24	-11.59315
44	25	-6.77264
44	26	-2.09511
44	27	2.35762
44	28	6.49674
44	29	10.23066
44	30	13.47079
44	31	16.13863
44	32	18.17335
44	33	19.53874
44	34	20.22810
44	35	20.26608
44	36	19.70691
44	37	18.62955
44	38	17.13103
44	39	15.31907
44	40	13.30546
44	41	11.20069
44	42	9.11034
44	43	7.13302
44	44	5.35985
44	45	3.87505
44	46	2.75735
44	47	2.08208
44	48	1.92370
44	49	2.35873
44	50	3.46902
44	51	5.34550
44	52	8.09242
44	53	11.83247
44	54	16.71286
44	55	22.91301
44	56	30.65432
44	57	40.21305
44	58	51.93775
44	59	66.27356
44	60	83.79750
44	61	105.27187
44	62	131.72882
44	63	164.61013
44	64	205.99912
44	65	258.96133
44	66	327.68453
44	67	414.84254
44	68	500.00000
44	69	500.00000
44	70	500.00000
44	71	422.78542
44	72	348.50621
44	73	293.58312
44	74	255.40099
44	75	230.47074
44	76	216.57258
44	77	212.62369
44	78	218.43691
44	79	234.63036
44	80	262.67838
44	81	305.01062
44	82	364.58820
44	83	440.50542
44	84	500.00000
44	85	500.00000
44	86	500.00000
44	87	424.59032
44	88	327.37386
44	89	246.03662
44	90	181.35520
44	91	129.56849
44	92	87.37221
44	93	52.32910
44	94	22.65959
44	95	-2.96487
44	96	-25.56505
44	97	-45.94991
44	98	-64.78298
44	99	-82.63073
44	100	-100.00000
45	0	-100.00000
45	1	-97.73952
45	2	-95.46894
45	3	-93.17813
45	4	-90.85700
45	5	-88.49546
45	6	-86.08347
45	7	-83.61106
45	8	-81.06840
45	9	-78.44587
45	10	-75.73418
45	11	-72.92453
45	12	-70.00880
45	13	-66.97979
45	14	-63.83160
45	15	-60.55997
45	16	-57.16283
45	17	-53.64083
45	18	-49.99806
45	19	-46.24283
45	20	-42.38847
45	21	-38.45429
45	22	-34.46638
45	23	-30.45840
45	24	-26.47210
45	25	-22.55741
45	26	-18.77196
45	27	-15.17978
45	28	-11.84908
45	29	-8.84889
45	30	-6.24475
45	31	-4.09371
45	32	-2.43917
45	33	-1.30626
45	34	-0.69870
45	35	-0.59758
45	36	-0.96250
45	37	-1.73454
45	38	-2.84076
45	39	-4.19904
45	40	-5.72277
45	41	-7.32480
45	42	-8.92026
45	43	-10.42830
45	44	-11.77273
45	45	-12.88179
45	46	-13.68719
45	47	-14.12249
45	48	-14.12116
45	49	-13.61408
45	50	-12.52672
45	51	-10.77581
45	52	-8.26547
45	53	-4.88252
45	54	-0.49086
45	55	5.07564
45	56	12.02204
45	57	20.60381
45	58	31.14177
45	59	44.04179
45	60	59.82102
45	61	79.14269
45	62	102.86121
45	63	132.07485
45	64	168.16513
45	65	212.73998
45	66	267.23171
45	67	331.68564
45	68	403.87889
45	69	500.00000
45	70	407.83273
45	71	342.63547
45	72	288.03658
45	73	245.13847
45	74	213.75021
45	75	192.85238
45	76	181.56924
45	77	179.54212
45	78	187.08157
45	79	205.34841
45	80	236.76774
45	81	286.13671
45	82	364.09418
45	83	500.00000
45	84	500.00000
45	85	500.00000
45	86	500.00000
45	87	500.00000
45	88	336.35514
45	89	236.74922
45	90	166.80545
45	91	114.01756
45	92	72.49800
45	93	38.87623
45	94	10.97057
45	95	-12.74098
45	96	-33.37577
45	97	-51.78899
45	98	-68.66261
45	99	-84.56587
45	100	-100.00000
46	0	-100.00000
46	1	-98.17951
46	2	-96.35095
46	3	-94.50624
46	4	-92.63732
46	5	-90.73617
46	6	-88.79480
46	7	-86.80533
46	8	-84.76001
46	9	-82.65130
46	10	-80.47197
46	11	-78.21523
46	12	-75.87493
46	13	-73.44573
46	14	-70.92338
46	15	-68.30509
46	16	-65.58987
46	17	-62.77904
46	18	-59.87672
46	19	-56.89046
46	20	-53.83182
46	21	-50.71703
46	22	-47.56758
46	23	-44.41067
46	24	-41.27946
46	25	-38.21296
46	26	-35.25553
46	27	-32.45571
46	28	-29.86440
46	29	-27.53239
46	30	-25.50718
46	31	-23.82956
46	32	-22.53005
46	33	-21.62592
46	34	-21.11905
46	35	-20.99523
46	36	-21.22476
46	37	-21.76447
46	38	-22.56051
46	39	-23.55169
46	40	-24.67270
46	41	-25.85685
46	42	-27.03828
46	43	-28.15322
46	44	-29.14068
46	45	-29.94232
46	46	-30.50181
46	47	-30.76369
46	48	-30.67177
46	49	-30.16718
46	50	-29.18601
46	51	-27.65656
46	52	-25.49596
46	53	-22.60623
46	54	-18.86943
46	55	-14.14164
46	56	-8.24562
46	57	-0.96163
46	58	7.98371
46	59	18.93081
46	60	32.30211
46	61	48.61668
46	62	68.49845
46	63	92.66294
46	64	121.84658
46	65	156.60174
46	66	196.81669
46	67	240.78941
46	68	283.82991
46	69	315.31505
46	70	288.69547
46	71	251.88713
46	72	215.86617
46	73	185.18397
46	74	161.60900
46	75	145.61933
46	76	137.30988
46	77	136.89397
46	78	144.99883
46	79	162.91398
46	80	192.90743
46	81	238.67432
46	82	305.65180
46	83	398.62866
46	84	500.00000
46	85	500.00000
46	86	500.00000
46	87	390.02743
46	88	281.29747
46	89	197.79965
46	90	135.09984
46	91	87.19828
46	92	49.72601
46	93	19.70724
46	94	-4.91255
46	95	-25.59384
46	96	-43.40805
46	97	-59.16768
46	98	-73.51258
46	99	-86.97015
46	100	-100.00000
47	0	-100.00000
47	1	-98.62758
47	2	-97.24911
47	3	-95.85856
47	4	-94.44988
47	5	-93.01709
47	6	-91.55424
47	7	-90.05547
47	8	-88.51502
47	9	-86.92735
47	10	-85.28715
47	11	-83.58950
47	12	-81.82997
47	13	-80.00480
47	14	-78.11111
47	15	-76.14713
47	16	-74.11253
47	17	-72.00874
47	18	-69.83933
47	19	-67.61047
47	20	-65.33131
47	21	-63.01443
47	22	-60.67626
47	23	-58.33725
47	24	-56.02209
47	25	-53.75943
47	26	-51.58149
47	27	-49.52312
47	28	-47.62044
47	29	-45.90908
47	30	-44.42203
47	31	-43.18730
47	32	-42.22557
47	33	-41.54830
47	34	-41.15635
47	35	-41.03951
47	36	-41.17686
47	37	-41.53806
47	38	-42.08510
47	39	-42.77452
47	40	-43.55947
47	41	-44.39165
47	42	-45.22278
47	43	-46.00563
47	44	-46.69445
47	45	-47.24498
47	46	-47.61405
47	47	-47.75870
47	48	-47.63505
47	49	-47.19685
47	50	-46.39360
47	51	-45.16845
47	52	-43.45557
47	53	-41.17702
47	54	-38.23898
47	55	-34.52715
47	56	-29.90123
47	57	-24.18842
47	58	-17.17610
47	59	-8.60436
47	60	1.83993
47	61	14.52344
47	62	29.85299
47	63	48.23189
47	64	69.95650
47	65	95.00371
47	66	122.64389
47	67	150.82542
47	68	175.33628
47	69	188.73484
47	70	179.74696
47	71	160.35143
47	72	138.35698
47	73	118.12226
47	74	101.88249
47	75	90.70605
47	76	85.15698
47	77	85.72506
47	78	93.10579
47	79	108.40126
47	80	133.27370
47	81	170.00133
47	82	221.21003
47	83	288.86286
47	84	373.93532
47	85	500.00000
47	86	370.58983
47	87	278.81226
47	88	201.00766
47	89	138.05208
47	90	88.59598
47	91	49.94971
47	92	19.50052
47	93	-4.86073
47	94	-24.73416
47	95	-41.31379
47	96	-55.49493
47	97	-67.96110
47	98	-79.24988
47	99	-89.80214
47	100	-100.00000
48	0	-100.00000
48	1	-99.08170
48	2	-98.15937
48	3	-97.22899
48	4	-96.28656
48	5	-95.32808
48	6	-94.34961
48	7	-93.34727
48	8	-92.31726
48	9	-91.25593
48	10	-90.15979
48	11	-89.02566
48	12	-87.85066
48	13	-86.63240
48	14	-85.36912
48	15	-84.05979
48	16	-82.70437
48	17	-81.30404
48	18	-79.86140
48	19	-78.38078
48	20	-76.86851
48	21	-75.33314
48	22	-73.78575
48	23	-72.24000
48	24	-70.71220
48	25	-69.22118
48	26	-67.78789
48	27	-66.43483
48	28	-65.18514
48	29	-64.06145
48	30	-63.08458
48	31	-62.27202
48	32	-61.63662
48	33	-61.18536
48	34	-60.91856
48	35	-60.82960
48	36	-60.90512
48	37	-61.12579
48	38	-61.46733
48	39	-61.90182
48	40	-62.39901
48	41	-62.92748
48	42	-63.45557
48	43	-63.95207
48	44	-64.38649
48	45	-64.72911
48	46	-64.95070
48	47	-65.02199
48	48	-64.91290
48	49	-64.59156
48	50	-64.02308
48	51	-63.16807
48	52	-61.98084
48	53	-60.40730
48	54	-58.38233
48	55	-55.82676
48	56	-52.64373
48	57	-48.71471
48	58	-43.89533
48	59	-38.01208
48	60	-30.86149
48	61	-22.21581
48	62	-11.84184
48	63	0.45513
48	64	14.74383
48	65	30.81271
48	66	47.92976
48	67	64.53208
48	68	77.95494
48	69	84.54105
48	70	81.20612
48	71	71.41463
48	72	59.08808
48	73	47.06560
48	74	37.09263
48	75	30.16541
48	76	26.88692
48	77	27.74352
48	78	33.29799
48	79	44.31158
48	80	61.78476
48	81	86.84728
48	82	120.32413
48	83	161.67741
48	84	206.87844
48	85	242.56336
48	86	203.54704
48	87	153.62413
48	88	105.86884
48	89	64.80503
48	90	31.28228
48	91	4.50405
48	92	-16.81290
48	93	-33.91652
48	94	-47.84956
48	95	-59.43225
48	96	-69.29675
48	97	-77.93191
48	98	-85.72371
48	99	-92.98853
48	100	-100.00000
49	0	-100.00000
49	1	-99.53984
49	2	-99.07767
49	3	-98.61148
49	4	-98.13927
49	5	-97.65905
49	6	-97.16885
49	7	-96.66673
49	8	-96.15082
49	9	-95.61930
49	10	-95.07044
49	11	-94.50267
49	12	-93.91459
49	13	-93.30504
49	14	-92.67317
49	15	-92.01852
49	16	-91.34114
49	17	-90.64166
49	18	-89.92145
49	19	-89.18276
49	20	-88.42879
49	21	-87.66388
49	22	-86.89361
49	23	-86.12479
49	24	-85.36555
49	25	-84.62520
49	26	-83.91407
49	27	-83.24319
49	28	-82.62384
49	29	-82.06702
49	30	-81.58280
49	31	-81.17959
49	32	-80.86354
49	33	-80.63796
49	34	-80.50293
49	35	-80.45519
49	36	-80.48824
49	37	-80.59266
49	38	-80.75660
49	39	-80.96643
49	40	-81.20728
49	41	-81.46368
49	42	-81.71996
49	43	-81.96059
49	44	-82.17034
49	45	-82.33428
49	46	-82.43766
49	47	-82.46566
49	48	-82.40299
49	49	-82.23341
49	50	-81.93910
49	51	-81.49990
49	52	-80.89244
49	53	-80.08901
49	54	-79.05629
49	55	-77.75382
49	56	-76.13222
49	57	-74.13135
49	58	-71.67845
49	59	-68.68713
49	60	-65.05800
49	61	-60.68336
49	62	-55.45965
49	63	-49.31338
49	64	-42.24901
49	65	-34.42648
49	66	-26.26963
49	67	-18.58180
49	68	-12.58963
49	69	-9.73169
49	70	-10.87817
49	71	-14.98711
49	72	-20.48490
49	73	-26.04057
49	74	-30.74297
49	75	-34.02395
49	76	-35.51823
49	77	-34.93591
49	78	-31.96891
49	79	-26.23771
49	80	-17.29351
49	81	-4.72111
49	82	11.56181
49	83	30.64422
49	84	49.33766
49	85	59.82797
49	86	47.41085
49	87	26.26838
49	88	4.03853
49	89	-15.98309
49	90	-32.77592
49	91	-46.40288
49	92	-57.33967
49	93	-66.14288
49	94	-73.31533
49	95	-79.26888
49	96	-84.32793
49	97	-88.74609
49	98	-92.72451
49	99	-96.42826
49	100	-100.00000
50	0	-100.00000
50	1	-100.00000
50	2	-100.00000
50	3	-100.00000
50	4	-100.00000
50	5	-100.00000
50	6	-100.00000
50	7	-100.00000
50	8	-100.00000
50	9	-100.00000
50	10	-100.00000
50	11	-100.00000
50	12	-100.00000
50	13	-100.00000
50	14	-100.00000
50	15	-100.00000
50	16	-100.00000
50	17	-100.00000
50	18	-100.00000
50	19	-100.00000
50	20	-100.00000
50	21	-100.00000
50	22	-100.00000
50	23	-100.00000
50	24	-100.00000
50	25	-100.00000
50	26	-100.00000
50	27	-100.00000
50	28	-100.00000
50	29	-100.00000
50	30	-100.00000
50	31	-100.00000
50	32	-100.00000
50	33	-100.00000
50	34	-100.00000
50	35	-100.00000
50	36	-100.00000
50	37	-100.00000
50	38	-100.00000
50	39	-100.00000
50	40	-100.00000
50	41	-100.00000
50	42	-100.00000
50	43	-100.00000
50	44	-100.00000
50	45	-100.00000
50	46	-100.00000
50	47	-100.00000
50	48	-100.00000
50	49	-100.00000
50	50	-100.00000
50	51	-100.00000
50	52	-100.00000
50	53	-100.00000
50	54	-100.00000
50	55	-100.00000
50	56	-100.00000
50	57	-100.00000
50	58	-100.00000
50	59	-100.00000
50	60	-100.00000
50	61	-100.00000
50	62	-100.00000
50	63	-100.00000
50	64	-100.00000
50	65	-100.00000
50	66	-100.00000
50	67	-100.00000
50	68	-100.00000
50	69	-100.00000
50	70	-100.00000
50	71	-100.00000
50	72	-100.00000
50	73	-100.00000
50	74	-100.00000
50	75	-100.00000
50	76	-100.00000
50	77	-100.00000
50	78	-100.00000
50	79	-100.00000
50	80	-100.00000
50	81	-100.00000
50	82	-100.00000
50	83	-100.00000
50	84	-100.00000
50	85	-100.00000
50	86	-100.00000
50	87	-100.00000
50	88	-100.00000
50	89	-100.00000
50	90	-100.00000
50	91	-100.00000
50	92	-100.00000
50	93	-100.00000
50	94	-100.00000
50	95	-100.00000
50	96	-100.00000
50	97	-100.00000
50	98	-100.00000
50	99	-100.00000
50	100	-100.00000
