This is pdfTeX, Version 3.1415926-2.4-1.40.13 (MiKTeX 2.9 64-bit) (preloaded format=pdflatex 2013.9.2)  11 OCT 2014 22:50
entering extended mode
**informe.tex
(C:\Users\Agustina\Documents\UBA\Métodos\MetNum\TP2\Informe\informe.tex
LaTeX2e <2011/06/27>
Babel <v3.8m> and hyphenation patterns for english, afrikaans, ancientgreek, ar
abic, armenian, assamese, basque, bengali, bokmal, bulgarian, catalan, coptic, 
croatian, czech, danish, dutch, esperanto, estonian, farsi, finnish, french, ga
lician, german, german-x-2012-05-30, greek, gujarati, hindi, hungarian, iceland
ic, indonesian, interlingua, irish, italian, kannada, kurmanji, latin, latvian,
 lithuanian, malayalam, marathi, mongolian, mongolianlmc, monogreek, ngerman, n
german-x-2012-05-30, nynorsk, oriya, panjabi, pinyin, polish, portuguese, roman
ian, russian, sanskrit, serbian, slovak, slovenian, spanish, swedish, swissgerm
an, tamil, telugu, turkish, turkmen, ukenglish, ukrainian, uppersorbian, usengl
ishmax, welsh, loaded.
("C:\Program Files\MiKTeX 2.9\tex\latex\base\article.cls"
Document Class: article 2007/10/19 v1.4h Standard LaTeX document class
("C:\Program Files\MiKTeX 2.9\tex\latex\base\size10.clo"
File: size10.clo 2007/10/19 v1.4h Standard LaTeX file (size option)
)
\c@part=\count79
\c@section=\count80
\c@subsection=\count81
\c@subsubsection=\count82
\c@paragraph=\count83
\c@subparagraph=\count84
\c@figure=\count85
\c@table=\count86
\abovecaptionskip=\skip41
\belowcaptionskip=\skip42
\bibindent=\dimen102
)
("C:\Program Files\MiKTeX 2.9\tex\generic\babel\babel.sty"
Package: babel 2008/07/08 v3.8m The Babel package

*************************************
* Local config file bblopts.cfg used
*
("C:\Program Files\MiKTeX 2.9\tex\latex\00miktex\bblopts.cfg"
File: bblopts.cfg 2006/07/31 v1.0 MiKTeX 'babel' configuration
)
("C:\Program Files\MiKTeX 2.9\tex\generic\babel\spanish.ldf"
Language: spanish.ldf 2009/01/02 v5.0h Spanish support from the babel system

("C:\Program Files\MiKTeX 2.9\tex\generic\babel\babel.def"
File: babel.def 2008/07/08 v3.8m Babel common definitions
\babel@savecnt=\count87
\U@D=\dimen103
)
\es@datefmt=\count88
\es@quottoks=\toks14
\es@quotdepth=\count89
Package babel Info: Making " an active character on input line 492.
Package babel Info: Making . an active character on input line 585.
Package babel Info: Making < an active character on input line 630.
Package babel Info: Making > an active character on input line 630.
))
("C:\Program Files\MiKTeX 2.9\tex\latex\base\inputenc.sty"
Package: inputenc 2008/03/30 v1.1d Input encoding file
\inpenc@prehook=\toks15
\inpenc@posthook=\toks16

("C:\Program Files\MiKTeX 2.9\tex\latex\base\utf8.def"
File: utf8.def 2008/04/05 v1.1m UTF-8 support for inputenc
Now handling font encoding OML ...
... no UTF-8 mapping file for font encoding OML
Now handling font encoding T1 ...
... processing UTF-8 mapping file for font encoding T1

("C:\Program Files\MiKTeX 2.9\tex\latex\base\t1enc.dfu"
File: t1enc.dfu 2008/04/05 v1.1m UTF-8 support for inputenc
   defining Unicode char U+00A1 (decimal 161)
   defining Unicode char U+00A3 (decimal 163)
   defining Unicode char U+00AB (decimal 171)
   defining Unicode char U+00BB (decimal 187)
   defining Unicode char U+00BF (decimal 191)
   defining Unicode char U+00C0 (decimal 192)
   defining Unicode char U+00C1 (decimal 193)
   defining Unicode char U+00C2 (decimal 194)
   defining Unicode char U+00C3 (decimal 195)
   defining Unicode char U+00C4 (decimal 196)
   defining Unicode char U+00C5 (decimal 197)
   defining Unicode char U+00C6 (decimal 198)
   defining Unicode char U+00C7 (decimal 199)
   defining Unicode char U+00C8 (decimal 200)
   defining Unicode char U+00C9 (decimal 201)
   defining Unicode char U+00CA (decimal 202)
   defining Unicode char U+00CB (decimal 203)
   defining Unicode char U+00CC (decimal 204)
   defining Unicode char U+00CD (decimal 205)
   defining Unicode char U+00CE (decimal 206)
   defining Unicode char U+00CF (decimal 207)
   defining Unicode char U+00D0 (decimal 208)
   defining Unicode char U+00D1 (decimal 209)
   defining Unicode char U+00D2 (decimal 210)
   defining Unicode char U+00D3 (decimal 211)
   defining Unicode char U+00D4 (decimal 212)
   defining Unicode char U+00D5 (decimal 213)
   defining Unicode char U+00D6 (decimal 214)
   defining Unicode char U+00D8 (decimal 216)
   defining Unicode char U+00D9 (decimal 217)
   defining Unicode char U+00DA (decimal 218)
   defining Unicode char U+00DB (decimal 219)
   defining Unicode char U+00DC (decimal 220)
   defining Unicode char U+00DD (decimal 221)
   defining Unicode char U+00DE (decimal 222)
   defining Unicode char U+00DF (decimal 223)
   defining Unicode char U+00E0 (decimal 224)
   defining Unicode char U+00E1 (decimal 225)
   defining Unicode char U+00E2 (decimal 226)
   defining Unicode char U+00E3 (decimal 227)
   defining Unicode char U+00E4 (decimal 228)
   defining Unicode char U+00E5 (decimal 229)
   defining Unicode char U+00E6 (decimal 230)
   defining Unicode char U+00E7 (decimal 231)
   defining Unicode char U+00E8 (decimal 232)
   defining Unicode char U+00E9 (decimal 233)
   defining Unicode char U+00EA (decimal 234)
   defining Unicode char U+00EB (decimal 235)
   defining Unicode char U+00EC (decimal 236)
   defining Unicode char U+00ED (decimal 237)
   defining Unicode char U+00EE (decimal 238)
   defining Unicode char U+00EF (decimal 239)
   defining Unicode char U+00F0 (decimal 240)
   defining Unicode char U+00F1 (decimal 241)
   defining Unicode char U+00F2 (decimal 242)
   defining Unicode char U+00F3 (decimal 243)
   defining Unicode char U+00F4 (decimal 244)
   defining Unicode char U+00F5 (decimal 245)
   defining Unicode char U+00F6 (decimal 246)
   defining Unicode char U+00F8 (decimal 248)
   defining Unicode char U+00F9 (decimal 249)
   defining Unicode char U+00FA (decimal 250)
   defining Unicode char U+00FB (decimal 251)
   defining Unicode char U+00FC (decimal 252)
   defining Unicode char U+00FD (decimal 253)
   defining Unicode char U+00FE (decimal 254)
   defining Unicode char U+00FF (decimal 255)
   defining Unicode char U+0102 (decimal 258)
   defining Unicode char U+0103 (decimal 259)
   defining Unicode char U+0104 (decimal 260)
   defining Unicode char U+0105 (decimal 261)
   defining Unicode char U+0106 (decimal 262)
   defining Unicode char U+0107 (decimal 263)
   defining Unicode char U+010C (decimal 268)
   defining Unicode char U+010D (decimal 269)
   defining Unicode char U+010E (decimal 270)
   defining Unicode char U+010F (decimal 271)
   defining Unicode char U+0110 (decimal 272)
   defining Unicode char U+0111 (decimal 273)
   defining Unicode char U+0118 (decimal 280)
   defining Unicode char U+0119 (decimal 281)
   defining Unicode char U+011A (decimal 282)
   defining Unicode char U+011B (decimal 283)
   defining Unicode char U+011E (decimal 286)
   defining Unicode char U+011F (decimal 287)
   defining Unicode char U+0130 (decimal 304)
   defining Unicode char U+0131 (decimal 305)
   defining Unicode char U+0132 (decimal 306)
   defining Unicode char U+0133 (decimal 307)
   defining Unicode char U+0139 (decimal 313)
   defining Unicode char U+013A (decimal 314)
   defining Unicode char U+013D (decimal 317)
   defining Unicode char U+013E (decimal 318)
   defining Unicode char U+0141 (decimal 321)
   defining Unicode char U+0142 (decimal 322)
   defining Unicode char U+0143 (decimal 323)
   defining Unicode char U+0144 (decimal 324)
   defining Unicode char U+0147 (decimal 327)
   defining Unicode char U+0148 (decimal 328)
   defining Unicode char U+014A (decimal 330)
   defining Unicode char U+014B (decimal 331)
   defining Unicode char U+0150 (decimal 336)
   defining Unicode char U+0151 (decimal 337)
   defining Unicode char U+0152 (decimal 338)
   defining Unicode char U+0153 (decimal 339)
   defining Unicode char U+0154 (decimal 340)
   defining Unicode char U+0155 (decimal 341)
   defining Unicode char U+0158 (decimal 344)
   defining Unicode char U+0159 (decimal 345)
   defining Unicode char U+015A (decimal 346)
   defining Unicode char U+015B (decimal 347)
   defining Unicode char U+015E (decimal 350)
   defining Unicode char U+015F (decimal 351)
   defining Unicode char U+0160 (decimal 352)
   defining Unicode char U+0161 (decimal 353)
   defining Unicode char U+0162 (decimal 354)
   defining Unicode char U+0163 (decimal 355)
   defining Unicode char U+0164 (decimal 356)
   defining Unicode char U+0165 (decimal 357)
   defining Unicode char U+016E (decimal 366)
   defining Unicode char U+016F (decimal 367)
   defining Unicode char U+0170 (decimal 368)
   defining Unicode char U+0171 (decimal 369)
   defining Unicode char U+0178 (decimal 376)
   defining Unicode char U+0179 (decimal 377)
   defining Unicode char U+017A (decimal 378)
   defining Unicode char U+017B (decimal 379)
   defining Unicode char U+017C (decimal 380)
   defining Unicode char U+017D (decimal 381)
   defining Unicode char U+017E (decimal 382)
   defining Unicode char U+200C (decimal 8204)
   defining Unicode char U+2013 (decimal 8211)
   defining Unicode char U+2014 (decimal 8212)
   defining Unicode char U+2018 (decimal 8216)
   defining Unicode char U+2019 (decimal 8217)
   defining Unicode char U+201A (decimal 8218)
   defining Unicode char U+201C (decimal 8220)
   defining Unicode char U+201D (decimal 8221)
   defining Unicode char U+201E (decimal 8222)
   defining Unicode char U+2030 (decimal 8240)
   defining Unicode char U+2031 (decimal 8241)
   defining Unicode char U+2039 (decimal 8249)
   defining Unicode char U+203A (decimal 8250)
   defining Unicode char U+2423 (decimal 9251)
)
Now handling font encoding OT1 ...
... processing UTF-8 mapping file for font encoding OT1

("C:\Program Files\MiKTeX 2.9\tex\latex\base\ot1enc.dfu"
File: ot1enc.dfu 2008/04/05 v1.1m UTF-8 support for inputenc
   defining Unicode char U+00A1 (decimal 161)
   defining Unicode char U+00A3 (decimal 163)
   defining Unicode char U+00B8 (decimal 184)
   defining Unicode char U+00BF (decimal 191)
   defining Unicode char U+00C5 (decimal 197)
   defining Unicode char U+00C6 (decimal 198)
   defining Unicode char U+00D8 (decimal 216)
   defining Unicode char U+00DF (decimal 223)
   defining Unicode char U+00E6 (decimal 230)
   defining Unicode char U+00EC (decimal 236)
   defining Unicode char U+00ED (decimal 237)
   defining Unicode char U+00EE (decimal 238)
   defining Unicode char U+00EF (decimal 239)
   defining Unicode char U+00F8 (decimal 248)
   defining Unicode char U+0131 (decimal 305)
   defining Unicode char U+0141 (decimal 321)
   defining Unicode char U+0142 (decimal 322)
   defining Unicode char U+0152 (decimal 338)
   defining Unicode char U+0153 (decimal 339)
   defining Unicode char U+2013 (decimal 8211)
   defining Unicode char U+2014 (decimal 8212)
   defining Unicode char U+2018 (decimal 8216)
   defining Unicode char U+2019 (decimal 8217)
   defining Unicode char U+201C (decimal 8220)
   defining Unicode char U+201D (decimal 8221)
)
Now handling font encoding OMS ...
... processing UTF-8 mapping file for font encoding OMS

("C:\Program Files\MiKTeX 2.9\tex\latex\base\omsenc.dfu"
File: omsenc.dfu 2008/04/05 v1.1m UTF-8 support for inputenc
   defining Unicode char U+00A7 (decimal 167)
   defining Unicode char U+00B6 (decimal 182)
   defining Unicode char U+00B7 (decimal 183)
   defining Unicode char U+2020 (decimal 8224)
   defining Unicode char U+2021 (decimal 8225)
   defining Unicode char U+2022 (decimal 8226)
)
Now handling font encoding OMX ...
... no UTF-8 mapping file for font encoding OMX
Now handling font encoding U ...
... no UTF-8 mapping file for font encoding U
   defining Unicode char U+00A9 (decimal 169)
   defining Unicode char U+00AA (decimal 170)
   defining Unicode char U+00AE (decimal 174)
   defining Unicode char U+00BA (decimal 186)
   defining Unicode char U+02C6 (decimal 710)
   defining Unicode char U+02DC (decimal 732)
   defining Unicode char U+200C (decimal 8204)
   defining Unicode char U+2026 (decimal 8230)
   defining Unicode char U+2122 (decimal 8482)
   defining Unicode char U+2423 (decimal 9251)
))
("C:\Program Files\MiKTeX 2.9\tex\latex\psnfss\charter.sty"
Package: charter 2005/04/12 PSNFSS-v9.2a (P.Dyballa) 
)
("C:\Program Files\MiKTeX 2.9\tex\latex\graphics\graphicx.sty"
Package: graphicx 1999/02/16 v1.0f Enhanced LaTeX Graphics (DPC,SPQR)

("C:\Program Files\MiKTeX 2.9\tex\latex\graphics\keyval.sty"
Package: keyval 1999/03/16 v1.13 key=value parser (DPC)
\KV@toks@=\toks17
)
("C:\Program Files\MiKTeX 2.9\tex\latex\graphics\graphics.sty"
Package: graphics 2009/02/05 v1.0o Standard LaTeX Graphics (DPC,SPQR)

("C:\Program Files\MiKTeX 2.9\tex\latex\graphics\trig.sty"
Package: trig 1999/03/16 v1.09 sin cos tan (DPC)
)
("C:\Program Files\MiKTeX 2.9\tex\latex\00miktex\graphics.cfg"
File: graphics.cfg 2007/01/18 v1.5 graphics configuration of teTeX/TeXLive
)
Package graphics Info: Driver file: pdftex.def on input line 91.

("C:\Program Files\MiKTeX 2.9\tex\latex\pdftex-def\pdftex.def"
File: pdftex.def 2011/05/27 v0.06d Graphics/color for pdfTeX

("C:\Program Files\MiKTeX 2.9\tex\generic\oberdiek\infwarerr.sty"
Package: infwarerr 2010/04/08 v1.3 Providing info/warning/error messages (HO)
)
("C:\Program Files\MiKTeX 2.9\tex\generic\oberdiek\ltxcmds.sty"
Package: ltxcmds 2011/11/09 v1.22 LaTeX kernel commands for general use (HO)
)
\Gread@gobject=\count90
))
\Gin@req@height=\dimen104
\Gin@req@width=\dimen105
)
("C:\Program Files\MiKTeX 2.9\tex\latex\paralist\paralist.sty"
Package: paralist 2013/06/09 v2.4 Extended list environments
\pltopsep=\skip43
\plpartopsep=\skip44
\plitemsep=\skip45
\plparsep=\skip46
\pl@lab=\toks18
)
("C:\Program Files\MiKTeX 2.9\tex\latex\amsmath\amsmath.sty"
Package: amsmath 2013/01/14 v2.14 AMS math features
\@mathmargin=\skip47

For additional information on amsmath, use the `?' option.
("C:\Program Files\MiKTeX 2.9\tex\latex\amsmath\amstext.sty"
Package: amstext 2000/06/29 v2.01

("C:\Program Files\MiKTeX 2.9\tex\latex\amsmath\amsgen.sty"
File: amsgen.sty 1999/11/30 v2.0
\@emptytoks=\toks19
\ex@=\dimen106
))
("C:\Program Files\MiKTeX 2.9\tex\latex\amsmath\amsbsy.sty"
Package: amsbsy 1999/11/29 v1.2d
\pmbraise@=\dimen107
)
("C:\Program Files\MiKTeX 2.9\tex\latex\amsmath\amsopn.sty"
Package: amsopn 1999/12/14 v2.01 operator names
)
\inf@bad=\count91
LaTeX Info: Redefining \frac on input line 210.
\uproot@=\count92
\leftroot@=\count93
LaTeX Info: Redefining \overline on input line 306.
\classnum@=\count94
\DOTSCASE@=\count95
LaTeX Info: Redefining \ldots on input line 378.
LaTeX Info: Redefining \dots on input line 381.
LaTeX Info: Redefining \cdots on input line 466.
\Mathstrutbox@=\box26
\strutbox@=\box27
\big@size=\dimen108
LaTeX Font Info:    Redeclaring font encoding OML on input line 566.
LaTeX Font Info:    Redeclaring font encoding OMS on input line 567.
\macc@depth=\count96
\c@MaxMatrixCols=\count97
\dotsspace@=\muskip10
\c@parentequation=\count98
\dspbrk@lvl=\count99
\tag@help=\toks20
\row@=\count100
\column@=\count101
\maxfields@=\count102
\andhelp@=\toks21
\eqnshift@=\dimen109
\alignsep@=\dimen110
\tagshift@=\dimen111
\tagwidth@=\dimen112
\totwidth@=\dimen113
\lineht@=\dimen114
\@envbody=\toks22
\multlinegap=\skip48
\multlinetaggap=\skip49
\mathdisplay@stack=\toks23
LaTeX Info: Redefining \[ on input line 2665.
LaTeX Info: Redefining \] on input line 2666.
)
("C:\Program Files\MiKTeX 2.9\tex\latex\algorithm2e\algorithm2e.sty"
Package: algorithm2e 2013/01/06 v5.00 algorithms environments
\c@AlgoLine=\count103

("C:\Program Files\MiKTeX 2.9\tex\latex\base\ifthen.sty"
Package: ifthen 2001/05/26 v1.1c Standard LaTeX ifthen package (DPC)
)
("C:\Program Files\MiKTeX 2.9\tex\latex\tools\xspace.sty"
Package: xspace 2009/10/20 v1.13 Space after command names (DPC,MH)
)
("C:\Program Files\MiKTeX 2.9\tex\latex\ltxmisc\relsize.sty"
Package: relsize 2003/07/04 ver 3.1
)
********************************************************
Package `algorithm2e' Release 5.0 -- january 06 2013 --
- algorithm2e-announce@lirmm.fr mailing list for announcement about releases
- algorithm2e-discussion@lirmm.fr mailing list for discussion about package
subscribe by emailing sympa@lirmm.fr with 'subscribe <list> <firstname name>'
- Author: Christophe Fiorio (cfiorio@um2.fr)
********************************************************
\skiptotal=\skip50
\skiplinenumber=\skip51
\skiprule=\skip52
\skiphlne=\skip53
\skiptext=\skip54
\skiplength=\skip55
\algomargin=\skip56
\skipalgocfslide=\skip57
\algowidth=\dimen115
\inoutsize=\dimen116
\inoutindent=\dimen117
\interspacetitleruled=\dimen118
\interspacealgoruled=\dimen119
\interspacetitleboxruled=\dimen120
\algocf@inoutbox=\box28
\algocf@inputbox=\box29
\AlCapSkip=\skip58
\AlCapHSkip=\skip59
\algoskipindent=\skip60
\algocf@nlbox=\box30
\algocf@hangingbox=\box31
\algocf@untilbox=\box32
\algocf@skipuntil=\skip61
\algocf@capbox=\box33
\algoheightruledefault=\skip62
\algoheightrule=\skip63
\algotitleheightruledefault=\skip64
\algotitleheightrule=\skip65
\c@algocfline=\count104
\c@algocfproc=\count105
\c@algocf=\count106
\algocf@algoframe=\box34
\algocf@algobox=\box35
) ("C:\Program Files\MiKTeX 2.9\tex\latex\amsfonts\amssymb.sty"
Package: amssymb 2013/01/14 v3.01 AMS font symbols

("C:\Program Files\MiKTeX 2.9\tex\latex\amsfonts\amsfonts.sty"
Package: amsfonts 2013/01/14 v3.01 Basic AMSFonts support
\symAMSa=\mathgroup4
\symAMSb=\mathgroup5
LaTeX Font Info:    Overwriting math alphabet `\mathfrak' in version `bold'
(Font)                  U/euf/m/n --> U/euf/b/n on input line 106.
))
(C:\Users\Agustina\Documents\UBA\Métodos\MetNum\TP2\Informe\codesnippet.tex
("C:\Program Files\MiKTeX 2.9\tex\latex\graphics\color.sty"
Package: color 2005/11/14 v1.0j Standard LaTeX Color (DPC)

("C:\Program Files\MiKTeX 2.9\tex\latex\00miktex\color.cfg"
File: color.cfg 2007/01/18 v1.5 color configuration of teTeX/TeXLive
)
Package color Info: Driver file: pdftex.def on input line 130.
)
("C:\Program Files\MiKTeX 2.9\tex\latex\fancybox\fancybox.sty"
Package: fancybox 2010/05/15 1.4

Style option: `fancybox' v1.4 <2010/05/15> (tvz)
\@fancybox=\box36
\shadowsize=\dimen121
\@Sbox=\box37
\do@VerbBox=\toks24
\the@fancyput=\toks25
\this@fancyput=\toks26
\EndVerbatimTokens=\toks27
\Verbatim@Outfile=\write3
\Verbatim@Infile=\read1
)) (C:\Users\Agustina\Documents\UBA\Métodos\MetNum\TP2\Informe\page.layout.tex
("C:\Program Files\MiKTeX 2.9\tex\latex\fancyhdr\fancyhdr.sty"
\fancy@headwidth=\skip66
\f@ncyO@elh=\skip67
\f@ncyO@erh=\skip68
\f@ncyO@olh=\skip69
\f@ncyO@orh=\skip70
\f@ncyO@elf=\skip71
\f@ncyO@erf=\skip72
\f@ncyO@olf=\skip73
\f@ncyO@orf=\skip74
))
("C:\Program Files\MiKTeX 2.9\tex\latex\underscore\underscore.sty"
Package: underscore 2006/09/13
LaTeX Info: Redefining \_ on input line 42.
)
(C:\Users\Agustina\Documents\UBA\Métodos\MetNum\TP2\Informe\caratula.sty
Package: caratula 2005/08/09 v0.3 Para componer caratulas de TPs del DC

Cargando package 'caratula' v0.3 (2005/08/09)
\intlist=\toks28
) ("C:\Program Files\MiKTeX 2.9\tex\latex\ltxmisc\url.sty"
\Urlmuskip=\muskip11
Package: url 2006/04/12  ver 3.3  Verb mode for urls, etc.
)
(C:\Users\Agustina\Documents\UBA\Métodos\MetNum\TP2\Informe\informe.aux

LaTeX Warning: Label `nombreparareferenciar' multiply defined.


LaTeX Warning: Label `nombreparareferenciar' multiply defined.


LaTeX Warning: Label `nombreparareferenciar' multiply defined.


LaTeX Warning: Label `nombreparareferenciar' multiply defined.


LaTeX Warning: Label `nombreparareferenciar' multiply defined.


LaTeX Warning: Label `nombreparareferenciar' multiply defined.


LaTeX Warning: Label `nombreparareferenciar' multiply defined.


LaTeX Warning: Label `nombreparareferenciar' multiply defined.


LaTeX Warning: Label `nombreparareferenciar' multiply defined.


LaTeX Warning: Label `nombreparareferenciar' multiply defined.


LaTeX Warning: Label `nombreparareferenciar' multiply defined.

)
LaTeX Font Info:    Checking defaults for OML/cmm/m/it on input line 48.
LaTeX Font Info:    ... okay on input line 48.
LaTeX Font Info:    Checking defaults for T1/cmr/m/n on input line 48.
LaTeX Font Info:    ... okay on input line 48.
LaTeX Font Info:    Checking defaults for OT1/cmr/m/n on input line 48.
LaTeX Font Info:    ... okay on input line 48.
LaTeX Font Info:    Checking defaults for OMS/cmsy/m/n on input line 48.
LaTeX Font Info:    ... okay on input line 48.
LaTeX Font Info:    Checking defaults for OMX/cmex/m/n on input line 48.
LaTeX Font Info:    ... okay on input line 48.
LaTeX Font Info:    Checking defaults for U/cmr/m/n on input line 48.
LaTeX Font Info:    ... okay on input line 48.
LaTeX Font Info:    Try loading font information for OT1+bch on input line 48.
 ("C:\Program Files\MiKTeX 2.9\tex\latex\psnfss\ot1bch.fd"
File: ot1bch.fd 2004/10/18 font definitions for OT1/bch.
)
("C:\Program Files\MiKTeX 2.9\tex\context\base\supp-pdf.mkii"
[Loading MPS to PDF converter (version 2006.09.02).]
\scratchcounter=\count107
\scratchdimen=\dimen122
\scratchbox=\box38
\nofMPsegments=\count108
\nofMParguments=\count109
\everyMPshowfont=\toks29
\MPscratchCnt=\count110
\MPscratchDim=\dimen123
\MPnumerator=\count111
\makeMPintoPDFobject=\count112
\everyMPtoPDFconversion=\toks30
) <imagenes/logodc.jpg, id=1, 215.6055pt x 83.5923pt>
File: imagenes/logodc.jpg Graphic file (type jpg)

<use imagenes/logodc.jpg>
Package pdftex.def Info: imagenes/logodc.jpg used on input line 60.
(pdftex.def)             Requested size: 215.60497pt x 83.59207pt.
LaTeX Font Info:    Try loading font information for U+msa on input line 60.

("C:\Program Files\MiKTeX 2.9\tex\latex\amsfonts\umsa.fd"
File: umsa.fd 2013/01/14 v3.01 AMS symbols A
)
LaTeX Font Info:    Try loading font information for U+msb on input line 60.

("C:\Program Files\MiKTeX 2.9\tex\latex\amsfonts\umsb.fd"
File: umsb.fd 2013/01/14 v3.01 AMS symbols B
)
<imagenes/logouba.jpg, id=2, 225.4824pt x 231.7458pt>
File: imagenes/logouba.jpg Graphic file (type jpg)

<use imagenes/logouba.jpg>
Package pdftex.def Info: imagenes/logouba.jpg used on input line 60.
(pdftex.def)             Requested size: 225.48184pt x 231.74522pt.


LaTeX Font Warning: Font shape `OT1/cmss/b/n' undefined
(Font)              using `OT1/cmss/m/n' instead on input line 60.


Underfull \hbox (badness 10000) in paragraph at lines 60--60

 []


Overfull \hbox (22.76358pt too wide) in paragraph at lines 60--60
[][][] 
 []

[1

{C:/ProgramData/MiKTeX/2.9/pdftex/config/pdftex.map} <C:/Users/Agustina/Documen
ts/UBA/Métodos/MetNum/TP2/Informe/imagenes/logodc.jpg> <C:/Users/Agustina/Docu
ments/UBA/Métodos/MetNum/TP2/Informe/imagenes/logouba.jpg>]
Underfull \hbox (badness 10000) in paragraph at lines 66--75

 []


Underfull \hbox (badness 10000) in paragraph at lines 66--75

 []


Underfull \hbox (badness 10000) in paragraph at lines 66--75

 []


Underfull \hbox (badness 10000) in paragraph at lines 66--75

 []

(C:\Users\Agustina\Documents\UBA\Métodos\MetNum\TP2\Informe\informe.toc)
\tf@toc=\write4

[2]
Underfull \hbox (badness 10000) in paragraph at lines 93--95

 []


Underfull \hbox (badness 10000) in paragraph at lines 96--103

 []


Underfull \hbox (badness 10000) in paragraph at lines 96--103

 []


Underfull \hbox (badness 10000) in paragraph at lines 105--121

 []


Underfull \hbox (badness 10000) in paragraph at lines 105--121

 []

[3]
Underfull \hbox (badness 10000) in paragraph at lines 136--143

 []


Underfull \hbox (badness 10000) in paragraph at lines 136--143

 []


Underfull \hbox (badness 10000) in paragraph at lines 136--143

 []

[4]
Underfull \hbox (badness 10000) in paragraph at lines 148--153

 []


Underfull \hbox (badness 10000) in paragraph at lines 154--155

 []

[5]
Underfull \hbox (badness 10000) in paragraph at lines 158--205

 []


Underfull \hbox (badness 10000) in paragraph at lines 158--205

 []


Underfull \hbox (badness 10000) in paragraph at lines 158--205

 []


Underfull \hbox (badness 10000) in paragraph at lines 158--205

 []


Underfull \hbox (badness 10000) in paragraph at lines 158--205

 []


Underfull \hbox (badness 10000) in paragraph at lines 206--207

 []

[6]
Underfull \hbox (badness 10000) in paragraph at lines 212--214

 []


Underfull \hbox (badness 10000) in paragraph at lines 246--256

 []


Underfull \hbox (badness 10000) in paragraph at lines 246--256

 []

[7] [8]
Underfull \hbox (badness 10000) in paragraph at lines 299--306

 []

[9]
Underfull \hbox (badness 10000) in paragraph at lines 313--320

 []


Underfull \hbox (badness 10000) in paragraph at lines 313--320

 []


Underfull \hbox (badness 10000) in paragraph at lines 313--320

 []

<imagenes/exp12/complexityPAGERANK.png, id=47, 867.24pt x 469.755pt>
File: imagenes/exp12/complexityPAGERANK.png Graphic file (type png)

<use imagenes/exp12/complexityPAGERANK.png>
Package pdftex.def Info: imagenes/exp12/complexityPAGERANK.png used on input li
ne 323.
(pdftex.def)             Requested size: 433.61894pt x 234.87692pt.

Underfull \hbox (badness 10000) in paragraph at lines 328--337

 []


Underfull \hbox (badness 10000) in paragraph at lines 328--337

 []

[10 <C:/Users/Agustina/Documents/UBA/Métodos/MetNum/TP2/Informe/imagenes/exp12
/complexityPAGERANK.png>]
<imagenes/exp12/abortionPAGERANK.png, id=53, 867.24pt x 469.755pt>
File: imagenes/exp12/abortionPAGERANK.png Graphic file (type png)

<use imagenes/exp12/abortionPAGERANK.png>
Package pdftex.def Info: imagenes/exp12/abortionPAGERANK.png used on input line
 342.
(pdftex.def)             Requested size: 433.61894pt x 234.87692pt.

Underfull \hbox (badness 10000) in paragraph at lines 347--356

 []


Underfull \hbox (badness 10000) in paragraph at lines 347--356

 []

[11 <C:/Users/Agustina/Documents/UBA/Métodos/MetNum/TP2/Informe/imagenes/exp12
/abortionPAGERANK.png>]
<imagenes/exp12/moviesPAGERANK.png, id=58, 867.24pt x 469.755pt>
File: imagenes/exp12/moviesPAGERANK.png Graphic file (type png)

<use imagenes/exp12/moviesPAGERANK.png>
Package pdftex.def Info: imagenes/exp12/moviesPAGERANK.png used on input line 3
61.
(pdftex.def)             Requested size: 433.61894pt x 234.87692pt.

Underfull \hbox (badness 10000) in paragraph at lines 366--376

 []


Underfull \hbox (badness 10000) in paragraph at lines 366--376

 []


Underfull \hbox (badness 10000) in paragraph at lines 366--376

 []

<imagenes/exp12/stanfordPAGERANK.png, id=59, 867.24pt x 469.755pt>
File: imagenes/exp12/stanfordPAGERANK.png Graphic file (type png)

<use imagenes/exp12/stanfordPAGERANK.png>
Package pdftex.def Info: imagenes/exp12/stanfordPAGERANK.png used on input line
 379.
(pdftex.def)             Requested size: 433.61894pt x 234.87692pt.

<imagenes/exp12/notredamePAGERANK.png, id=60, 867.24pt x 469.755pt>
File: imagenes/exp12/notredamePAGERANK.png Graphic file (type png)

<use imagenes/exp12/notredamePAGERANK.png>
Package pdftex.def Info: imagenes/exp12/notredamePAGERANK.png used on input lin
e 397.
(pdftex.def)             Requested size: 433.61894pt x 234.87692pt.

Underfull \hbox (badness 10000) in paragraph at lines 385--414

 []


Underfull \hbox (badness 10000) in paragraph at lines 385--414

 []


Underfull \hbox (badness 10000) in paragraph at lines 385--414

 []


Underfull \hbox (badness 10000) in paragraph at lines 385--414

 []


Underfull \hbox (badness 10000) in paragraph at lines 385--414

 []

[12 <C:/Users/Agustina/Documents/UBA/Métodos/MetNum/TP2/Informe/imagenes/exp12
/moviesPAGERANK.png> <C:/Users/Agustina/Documents/UBA/Métodos/MetNum/TP2/Infor
me/imagenes/exp12/stanfordPAGERANK.png>] [13 <C:/Users/Agustina/Documents/UBA/M
étodos/MetNum/TP2/Informe/imagenes/exp12/notredamePAGERANK.png>]
Underfull \hbox (badness 10000) in paragraph at lines 418--422

 []


Underfull \hbox (badness 10000) in paragraph at lines 418--422

 []


Underfull \hbox (badness 10000) in paragraph at lines 418--422

 []


Underfull \hbox (badness 10000) in paragraph at lines 424--425

 []

<imagenes/exp12/complexityHITS.png, id=71, 867.24pt x 469.755pt>
File: imagenes/exp12/complexityHITS.png Graphic file (type png)

<use imagenes/exp12/complexityHITS.png>
Package pdftex.def Info: imagenes/exp12/complexityHITS.png used on input line 4
29.
(pdftex.def)             Requested size: 433.61894pt x 234.87692pt.
 [14 <C:/Users/Agustina/Documents/UBA/Métodos/MetNum/TP2/Informe/imagenes/exp1
2/complexityHITS.png>]
<imagenes/exp12/abortionHITS.png, id=76, 867.24pt x 469.755pt>
File: imagenes/exp12/abortionHITS.png Graphic file (type png)

<use imagenes/exp12/abortionHITS.png>
Package pdftex.def Info: imagenes/exp12/abortionHITS.png used on input line 438
.
(pdftex.def)             Requested size: 433.61894pt x 234.87692pt.

<imagenes/exp12/moviesHITS.png, id=77, 867.24pt x 469.755pt>
File: imagenes/exp12/moviesHITS.png Graphic file (type png)

<use imagenes/exp12/moviesHITS.png>
Package pdftex.def Info: imagenes/exp12/moviesHITS.png used on input line 447.
(pdftex.def)             Requested size: 433.61894pt x 234.87692pt.
 [15 <C:/Users/Agustina/Documents/UBA/Métodos/MetNum/TP2/Informe/imagenes/exp1
2/abortionHITS.png> <C:/Users/Agustina/Documents/UBA/Métodos/MetNum/TP2/Inform
e/imagenes/exp12/moviesHITS.png>]
<imagenes/exp12/stanfordHITS.png, id=83, 867.24pt x 469.755pt>
File: imagenes/exp12/stanfordHITS.png Graphic file (type png)

<use imagenes/exp12/stanfordHITS.png>
Package pdftex.def Info: imagenes/exp12/stanfordHITS.png used on input line 456
.
(pdftex.def)             Requested size: 433.61894pt x 234.87692pt.

<imagenes/exp12/notredameHITS.png, id=84, 867.24pt x 469.755pt>
File: imagenes/exp12/notredameHITS.png Graphic file (type png)

<use imagenes/exp12/notredameHITS.png>
Package pdftex.def Info: imagenes/exp12/notredameHITS.png used on input line 46
5.
(pdftex.def)             Requested size: 433.61894pt x 234.87692pt.

Underfull \hbox (badness 10000) in paragraph at lines 471--473

 []

[16 <C:/Users/Agustina/Documents/UBA/Métodos/MetNum/TP2/Informe/imagenes/exp12
/stanfordHITS.png> <C:/Users/Agustina/Documents/UBA/Métodos/MetNum/TP2/Informe
/imagenes/exp12/notredameHITS.png>]
Underfull \hbox (badness 10000) in paragraph at lines 474--477

 []


Underfull \hbox (badness 10000) in paragraph at lines 474--477

 []

[17]
Underfull \hbox (badness 10000) in paragraph at lines 480--486

 []

<imagenes/expTiempo/tiemposMedianos.png, id=93, 610.53094pt x 363.60844pt>
File: imagenes/expTiempo/tiemposMedianos.png Graphic file (type png)

<use imagenes/expTiempo/tiemposMedianos.png>
Package pdftex.def Info: imagenes/expTiempo/tiemposMedianos.png used on input l
ine 489.
(pdftex.def)             Requested size: 305.26472pt x 181.80377pt.

<imagenes/expTiempo/tiemposGrandes.png, id=94, 540.51938pt x 330.48468pt>
File: imagenes/expTiempo/tiemposGrandes.png Graphic file (type png)

<use imagenes/expTiempo/tiemposGrandes.png>
Package pdftex.def Info: imagenes/expTiempo/tiemposGrandes.png used on input li
ne 498.
(pdftex.def)             Requested size: 270.25902pt x 165.24193pt.

Underfull \hbox (badness 10000) in paragraph at lines 505--507

 []

[18 <C:/Users/Agustina/Documents/UBA/Métodos/MetNum/TP2/Informe/imagenes/expTi
empo/tiemposMedianos.png> <C:/Users/Agustina/Documents/UBA/Métodos/MetNum/TP2/
Informe/imagenes/expTiempo/tiemposGrandes.png>] [19]
Underfull \hbox (badness 10000) in paragraph at lines 514--515

 []


Underfull \hbox (badness 10000) in paragraph at lines 521--522

 []

[20] <imagenes/Exp1/hitsA1.png, id=106, 505.89pt x 361.35pt>
File: imagenes/Exp1/hitsA1.png Graphic file (type png)

<use imagenes/Exp1/hitsA1.png>
Package pdftex.def Info: imagenes/Exp1/hitsA1.png used on input line 544.
(pdftex.def)             Requested size: 333.88841pt x 238.49173pt.

<imagenes/Exp1/hitsH1.png, id=107, 505.89pt x 361.35pt>
File: imagenes/Exp1/hitsH1.png Graphic file (type png)

<use imagenes/Exp1/hitsH1.png>
Package pdftex.def Info: imagenes/Exp1/hitsH1.png used on input line 552.
(pdftex.def)             Requested size: 333.88841pt x 238.49173pt.
 [21 <C:/Users/Agustina/Documents/UBA/Métodos/MetNum/TP2/Informe/imagenes/Exp1
/hitsA1.png> <C:/Users/Agustina/Documents/UBA/Métodos/MetNum/TP2/Informe/image
nes/Exp1/hitsH1.png>]
<imagenes/Exp1/PR1.png, id=113, 505.89pt x 361.35pt>
File: imagenes/Exp1/PR1.png Graphic file (type png)

<use imagenes/Exp1/PR1.png>
Package pdftex.def Info: imagenes/Exp1/PR1.png used on input line 562.
(pdftex.def)             Requested size: 333.88841pt x 238.49173pt.
 [22 <C:/Users/Agustina/Documents/UBA/Métodos/MetNum/TP2/Informe/imagenes/Exp1
/PR1.png>]
Underfull \hbox (badness 10000) in paragraph at lines 586--587

 []


Underfull \hbox (badness 10000) in paragraph at lines 588--589

 []


Underfull \hbox (badness 10000) in paragraph at lines 592--593

 []

<imagenes/Exp2/grafo2.png, id=118, 578.16pt x 433.62pt>
File: imagenes/Exp2/grafo2.png Graphic file (type png)

<use imagenes/Exp2/grafo2.png>
Package pdftex.def Info: imagenes/Exp2/grafo2.png used on input line 615.
(pdftex.def)             Requested size: 346.89867pt x 260.17401pt.
 [23 <C:/Users/Agustina/Documents/UBA/Métodos/MetNum/TP2/Informe/imagenes/Exp2
/grafo2.png>]
<imagenes/Exp2/PR2.jpg, id=123, 1580.90625pt x 1129.21875pt>
File: imagenes/Exp2/PR2.jpg Graphic file (type jpg)

<use imagenes/Exp2/PR2.jpg>
Package pdftex.def Info: imagenes/Exp2/PR2.jpg used on input line 623.
(pdftex.def)             Requested size: 474.27554pt x 338.76823pt.

Overfull \hbox (19.03146pt too wide) in paragraph at lines 623--624
 [] 
 []

[24 <C:/Users/Agustina/Documents/UBA/Métodos/MetNum/TP2/Informe/imagenes/Exp2/
PR2.jpg>] <imagenes/Exp2/hitsa2nuevo.jpg, id=127, 1580.90625pt x 1129.21875pt>
File: imagenes/Exp2/hitsa2nuevo.jpg Graphic file (type jpg)

<use imagenes/Exp2/hitsa2nuevo.jpg>
Package pdftex.def Info: imagenes/Exp2/hitsa2nuevo.jpg used on input line 631.
(pdftex.def)             Requested size: 474.27554pt x 338.76823pt.

Overfull \hbox (19.03146pt too wide) in paragraph at lines 631--632
 [] 
 []

[25 <C:/Users/Agustina/Documents/UBA/Métodos/MetNum/TP2/Informe/imagenes/Exp2/
hitsa2nuevo.jpg>]
<imagenes/Exp2/hitsH2.jpg, id=132, 1580.90625pt x 1129.21875pt>
File: imagenes/Exp2/hitsH2.jpg Graphic file (type jpg)

<use imagenes/Exp2/hitsH2.jpg>
Package pdftex.def Info: imagenes/Exp2/hitsH2.jpg used on input line 639.
(pdftex.def)             Requested size: 474.27554pt x 338.76823pt.

Overfull \hbox (19.03146pt too wide) in paragraph at lines 639--640
 [] 
 []


Underfull \hbox (badness 10000) in paragraph at lines 649--650

 []

[26 <C:/Users/Agustina/Documents/UBA/Métodos/MetNum/TP2/Informe/imagenes/Exp2/
hitsH2.jpg>]
Underfull \hbox (badness 10000) in paragraph at lines 654--655

 []


Underfull \hbox (badness 10000) in paragraph at lines 658--659

 []


Underfull \hbox (badness 10000) in paragraph at lines 660--682

 []

<imagenes/Exp3/grafobefore.png, id=136, 578.16pt x 433.62pt>
File: imagenes/Exp3/grafobefore.png Graphic file (type png)

<use imagenes/Exp3/grafobefore.png>
Package pdftex.def Info: imagenes/Exp3/grafobefore.png used on input line 687.
(pdftex.def)             Requested size: 346.89867pt x 260.17401pt.
 [27 <C:/Users/Agustina/Documents/UBA/Métodos/MetNum/TP2/Informe/imagenes/Exp3
/grafobefore.png>]
<imagenes/Exp3/before.png, id=141, 505.89pt x 361.35pt>
File: imagenes/Exp3/before.png Graphic file (type png)

<use imagenes/Exp3/before.png>
Package pdftex.def Info: imagenes/Exp3/before.png used on input line 695.
(pdftex.def)             Requested size: 404.71254pt x 289.0804pt.

<imagenes/Exp3/after.png, id=142, 578.16pt x 400.3758pt>
File: imagenes/Exp3/after.png Graphic file (type png)

<use imagenes/Exp3/after.png>
Package pdftex.def Info: imagenes/Exp3/after.png used on input line 703.
(pdftex.def)             Requested size: 462.52863pt x 320.30106pt.

Overfull \hbox (7.28455pt too wide) in paragraph at lines 703--704
 [] 
 []


LaTeX Warning: `!h' float specifier changed to `!ht'.

[28 <C:/Users/Agustina/Documents/UBA/Métodos/MetNum/TP2/Informe/imagenes/Exp3/
before.png>] [29 <C:/Users/Agustina/Documents/UBA/Métodos/MetNum/TP2/Informe/i
magenes/Exp3/after.png>]
Underfull \hbox (badness 10000) in paragraph at lines 720--722

 []

[30]
Underfull \hbox (badness 10000) in paragraph at lines 725--727

 []

[31]
Underfull \hbox (badness 10000) in paragraph at lines 732--821

 []


Underfull \hbox (badness 10000) in paragraph at lines 732--821

 []


Underfull \hbox (badness 10000) in paragraph at lines 732--821

 []


Underfull \hbox (badness 10000) in paragraph at lines 732--821

 []


Underfull \hbox (badness 10000) in paragraph at lines 732--821

 []


Underfull \hbox (badness 10000) in paragraph at lines 732--821

 []


Underfull \hbox (badness 10000) in paragraph at lines 732--821

 []


Underfull \hbox (badness 10000) in paragraph at lines 732--821

 []


Underfull \hbox (badness 10000) in paragraph at lines 732--821

 []


Underfull \hbox (badness 10000) in paragraph at lines 732--821

 []


Underfull \hbox (badness 10000) in paragraph at lines 732--821

 []


Underfull \hbox (badness 10000) in paragraph at lines 732--821

 []


Underfull \hbox (badness 10000) in paragraph at lines 732--821

 []


Underfull \hbox (badness 10000) in paragraph at lines 732--821

 []


Underfull \hbox (badness 10000) in paragraph at lines 732--821

 []


Underfull \hbox (badness 10000) in paragraph at lines 732--821

 []


Underfull \hbox (badness 10000) in paragraph at lines 732--821

 []


Underfull \hbox (badness 10000) in paragraph at lines 732--821

 []


Underfull \hbox (badness 10000) in paragraph at lines 732--821

 []


Underfull \hbox (badness 10000) in paragraph at lines 732--821

 []


Underfull \hbox (badness 10000) in paragraph at lines 732--821

 []


Underfull \hbox (badness 10000) in paragraph at lines 732--821

 []


Underfull \hbox (badness 10000) in paragraph at lines 732--821

 []


Underfull \hbox (badness 10000) in paragraph at lines 732--821

 []


Underfull \hbox (badness 10000) in paragraph at lines 732--821

 []


Underfull \hbox (badness 10000) in paragraph at lines 732--821

 []


Underfull \hbox (badness 10000) in paragraph at lines 732--821

 []


Underfull \hbox (badness 10000) in paragraph at lines 732--821

 []

[32]
Underfull \hbox (badness 10000) in paragraph at lines 823--891

 []


Underfull \hbox (badness 10000) in paragraph at lines 823--891

 []


Underfull \hbox (badness 10000) in paragraph at lines 823--891

 []


Underfull \hbox (badness 10000) in paragraph at lines 823--891

 []


Underfull \hbox (badness 10000) in paragraph at lines 823--891

 []


Underfull \hbox (badness 10000) in paragraph at lines 823--891

 []


Underfull \hbox (badness 10000) in paragraph at lines 823--891

 []


Underfull \hbox (badness 10000) in paragraph at lines 823--891

 []


Underfull \hbox (badness 10000) in paragraph at lines 823--891

 []


Underfull \hbox (badness 10000) in paragraph at lines 823--891

 []


Underfull \hbox (badness 10000) in paragraph at lines 823--891

 []


Underfull \hbox (badness 10000) in paragraph at lines 823--891

 []


Underfull \hbox (badness 10000) in paragraph at lines 823--891

 []


Underfull \hbox (badness 10000) in paragraph at lines 823--891

 []


Underfull \hbox (badness 10000) in paragraph at lines 823--891

 []


Underfull \hbox (badness 10000) in paragraph at lines 823--891

 []


Underfull \hbox (badness 10000) in paragraph at lines 823--891

 []


Underfull \hbox (badness 10000) in paragraph at lines 823--891

 []


Underfull \hbox (badness 10000) in paragraph at lines 823--891

 []


Underfull \hbox (badness 10000) in paragraph at lines 823--891

 []


Underfull \hbox (badness 10000) in paragraph at lines 823--891

 []


Underfull \hbox (badness 10000) in paragraph at lines 823--891

 []


Underfull \hbox (badness 10000) in paragraph at lines 823--891

 []


Underfull \hbox (badness 10000) in paragraph at lines 823--891

 []


Underfull \hbox (badness 10000) in paragraph at lines 823--891

 []

[33] [34] [35]
Underfull \hbox (badness 10000) in paragraph at lines 893--904

 []


Underfull \hbox (badness 10000) in paragraph at lines 893--904

 []


Underfull \hbox (badness 10000) in paragraph at lines 893--904

 []


Underfull \hbox (badness 10000) in paragraph at lines 893--904

 []

[36] (C:\Users\Agustina\Documents\UBA\Métodos\MetNum\TP2\Informe\tp2.tex
<logodpt.jpg, id=173, 138.5175pt x 160.6pt>
File: logodpt.jpg Graphic file (type jpg)
 <use logodpt.jpg>
Package pdftex.def Info: logodpt.jpg used on input line 28.
(pdftex.def)             Requested size: 45.52458pt x 52.7825pt.


LaTeX Warning: Citation `Brin1998' on page 37 undefined on input line 78.

[37 <C:/Users/Agustina/Documents/UBA/Métodos/MetNum/TP2/Informe/logodpt.jpg>]

LaTeX Warning: Citation `Bryan2006' on page 38 undefined on input line 115.


LaTeX Warning: Citation `Kamvar2003' on page 38 undefined on input line 115.


LaTeX Warning: Reference `eq:basicmodel' on page 38 undefined on input line 137
.


LaTeX Warning: Citation `Bryan2006' on page 38 undefined on input line 142.


LaTeX Warning: Citation `Kamvar2003' on page 38 undefined on input line 143.


LaTeX Warning: Citation `Kleinberg' on page 38 undefined on input line 154.

[38]

LaTeX Warning: Citation `Kleinberg' on page 39 undefined on input line 211.

[39]

LaTeX Warning: Citation `Bryan2006' on page 40 undefined on input line 212.


LaTeX Warning: Citation `Kamvar2003' on page 40 undefined on input line 213.


LaTeX Warning: Citation `Kamvar2003' on page 40 undefined on input line 215.


LaTeX Warning: Citation `Kleinberg' on page 40 undefined on input line 217.

[40]

LaTeX Warning: Citation `SNAP' on page 41 undefined on input line 268.


LaTeX Warning: Citation `dataset' on page 41 undefined on input line 269.


LaTeX Warning: Citation `Bryan2006' on page 41 undefined on input line 276.


LaTeX Warning: Citation `dataset' on page 41 undefined on input line 293.

No file informe.bbl.
) [41] [42]
Underfull \hbox (badness 10000) in paragraph at lines 912--913

 []


Underfull \hbox (badness 10000) in paragraph at lines 944--945

 []


Underfull \hbox (badness 10000) in paragraph at lines 954--963

 []


Underfull \hbox (badness 10000) in paragraph at lines 972--983

 []

[43] [44]
Underfull \hbox (badness 10000) in paragraph at lines 985--1003

 []


Underfull \hbox (badness 10000) in paragraph at lines 985--1003

 []


Underfull \hbox (badness 10000) in paragraph at lines 985--1003

 []


Underfull \hbox (badness 10000) in paragraph at lines 985--1003

 []


Underfull \hbox (badness 10000) in paragraph at lines 985--1003

 []

[45] (C:\Users\Agustina\Documents\UBA\Métodos\MetNum\TP2\Informe\informe.aux)

LaTeX Font Warning: Some font shapes were not available, defaults substituted.


LaTeX Warning: There were undefined references.


LaTeX Warning: There were multiply-defined labels.

 )
(\end occurred inside a group at level 4)

### simple group (level 4) entered at line 1002 ({)
### simple group (level 3) entered at line 998 ({)
### simple group (level 2) entered at line 993 ({)
### simple group (level 1) entered at line 991 ({)
### bottom level 
Here is how much of TeX's memory you used:
 5138 strings out of 493921
 67750 string characters out of 3147274
 155194 words of memory out of 3000000
 8293 multiletter control sequences out of 15000+200000
 41691 words of font info for 77 fonts, out of 3000000 for 9000
 841 hyphenation exceptions out of 8191
 30i,18n,43p,1152b,416s stack positions out of 5000i,500n,10000p,200000b,50000s
{C:/Program Files/MiKTeX 2.9/fonts/enc/dvips/fontname/8r.enc}<C
:/Program Files/MiKTeX 2.9/fonts/type1/bitstrea/charter/bchb8a.pfb><C:/Program 
Files/MiKTeX 2.9/fonts/type1/bitstrea/charter/bchbi8a.pfb><C:/Program Files/MiK
TeX 2.9/fonts/type1/bitstrea/charter/bchr8a.pfb><C:/Program Files/MiKTeX 2.9/fo
nts/type1/bitstrea/charter/bchri8a.pfb><C:/Program Files/MiKTeX 2.9/fonts/type1
/public/amsfonts/cm/cmex10.pfb><C:/Program Files/MiKTeX 2.9/fonts/type1/public/
amsfonts/cm/cmmi10.pfb><C:/Program Files/MiKTeX 2.9/fonts/type1/public/amsfonts
/cm/cmmi5.pfb><C:/Program Files/MiKTeX 2.9/fonts/type1/public/amsfonts/cm/cmmi6
.pfb><C:/Program Files/MiKTeX 2.9/fonts/type1/public/amsfonts/cm/cmmi7.pfb><C:/
Program Files/MiKTeX 2.9/fonts/type1/public/amsfonts/cm/cmmi8.pfb><C:/Program F
iles/MiKTeX 2.9/fonts/type1/public/amsfonts/cm/cmr10.pfb><C:/Program Files/MiKT
eX 2.9/fonts/type1/public/amsfonts/cm/cmr7.pfb><C:/Program Files/MiKTeX 2.9/fon
ts/type1/public/amsfonts/cm/cmr8.pfb><C:/Program Files/MiKTeX 2.9/fonts/type1/p
ublic/amsfonts/cm/cmss10.pfb><C:/Program Files/MiKTeX 2.9/fonts/type1/public/am
sfonts/cm/cmss12.pfb><C:/Program Files/MiKTeX 2.9/fonts/type1/public/amsfonts/c
m/cmsy10.pfb><C:/Program Files/MiKTeX 2.9/fonts/type1/public/amsfonts/cm/cmsy7.
pfb><C:/Program Files/MiKTeX 2.9/fonts/type1/public/amsfonts/cm/cmsy9.pfb><C:/P
rogram Files/MiKTeX 2.9/fonts/type1/public/amsfonts/cm/cmtt10.pfb><C:/Program F
iles/MiKTeX 2.9/fonts/type1/public/amsfonts/symbols/msbm10.pfb>
Output written on informe.pdf (45 pages, 3785001 bytes).
PDF statistics:
 273 PDF objects out of 1000 (max. 8388607)
 0 named destinations out of 1000 (max. 500000)
 126 words of extra memory for PDF output out of 10000 (max. 10000000)

