10.200000
8.670000
7.369500
6.264075
5.324464
4.525794
3.846925
3.269886
2.779403
2.362493
2.008119
1.706901
1.450866
1.233236
1.048251
0.891013
0.757361
0.643757
0.547193
0.465114
0.395347
0.336045
0.285638
0.242793
0.206374
0.175418
0.149105
0.126739
0.107728
0.091569
0.077834
0.066159
0.056235
0.047800
0.040630
0.034535
0.029355
0.024952
0.021209
0.018028
0.015323
0.013025
0.011071
0.009411
0.007999
0.006799
0.005779
0.004912
0.004176
0.003549
0.003017
0.002564
0.002180
0.001853
0.001575
0.001339
0.001138
0.000967
0.000822
0.000699
0.000594
0.000505
0.000429
0.000365
0.000310
0.000264
0.000224
0.000190
0.000162
0.000138
0.000117
0.000099
0.000084
0.000072
0.000061
0.000052
0.000044
0.000037
0.000032
0.000027
0.000023
0.000020
